#
# There is insufficient memory for the Java Runtime Environment to continue.
# Native memory allocation (malloc) failed to allocate 937936 bytes for Chunk::new
# Possible reasons:
#   The system is out of physical RAM or swap space
#   The process is running with CompressedOops enabled, and the Java Heap may be blocking the growth of the native heap
# Possible solutions:
#   Reduce memory load on the system
#   Increase physical memory or swap space
#   Check if swap backing store is full
#   Decrease Java heap size (-Xmx/-Xms)
#   Decrease number of Java threads
#   Decrease Java thread stack sizes (-Xss)
#   Set larger code cache with -XX:ReservedCodeCacheSize=
#   JVM is running with Unscaled Compressed Oops mode in which the Java heap is
#     placed in the first 4GB address space. The Java Heap base address is the
#     maximum limit for the native heap growth. Please use -XX:HeapBaseMinAddress
#     to set the Java Heap base and to place the Java Heap above 4GB virtual address.
# This output file may be truncated or incomplete.
#
#  Out of Memory Error (arena.cpp:168), pid=63704, tid=41684
#
# JRE version: Java(TM) SE Runtime Environment (21.0.10+8) (build 21.0.10+8-LTS-217)
# Java VM: Java HotSpot(TM) 64-Bit Server VM (21.0.10+8-LTS-217, mixed mode, sharing, tiered, compressed oops, compressed class ptrs, g1 gc, windows-amd64)
# No core dump will be written. Minidumps are not enabled by default on client versions of Windows
#

---------------  S U M M A R Y ------------

Command Line: -XX:MaxMetaspaceSize=128m -XX:+HeapDumpOnOutOfMemoryError --add-opens=java.base/java.util=ALL-UNNAMED --add-opens=java.base/java.lang=ALL-UNNAMED --add-opens=java.base/java.lang.invoke=ALL-UNNAMED --add-opens=java.prefs/java.util.prefs=ALL-UNNAMED --add-exports=jdk.compiler/com.sun.tools.javac.api=ALL-UNNAMED --add-exports=jdk.compiler/com.sun.tools.javac.util=ALL-UNNAMED --add-opens=java.base/java.nio.charset=ALL-UNNAMED --add-opens=java.base/java.net=ALL-UNNAMED --add-opens=java.base/java.util.concurrent.atomic=ALL-UNNAMED -Xmx512M -Dfile.encoding=UTF-8 -Duser.country=US -Duser.language=en -Duser.variant -javaagent:C:\workspace\gradle-8.10\lib\agents\gradle-instrumentation-agent-8.10.jar org.gradle.launcher.daemon.bootstrap.GradleDaemon 8.10

Host: 13th Gen Intel(R) Core(TM) i5-13420H, 12 cores, 15G,  Windows 11 , 64 bit Build 26100 (10.0.26100.8521)
Time: Thu Jun 18 21:36:47 2026 Eastern Daylight Time elapsed time: 55.225976 seconds (0d 0h 0m 55s)

---------------  T H R E A D  ---------------

Current thread (0x000001defd5d7c30):  JavaThread "C2 CompilerThread0" daemon [_thread_in_native, id=41684, stack(0x00000052fd000000,0x00000052fd100000) (1024K)]


Current CompileTask:
C2:  55226 9119       4       net.fabricmc.loom.configuration.providers.minecraft.MinecraftJarMerger::add (135 bytes)

Stack: [0x00000052fd000000,0x00000052fd100000]
Native frames: (J=compiled Java code, j=interpreted, Vv=VM code, C=native code)
V  [jvm.dll+0x6d0b59]
V  [jvm.dll+0x85fd56]
V  [jvm.dll+0x86224e]
V  [jvm.dll+0x862923]
V  [jvm.dll+0x282a16]
V  [jvm.dll+0xc662d]
V  [jvm.dll+0xc6b71]
V  [jvm.dll+0x2f800e]
V  [jvm.dll+0x5fadb7]
V  [jvm.dll+0x2549d7]
V  [jvm.dll+0x254d9d]
V  [jvm.dll+0x24d3cf]
V  [jvm.dll+0x24a84e]
V  [jvm.dll+0x1cacfe]
V  [jvm.dll+0x25a629]
V  [jvm.dll+0x258bb5]
V  [jvm.dll+0x3f4da1]
V  [jvm.dll+0x80a83d]
V  [jvm.dll+0x6cf3fd]
C  [ucrtbase.dll+0x2cd30]
C  [KERNEL32.DLL+0x2e957]
C  [ntdll.dll+0x87c1c]


---------------  P R O C E S S  ---------------

Threads class SMR info:
_java_thread_list=0x000001def15b5730, length=82, elements={
0x000001deef156060, 0x000001defd5bd290, 0x000001defd5bdcf0, 0x000001defd5c3320,
0x000001defd5c4e10, 0x000001defd5c6320, 0x000001defd5cf680, 0x000001defd5d7c30,
0x000001defd5dc2d0, 0x000001defd5d0a30, 0x000001defd5d1750, 0x000001defd5d2470,
0x000001defd5ceff0, 0x000001defd5cfd10, 0x000001de9b35c850, 0x000001de9b35a0f0,
0x000001de9b35a780, 0x000001de9b35c1c0, 0x000001de9b35ae10, 0x000001de9b35cee0,
0x000001de9b35b4a0, 0x000001de9b359a60, 0x000001de9b35bb30, 0x000001de9b35dc00,
0x000001de9b35f640, 0x000001de9b35e920, 0x000001de9b361080, 0x000001de9b35e290,
0x000001de9b360360, 0x000001de9b3609f0, 0x000001de9b35fcd0, 0x000001de9b35efb0,
0x000001de9e50ac00, 0x000001de9e50bfb0, 0x000001de9e50ccd0, 0x000001de9e50f430,
0x000001de9e50fac0, 0x000001de9e5107e0, 0x000001de9e510150, 0x000001de9e50d360,
0x000001de9e510e70, 0x000001de9e50e080, 0x000001de9e50d9f0, 0x000001de9e50e710,
0x000001de9e50eda0, 0x000001de9ba591b0, 0x000001de9ba59840, 0x000001de9ba59ed0,
0x000001de9ba5abf0, 0x000001de9ba5b910, 0x000001de9ba58490, 0x000001de9ba5b280,
0x000001de9ba5a560, 0x000001de9ba5bfa0, 0x000001de9ba58b20, 0x000001de9ba5c630,
0x000001de9ba5ed90, 0x000001de9ba5ccc0, 0x000001de9ba5fab0, 0x000001de9ba5d9e0,
0x000001de9ba5d350, 0x000001de9ba5e070, 0x000001de9ba5f420, 0x000001de9ba5e700,
0x000001de9e595940, 0x000001de9e592b50, 0x000001de9e594590, 0x000001de9e593870,
0x000001de9e596cf0, 0x000001de9e597380, 0x000001de9e5952b0, 0x000001de9e599450,
0x000001de9e598dc0, 0x000001de9e597a10, 0x000001de9e5980a0, 0x000001de9e595fd0,
0x000001de9e599ae0, 0x000001de9e598730, 0x000001de9e59a170, 0x000001defd5d10c0,
0x000001defed57d80, 0x000001defed58410
}

Java Threads: ( => current thread )
  0x000001deef156060 JavaThread "main"                              [_thread_blocked, id=64328, stack(0x00000052fc200000,0x00000052fc300000) (1024K)]
  0x000001defd5bd290 JavaThread "Reference Handler"          daemon [_thread_blocked, id=65796, stack(0x00000052fca00000,0x00000052fcb00000) (1024K)]
  0x000001defd5bdcf0 JavaThread "Finalizer"                  daemon [_thread_blocked, id=66348, stack(0x00000052fcb00000,0x00000052fcc00000) (1024K)]
  0x000001defd5c3320 JavaThread "Signal Dispatcher"          daemon [_thread_blocked, id=35088, stack(0x00000052fcc00000,0x00000052fcd00000) (1024K)]
  0x000001defd5c4e10 JavaThread "Attach Listener"            daemon [_thread_blocked, id=66068, stack(0x00000052fcd00000,0x00000052fce00000) (1024K)]
  0x000001defd5c6320 JavaThread "Service Thread"             daemon [_thread_blocked, id=63824, stack(0x00000052fce00000,0x00000052fcf00000) (1024K)]
  0x000001defd5cf680 JavaThread "Monitor Deflation Thread"   daemon [_thread_blocked, id=66548, stack(0x00000052fcf00000,0x00000052fd000000) (1024K)]
=>0x000001defd5d7c30 JavaThread "C2 CompilerThread0"         daemon [_thread_in_native, id=41684, stack(0x00000052fd000000,0x00000052fd100000) (1024K)]
  0x000001defd5dc2d0 JavaThread "C1 CompilerThread0"         daemon [_thread_blocked, id=37712, stack(0x00000052fd100000,0x00000052fd200000) (1024K)]
  0x000001defd5d0a30 JavaThread "Common-Cleaner"             daemon [_thread_blocked, id=41696, stack(0x00000052fd200000,0x00000052fd300000) (1024K)]
  0x000001defd5d1750 JavaThread "Notification Thread"        daemon [_thread_blocked, id=61624, stack(0x00000052fd300000,0x00000052fd400000) (1024K)]
  0x000001defd5d2470 JavaThread "Daemon health stats"               [_thread_blocked, id=60284, stack(0x00000052fdb00000,0x00000052fdc00000) (1024K)]
  0x000001defd5ceff0 JavaThread "Incoming local TCP Connector on port 61121"        [_thread_in_native, id=51068, stack(0x00000052fdc00000,0x00000052fdd00000) (1024K)]
  0x000001defd5cfd10 JavaThread "Daemon periodic checks"            [_thread_blocked, id=66332, stack(0x00000052fdd00000,0x00000052fde00000) (1024K)]
  0x000001de9b35c850 JavaThread "Daemon"                            [_thread_blocked, id=39984, stack(0x00000052fde00000,0x00000052fdf00000) (1024K)]
  0x000001de9b35a0f0 JavaThread "Handler for socket connection from /127.0.0.1:61121 to /127.0.0.1:61122"        [_thread_in_native, id=58520, stack(0x00000052fdf00000,0x00000052fe000000) (1024K)]
  0x000001de9b35a780 JavaThread "Cancel handler"                    [_thread_blocked, id=64364, stack(0x00000052fe000000,0x00000052fe100000) (1024K)]
  0x000001de9b35c1c0 JavaThread "Daemon worker"                     [_thread_in_Java, id=62176, stack(0x00000052fe100000,0x00000052fe200000) (1024K)]
  0x000001de9b35ae10 JavaThread "Asynchronous log dispatcher for DefaultDaemonConnection: socket connection from /127.0.0.1:61121 to /127.0.0.1:61122"        [_thread_blocked, id=61608, stack(0x00000052fe200000,0x00000052fe300000) (1024K)]
  0x000001de9b35cee0 JavaThread "Stdin handler"                     [_thread_blocked, id=61636, stack(0x00000052fe300000,0x00000052fe400000) (1024K)]
  0x000001de9b35b4a0 JavaThread "Daemon client event forwarder"        [_thread_blocked, id=64876, stack(0x00000052fe400000,0x00000052fe500000) (1024K)]
  0x000001de9b359a60 JavaThread "Cache worker for journal cache (C:\Users\warda\.gradle\caches\journal-1)"        [_thread_blocked, id=60404, stack(0x00000052fe500000,0x00000052fe600000) (1024K)]
  0x000001de9b35bb30 JavaThread "File lock request listener"        [_thread_in_native, id=40260, stack(0x00000052fe600000,0x00000052fe700000) (1024K)]
  0x000001de9b35dc00 JavaThread "Cache worker for file hash cache (C:\Users\warda\.gradle\caches\8.10\fileHashes)"        [_thread_blocked, id=61588, stack(0x00000052fe700000,0x00000052fe800000) (1024K)]
  0x000001de9b35f640 JavaThread "Cache worker for file hash cache (C:\workspace\apex-client\.gradle\8.10\fileHashes)"        [_thread_blocked, id=65632, stack(0x00000052fed00000,0x00000052fee00000) (1024K)]
  0x000001de9b35e920 JavaThread "Cache worker for Build Output Cleanup Cache (C:\workspace\apex-client\.gradle\buildOutputCleanup)"        [_thread_blocked, id=64752, stack(0x00000052fee00000,0x00000052fef00000) (1024K)]
  0x000001de9b361080 JavaThread "File watcher server"        daemon [_thread_in_native, id=26952, stack(0x00000052fd400000,0x00000052fd500000) (1024K)]
  0x000001de9b35e290 JavaThread "File watcher consumer"      daemon [_thread_blocked, id=52588, stack(0x00000052fef00000,0x00000052ff000000) (1024K)]
  0x000001de9b360360 JavaThread "Cache worker for checksums cache (C:\workspace\apex-client\.gradle\8.10\checksums)"        [_thread_blocked, id=64688, stack(0x00000052ff000000,0x00000052ff100000) (1024K)]
  0x000001de9b3609f0 JavaThread "Cache worker for file content cache (C:\Users\warda\.gradle\caches\8.10\fileContent)"        [_thread_blocked, id=64816, stack(0x00000052ff100000,0x00000052ff200000) (1024K)]
  0x000001de9b35fcd0 JavaThread "Cache worker for cache directory md-rule (C:\Users\warda\.gradle\caches\8.10\md-rule)"        [_thread_blocked, id=2528, stack(0x00000052ff200000,0x00000052ff300000) (1024K)]
  0x000001de9b35efb0 JavaThread "Cache worker for cache directory md-supplier (C:\Users\warda\.gradle\caches\8.10\md-supplier)"        [_thread_blocked, id=28912, stack(0x00000052ff300000,0x00000052ff400000) (1024K)]
  0x000001de9e50ac00 JavaThread "jar transforms"                    [_thread_blocked, id=26524, stack(0x00000052ff400000,0x00000052ff500000) (1024K)]
  0x000001de9e50bfb0 JavaThread "jar transforms Thread 2"           [_thread_blocked, id=58392, stack(0x00000052ff500000,0x00000052ff600000) (1024K)]
  0x000001de9e50ccd0 JavaThread "jar transforms Thread 3"           [_thread_blocked, id=59624, stack(0x00000052ff600000,0x00000052ff700000) (1024K)]
  0x000001de9e50f430 JavaThread "Unconstrained build operations"        [_thread_blocked, id=65876, stack(0x00000052ff700000,0x00000052ff800000) (1024K)]
  0x000001de9e50fac0 JavaThread "Unconstrained build operations Thread 2"        [_thread_blocked, id=29712, stack(0x00000052ff800000,0x00000052ff900000) (1024K)]
  0x000001de9e5107e0 JavaThread "Unconstrained build operations Thread 3"        [_thread_blocked, id=21724, stack(0x00000052ff900000,0x00000052ffa00000) (1024K)]
  0x000001de9e510150 JavaThread "Unconstrained build operations Thread 4"        [_thread_blocked, id=57692, stack(0x00000052ffa00000,0x00000052ffb00000) (1024K)]
  0x000001de9e50d360 JavaThread "Unconstrained build operations Thread 5"        [_thread_blocked, id=63576, stack(0x00000052ffb00000,0x00000052ffc00000) (1024K)]
  0x000001de9e510e70 JavaThread "Unconstrained build operations Thread 6"        [_thread_blocked, id=55868, stack(0x00000052ffc00000,0x00000052ffd00000) (1024K)]
  0x000001de9e50e080 JavaThread "Unconstrained build operations Thread 7"        [_thread_blocked, id=53884, stack(0x00000052ffd00000,0x00000052ffe00000) (1024K)]
  0x000001de9e50d9f0 JavaThread "Unconstrained build operations Thread 8"        [_thread_blocked, id=60148, stack(0x00000052ffe00000,0x00000052fff00000) (1024K)]
  0x000001de9e50e710 JavaThread "Unconstrained build operations Thread 9"        [_thread_blocked, id=65884, stack(0x00000052fff00000,0x0000005300000000) (1024K)]
  0x000001de9e50eda0 JavaThread "Unconstrained build operations Thread 10"        [_thread_blocked, id=58936, stack(0x0000005280000000,0x0000005280100000) (1024K)]
  0x000001de9ba591b0 JavaThread "Unconstrained build operations Thread 11"        [_thread_blocked, id=44432, stack(0x0000005280100000,0x0000005280200000) (1024K)]
  0x000001de9ba59840 JavaThread "Unconstrained build operations Thread 12"        [_thread_blocked, id=28304, stack(0x0000005280200000,0x0000005280300000) (1024K)]
  0x000001de9ba59ed0 JavaThread "Unconstrained build operations Thread 13"        [_thread_blocked, id=60120, stack(0x0000005280300000,0x0000005280400000) (1024K)]
  0x000001de9ba5abf0 JavaThread "Unconstrained build operations Thread 14"        [_thread_blocked, id=60136, stack(0x0000005280400000,0x0000005280500000) (1024K)]
  0x000001de9ba5b910 JavaThread "Unconstrained build operations Thread 15"        [_thread_blocked, id=59844, stack(0x0000005280500000,0x0000005280600000) (1024K)]
  0x000001de9ba58490 JavaThread "Unconstrained build operations Thread 16"        [_thread_blocked, id=66124, stack(0x0000005280600000,0x0000005280700000) (1024K)]
  0x000001de9ba5b280 JavaThread "Unconstrained build operations Thread 17"        [_thread_blocked, id=51092, stack(0x0000005280700000,0x0000005280800000) (1024K)]
  0x000001de9ba5a560 JavaThread "Unconstrained build operations Thread 18"        [_thread_blocked, id=50936, stack(0x0000005280800000,0x0000005280900000) (1024K)]
  0x000001de9ba5bfa0 JavaThread "Unconstrained build operations Thread 19"        [_thread_blocked, id=16568, stack(0x0000005280900000,0x0000005280a00000) (1024K)]
  0x000001de9ba58b20 JavaThread "Unconstrained build operations Thread 20"        [_thread_blocked, id=10124, stack(0x0000005280a00000,0x0000005280b00000) (1024K)]
  0x000001de9ba5c630 JavaThread "Unconstrained build operations Thread 21"        [_thread_blocked, id=61508, stack(0x0000005280b00000,0x0000005280c00000) (1024K)]
  0x000001de9ba5ed90 JavaThread "Unconstrained build operations Thread 22"        [_thread_blocked, id=65304, stack(0x0000005280c00000,0x0000005280d00000) (1024K)]
  0x000001de9ba5ccc0 JavaThread "Unconstrained build operations Thread 23"        [_thread_blocked, id=65440, stack(0x0000005280d00000,0x0000005280e00000) (1024K)]
  0x000001de9ba5fab0 JavaThread "Unconstrained build operations Thread 24"        [_thread_blocked, id=65200, stack(0x0000005280e00000,0x0000005280f00000) (1024K)]
  0x000001de9ba5d9e0 JavaThread "Unconstrained build operations Thread 25"        [_thread_blocked, id=45656, stack(0x0000005280f00000,0x0000005281000000) (1024K)]
  0x000001de9ba5d350 JavaThread "Unconstrained build operations Thread 26"        [_thread_blocked, id=64696, stack(0x0000005281000000,0x0000005281100000) (1024K)]
  0x000001de9ba5e070 JavaThread "Unconstrained build operations Thread 27"        [_thread_blocked, id=59128, stack(0x0000005281100000,0x0000005281200000) (1024K)]
  0x000001de9ba5f420 JavaThread "Unconstrained build operations Thread 28"        [_thread_blocked, id=5824, stack(0x0000005281200000,0x0000005281300000) (1024K)]
  0x000001de9ba5e700 JavaThread "Unconstrained build operations Thread 29"        [_thread_blocked, id=26228, stack(0x0000005281300000,0x0000005281400000) (1024K)]
  0x000001de9e595940 JavaThread "Unconstrained build operations Thread 30"        [_thread_blocked, id=61192, stack(0x0000005281400000,0x0000005281500000) (1024K)]
  0x000001de9e592b50 JavaThread "Unconstrained build operations Thread 31"        [_thread_blocked, id=40856, stack(0x0000005281500000,0x0000005281600000) (1024K)]
  0x000001de9e594590 JavaThread "Unconstrained build operations Thread 32"        [_thread_blocked, id=16756, stack(0x0000005281600000,0x0000005281700000) (1024K)]
  0x000001de9e593870 JavaThread "Unconstrained build operations Thread 33"        [_thread_blocked, id=64536, stack(0x0000005281700000,0x0000005281800000) (1024K)]
  0x000001de9e596cf0 JavaThread "Memory manager"                    [_thread_blocked, id=61340, stack(0x0000005281800000,0x0000005281900000) (1024K)]
  0x000001de9e597380 JavaThread "jar transforms Thread 4"           [_thread_blocked, id=60836, stack(0x0000005281900000,0x0000005281a00000) (1024K)]
  0x000001de9e5952b0 JavaThread "HttpClient-1-SelectorManager" daemon [_thread_in_native, id=44192, stack(0x0000005281a00000,0x0000005281b00000) (1024K)]
  0x000001de9e599450 JavaThread "ForkJoinPool.commonPool-worker-1" daemon [_thread_blocked, id=65752, stack(0x0000005281b00000,0x0000005281c00000) (1024K)]
  0x000001de9e598dc0 JavaThread "ForkJoinPool.commonPool-worker-2" daemon [_thread_blocked, id=56276, stack(0x0000005281c00000,0x0000005281d00000) (1024K)]
  0x000001de9e597a10 JavaThread "ForkJoinPool.commonPool-worker-4" daemon [_thread_blocked, id=29772, stack(0x0000005281d00000,0x0000005281e00000) (1024K)]
  0x000001de9e5980a0 JavaThread "ForkJoinPool.commonPool-worker-3" daemon [_thread_blocked, id=53632, stack(0x0000005281e00000,0x0000005281f00000) (1024K)]
  0x000001de9e595fd0 JavaThread "ForkJoinPool.commonPool-worker-5" daemon [_thread_blocked, id=36252, stack(0x0000005281f00000,0x0000005282000000) (1024K)]
  0x000001de9e599ae0 JavaThread "ForkJoinPool.commonPool-worker-6" daemon [_thread_blocked, id=64032, stack(0x0000005282000000,0x0000005282100000) (1024K)]
  0x000001de9e598730 JavaThread "ForkJoinPool.commonPool-worker-7" daemon [_thread_blocked, id=33728, stack(0x0000005282100000,0x0000005282200000) (1024K)]
  0x000001de9e59a170 JavaThread "ForkJoinPool.commonPool-worker-8" daemon [_thread_blocked, id=60860, stack(0x0000005282200000,0x0000005282300000) (1024K)]
  0x000001defd5d10c0 JavaThread "ForkJoinPool.commonPool-worker-10" daemon [_thread_blocked, id=58948, stack(0x0000005282300000,0x0000005282400000) (1024K)]
  0x000001defed57d80 JavaThread "ForkJoinPool.commonPool-worker-11" daemon [_thread_blocked, id=66304, stack(0x0000005282400000,0x0000005282500000) (1024K)]
  0x000001defed58410 JavaThread "ForkJoinPool.commonPool-worker-9" daemon [_thread_blocked, id=59120, stack(0x0000005282500000,0x0000005282600000) (1024K)]
Total: 82

Other Threads:
  0x000001defd59d970 VMThread "VM Thread"                           [id=64700, stack(0x00000052fc900000,0x00000052fca00000) (1024K)]
  0x000001defd58b310 WatcherThread "VM Periodic Task Thread"        [id=66496, stack(0x00000052fc800000,0x00000052fc900000) (1024K)]
  0x000001def1525cc0 WorkerThread "GC Thread#0"                     [id=5072, stack(0x00000052fc300000,0x00000052fc400000) (1024K)]
  0x000001defe41a740 WorkerThread "GC Thread#1"                     [id=62828, stack(0x00000052fd600000,0x00000052fd700000) (1024K)]
  0x000001defe648930 WorkerThread "GC Thread#2"                     [id=64868, stack(0x00000052fd700000,0x00000052fd800000) (1024K)]
  0x000001defe6490f0 WorkerThread "GC Thread#3"                     [id=63688, stack(0x00000052fd800000,0x00000052fd900000) (1024K)]
  0x000001defe6494a0 WorkerThread "GC Thread#4"                     [id=46452, stack(0x00000052fd900000,0x00000052fda00000) (1024K)]
  0x000001defe649c50 WorkerThread "GC Thread#5"                     [id=60832, stack(0x00000052fda00000,0x00000052fdb00000) (1024K)]
  0x000001de9c119cd0 WorkerThread "GC Thread#6"                     [id=32956, stack(0x00000052fd500000,0x00000052fd600000) (1024K)]
  0x000001de9c11af40 WorkerThread "GC Thread#7"                     [id=59488, stack(0x00000052fe800000,0x00000052fe900000) (1024K)]
  0x000001de9c118a60 WorkerThread "GC Thread#8"                     [id=57520, stack(0x00000052fe900000,0x00000052fea00000) (1024K)]
  0x000001de9c11ab90 WorkerThread "GC Thread#9"                     [id=66288, stack(0x00000052fea00000,0x00000052feb00000) (1024K)]
  0x000001def152abc0 ConcurrentGCThread "G1 Main Marker"            [id=65716, stack(0x00000052fc400000,0x00000052fc500000) (1024K)]
  0x000001def152d470 WorkerThread "G1 Conc#0"                       [id=66336, stack(0x00000052fc500000,0x00000052fc600000) (1024K)]
  0x000001de9c1186b0 WorkerThread "G1 Conc#1"                       [id=63708, stack(0x00000052feb00000,0x00000052fec00000) (1024K)]
  0x000001de9c11a430 WorkerThread "G1 Conc#2"                       [id=57920, stack(0x00000052fec00000,0x00000052fed00000) (1024K)]
  0x000001defd45c650 ConcurrentGCThread "G1 Refine#0"               [id=64496, stack(0x00000052fc600000,0x00000052fc700000) (1024K)]
  0x000001defd45df90 ConcurrentGCThread "G1 Service"                [id=63848, stack(0x00000052fc700000,0x00000052fc800000) (1024K)]
Total: 18

Threads with active compile tasks:
C2 CompilerThread0    55268 9119       4       net.fabricmc.loom.configuration.providers.minecraft.MinecraftJarMerger::add (135 bytes)
Total: 1

VM state: not at safepoint (normal execution)

VM Mutex/Monitor currently owned by a thread: None

Heap address: 0x00000000e0000000, size: 512 MB, Compressed Oops mode: 32-bit

CDS archive(s) mapped at: [0x000001de8f000000-0x000001de8fc90000-0x000001de8fc90000), size 13172736, SharedBaseAddress: 0x000001de8f000000, ArchiveRelocationMode: 1.
Compressed class space mapped at: 0x000001de90000000-0x000001de97000000, reserved size: 117440512
Narrow klass base: 0x000001de8f000000, Narrow klass shift: 0, Narrow klass range: 0x100000000

GC Precious Log:
 CardTable entry size: 512
 Card Set container configuration: InlinePtr #cards 5 size 8 Array Of Cards #cards 12 size 40 Howl #buckets 4 coarsen threshold 1843 Howl Bitmap #cards 512 size 80 coarsen threshold 460 Card regions per heap region 1 cards per card region 2048
 CPUs: 12 total, 12 available
 Memory: 16071M
 Large Page Support: Disabled
 NUMA Support: Disabled
 Compressed Oops: Enabled (32-bit)
 Heap Region Size: 1M
 Heap Min Capacity: 8M
 Heap Initial Capacity: 252M
 Heap Max Capacity: 512M
 Pre-touch: Disabled
 Parallel Workers: 10
 Concurrent Workers: 3
 Concurrent Refinement Workers: 10
 Periodic GC: Disabled

Heap:
 garbage-first heap   total 296960K, used 171775K [0x00000000e0000000, 0x0000000100000000)
  region size 1024K, 2 young (2048K), 1 survivors (1024K)
 Metaspace       used 68115K, committed 70080K, reserved 180224K
  class space    used 9503K, committed 10496K, reserved 114688K

Heap Regions: E=young(eden), S=young(survivor), O=old, HS=humongous(starts), HC=humongous(continues), CS=collection set, F=free, TAMS=top-at-mark-start, PB=parsable bottom
|   0|0x00000000e0000000, 0x00000000e0100000, 0x00000000e0100000|100%|HS|  |TAMS 0x00000000e0100000| PB 0x00000000e0000000| Complete 
|   1|0x00000000e0100000, 0x00000000e0200000, 0x00000000e0200000|100%|HC|  |TAMS 0x00000000e0200000| PB 0x00000000e0100000| Complete 
|   2|0x00000000e0200000, 0x00000000e0300000, 0x00000000e0300000|100%|HC|  |TAMS 0x00000000e0300000| PB 0x00000000e0200000| Complete 
|   3|0x00000000e0300000, 0x00000000e0400000, 0x00000000e0400000|100%|HC|  |TAMS 0x00000000e0400000| PB 0x00000000e0300000| Complete 
|   4|0x00000000e0400000, 0x00000000e0500000, 0x00000000e0500000|100%| O|  |TAMS 0x00000000e0500000| PB 0x00000000e0400000| Untracked 
|   5|0x00000000e0500000, 0x00000000e0600000, 0x00000000e0600000|100%| O|  |TAMS 0x00000000e0500000| PB 0x00000000e0500000| Untracked 
|   6|0x00000000e0600000, 0x00000000e0700000, 0x00000000e0700000|100%| O|  |TAMS 0x00000000e0700000| PB 0x00000000e0600000| Untracked 
|   7|0x00000000e0700000, 0x00000000e0800000, 0x00000000e0800000|100%| O|  |TAMS 0x00000000e0800000| PB 0x00000000e0700000| Untracked 
|   8|0x00000000e0800000, 0x00000000e0900000, 0x00000000e0900000|100%| O|  |TAMS 0x00000000e0900000| PB 0x00000000e0800000| Untracked 
|   9|0x00000000e0900000, 0x00000000e0a00000, 0x00000000e0a00000|100%| O|  |TAMS 0x00000000e0a00000| PB 0x00000000e0900000| Untracked 
|  10|0x00000000e0a00000, 0x00000000e0b00000, 0x00000000e0b00000|100%| O|  |TAMS 0x00000000e0b00000| PB 0x00000000e0a00000| Untracked 
|  11|0x00000000e0b00000, 0x00000000e0c00000, 0x00000000e0c00000|100%|HS|  |TAMS 0x00000000e0c00000| PB 0x00000000e0b00000| Complete 
|  12|0x00000000e0c00000, 0x00000000e0d00000, 0x00000000e0d00000|100%| O|  |TAMS 0x00000000e0d00000| PB 0x00000000e0c00000| Untracked 
|  13|0x00000000e0d00000, 0x00000000e0e00000, 0x00000000e0e00000|100%| O|  |TAMS 0x00000000e0e00000| PB 0x00000000e0d00000| Untracked 
|  14|0x00000000e0e00000, 0x00000000e0f00000, 0x00000000e0f00000|100%| O|  |TAMS 0x00000000e0f00000| PB 0x00000000e0e00000| Untracked 
|  15|0x00000000e0f00000, 0x00000000e1000000, 0x00000000e1000000|100%| O|  |TAMS 0x00000000e1000000| PB 0x00000000e0f00000| Untracked 
|  16|0x00000000e1000000, 0x00000000e1100000, 0x00000000e1100000|100%| O|  |TAMS 0x00000000e1100000| PB 0x00000000e1000000| Untracked 
|  17|0x00000000e1100000, 0x00000000e1200000, 0x00000000e1200000|100%| O|  |TAMS 0x00000000e1200000| PB 0x00000000e1100000| Untracked 
|  18|0x00000000e1200000, 0x00000000e1300000, 0x00000000e1300000|100%| O|  |TAMS 0x00000000e1300000| PB 0x00000000e1200000| Untracked 
|  19|0x00000000e1300000, 0x00000000e1400000, 0x00000000e1400000|100%|HS|  |TAMS 0x00000000e1400000| PB 0x00000000e1300000| Complete 
|  20|0x00000000e1400000, 0x00000000e1500000, 0x00000000e1500000|100%| O|  |TAMS 0x00000000e1500000| PB 0x00000000e1400000| Untracked 
|  21|0x00000000e1500000, 0x00000000e1600000, 0x00000000e1600000|100%| O|  |TAMS 0x00000000e1600000| PB 0x00000000e1500000| Untracked 
|  22|0x00000000e1600000, 0x00000000e1700000, 0x00000000e1700000|100%| O|  |TAMS 0x00000000e1700000| PB 0x00000000e1600000| Untracked 
|  23|0x00000000e1700000, 0x00000000e1800000, 0x00000000e1800000|100%| O|  |TAMS 0x00000000e1800000| PB 0x00000000e1700000| Untracked 
|  24|0x00000000e1800000, 0x00000000e1900000, 0x00000000e1900000|100%| O|  |TAMS 0x00000000e1900000| PB 0x00000000e1800000| Untracked 
|  25|0x00000000e1900000, 0x00000000e1a00000, 0x00000000e1a00000|100%| O|  |TAMS 0x00000000e1a00000| PB 0x00000000e1900000| Updating 
|  26|0x00000000e1a00000, 0x00000000e1b00000, 0x00000000e1b00000|100%| O|  |TAMS 0x00000000e1b00000| PB 0x00000000e1a00000| Untracked 
|  27|0x00000000e1b00000, 0x00000000e1c00000, 0x00000000e1c00000|100%| O|  |TAMS 0x00000000e1c00000| PB 0x00000000e1b00000| Untracked 
|  28|0x00000000e1c00000, 0x00000000e1d00000, 0x00000000e1d00000|100%| O|  |TAMS 0x00000000e1d00000| PB 0x00000000e1c00000| Untracked 
|  29|0x00000000e1d00000, 0x00000000e1e00000, 0x00000000e1e00000|100%| O|  |TAMS 0x00000000e1e00000| PB 0x00000000e1d00000| Untracked 
|  30|0x00000000e1e00000, 0x00000000e1f00000, 0x00000000e1f00000|100%| O|  |TAMS 0x00000000e1f00000| PB 0x00000000e1e00000| Untracked 
|  31|0x00000000e1f00000, 0x00000000e2000000, 0x00000000e2000000|100%| O|  |TAMS 0x00000000e2000000| PB 0x00000000e1f00000| Updating 
|  32|0x00000000e2000000, 0x00000000e2100000, 0x00000000e2100000|100%| O|  |TAMS 0x00000000e2100000| PB 0x00000000e2000000| Untracked 
|  33|0x00000000e2100000, 0x00000000e2200000, 0x00000000e2200000|100%| O|  |TAMS 0x00000000e2200000| PB 0x00000000e2100000| Untracked 
|  34|0x00000000e2200000, 0x00000000e2300000, 0x00000000e2300000|100%| O|  |TAMS 0x00000000e2300000| PB 0x00000000e2200000| Updating 
|  35|0x00000000e2300000, 0x00000000e2400000, 0x00000000e2400000|100%|HS|  |TAMS 0x00000000e2400000| PB 0x00000000e2300000| Complete 
|  36|0x00000000e2400000, 0x00000000e2500000, 0x00000000e2500000|100%|HC|  |TAMS 0x00000000e2500000| PB 0x00000000e2400000| Complete 
|  37|0x00000000e2500000, 0x00000000e2600000, 0x00000000e2600000|100%| O|  |TAMS 0x00000000e2600000| PB 0x00000000e2500000| Untracked 
|  38|0x00000000e2600000, 0x00000000e2700000, 0x00000000e2700000|100%| O|  |TAMS 0x00000000e2700000| PB 0x00000000e2600000| Untracked 
|  39|0x00000000e2700000, 0x00000000e2800000, 0x00000000e2800000|100%| O|  |TAMS 0x00000000e2800000| PB 0x00000000e2700000| Updating 
|  40|0x00000000e2800000, 0x00000000e2900000, 0x00000000e2900000|100%| O|  |TAMS 0x00000000e2900000| PB 0x00000000e2800000| Updating 
|  41|0x00000000e2900000, 0x00000000e2a00000, 0x00000000e2a00000|100%| O|  |TAMS 0x00000000e2a00000| PB 0x00000000e2900000| Updating 
|  42|0x00000000e2a00000, 0x00000000e2b00000, 0x00000000e2b00000|100%|HS|  |TAMS 0x00000000e2b00000| PB 0x00000000e2a00000| Complete 
|  43|0x00000000e2b00000, 0x00000000e2c00000, 0x00000000e2c00000|100%|HC|  |TAMS 0x00000000e2c00000| PB 0x00000000e2b00000| Complete 
|  44|0x00000000e2c00000, 0x00000000e2d00000, 0x00000000e2d00000|100%| O|  |TAMS 0x00000000e2d00000| PB 0x00000000e2c00000| Untracked 
|  45|0x00000000e2d00000, 0x00000000e2e00000, 0x00000000e2e00000|100%| O|  |TAMS 0x00000000e2e00000| PB 0x00000000e2d00000| Untracked 
|  46|0x00000000e2e00000, 0x00000000e2f00000, 0x00000000e2f00000|100%| O|  |TAMS 0x00000000e2f00000| PB 0x00000000e2e00000| Untracked 
|  47|0x00000000e2f00000, 0x00000000e3000000, 0x00000000e3000000|100%| O|  |TAMS 0x00000000e3000000| PB 0x00000000e2f00000| Untracked 
|  48|0x00000000e3000000, 0x00000000e3100000, 0x00000000e3100000|100%| O|  |TAMS 0x00000000e3100000| PB 0x00000000e3000000| Untracked 
|  49|0x00000000e3100000, 0x00000000e3200000, 0x00000000e3200000|100%| O|  |TAMS 0x00000000e3200000| PB 0x00000000e3100000| Untracked 
|  50|0x00000000e3200000, 0x00000000e3300000, 0x00000000e3300000|100%| O|  |TAMS 0x00000000e3300000| PB 0x00000000e3200000| Untracked 
|  51|0x00000000e3300000, 0x00000000e3400000, 0x00000000e3400000|100%| O|  |TAMS 0x00000000e3400000| PB 0x00000000e3300000| Untracked 
|  52|0x00000000e3400000, 0x00000000e3500000, 0x00000000e3500000|100%| O|  |TAMS 0x00000000e3500000| PB 0x00000000e3400000| Untracked 
|  53|0x00000000e3500000, 0x00000000e3600000, 0x00000000e3600000|100%| O|  |TAMS 0x00000000e3600000| PB 0x00000000e3500000| Untracked 
|  54|0x00000000e3600000, 0x00000000e3700000, 0x00000000e3700000|100%| O|  |TAMS 0x00000000e3700000| PB 0x00000000e3600000| Untracked 
|  55|0x00000000e3700000, 0x00000000e3800000, 0x00000000e3800000|100%| O|  |TAMS 0x00000000e3800000| PB 0x00000000e3700000| Untracked 
|  56|0x00000000e3800000, 0x00000000e3900000, 0x00000000e3900000|100%| O|  |TAMS 0x00000000e3900000| PB 0x00000000e3800000| Untracked 
|  57|0x00000000e3900000, 0x00000000e3a00000, 0x00000000e3a00000|100%| O|  |TAMS 0x00000000e3a00000| PB 0x00000000e3900000| Untracked 
|  58|0x00000000e3a00000, 0x00000000e3b00000, 0x00000000e3b00000|100%| O|  |TAMS 0x00000000e3b00000| PB 0x00000000e3a00000| Untracked 
|  59|0x00000000e3b00000, 0x00000000e3c00000, 0x00000000e3c00000|100%| O|  |TAMS 0x00000000e3c00000| PB 0x00000000e3b00000| Untracked 
|  60|0x00000000e3c00000, 0x00000000e3d00000, 0x00000000e3d00000|100%| O|  |TAMS 0x00000000e3d00000| PB 0x00000000e3c00000| Untracked 
|  61|0x00000000e3d00000, 0x00000000e3e00000, 0x00000000e3e00000|100%| O|  |TAMS 0x00000000e3e00000| PB 0x00000000e3d00000| Untracked 
|  62|0x00000000e3e00000, 0x00000000e3f00000, 0x00000000e3f00000|100%| O|  |TAMS 0x00000000e3f00000| PB 0x00000000e3e00000| Untracked 
|  63|0x00000000e3f00000, 0x00000000e4000000, 0x00000000e4000000|100%| O|  |TAMS 0x00000000e4000000| PB 0x00000000e3f00000| Untracked 
|  64|0x00000000e4000000, 0x00000000e4100000, 0x00000000e4100000|100%| O|  |TAMS 0x00000000e4100000| PB 0x00000000e4000000| Updating 
|  65|0x00000000e4100000, 0x00000000e4200000, 0x00000000e4200000|100%| O|  |TAMS 0x00000000e4200000| PB 0x00000000e4100000| Untracked 
|  66|0x00000000e4200000, 0x00000000e4300000, 0x00000000e4300000|100%| O|  |TAMS 0x00000000e4300000| PB 0x00000000e4200000| Untracked 
|  67|0x00000000e4300000, 0x00000000e4400000, 0x00000000e4400000|100%| O|  |TAMS 0x00000000e4400000| PB 0x00000000e4300000| Untracked 
|  68|0x00000000e4400000, 0x00000000e4500000, 0x00000000e4500000|100%| O|  |TAMS 0x00000000e4500000| PB 0x00000000e4400000| Untracked 
|  69|0x00000000e4500000, 0x00000000e4600000, 0x00000000e4600000|100%| O|  |TAMS 0x00000000e4600000| PB 0x00000000e4500000| Untracked 
|  70|0x00000000e4600000, 0x00000000e4700000, 0x00000000e4700000|100%| O|  |TAMS 0x00000000e4700000| PB 0x00000000e4600000| Untracked 
|  71|0x00000000e4700000, 0x00000000e4800000, 0x00000000e4800000|100%| O|  |TAMS 0x00000000e4800000| PB 0x00000000e4700000| Untracked 
|  72|0x00000000e4800000, 0x00000000e4900000, 0x00000000e4900000|100%|HS|  |TAMS 0x00000000e4900000| PB 0x00000000e4800000| Complete 
|  73|0x00000000e4900000, 0x00000000e4a00000, 0x00000000e4a00000|100%| O|  |TAMS 0x00000000e4a00000| PB 0x00000000e4900000| Untracked 
|  74|0x00000000e4a00000, 0x00000000e4b00000, 0x00000000e4b00000|100%| O|  |TAMS 0x00000000e4b00000| PB 0x00000000e4a00000| Untracked 
|  75|0x00000000e4b00000, 0x00000000e4c00000, 0x00000000e4c00000|100%| O|  |TAMS 0x00000000e4c00000| PB 0x00000000e4b00000| Untracked 
|  76|0x00000000e4c00000, 0x00000000e4d00000, 0x00000000e4d00000|100%| O|  |TAMS 0x00000000e4d00000| PB 0x00000000e4c00000| Untracked 
|  77|0x00000000e4d00000, 0x00000000e4e00000, 0x00000000e4e00000|100%|HS|  |TAMS 0x00000000e4e00000| PB 0x00000000e4d00000| Complete 
|  78|0x00000000e4e00000, 0x00000000e4f00000, 0x00000000e4f00000|100%| O|  |TAMS 0x00000000e4f00000| PB 0x00000000e4e00000| Untracked 
|  79|0x00000000e4f00000, 0x00000000e5000000, 0x00000000e5000000|100%| O|  |TAMS 0x00000000e5000000| PB 0x00000000e4f00000| Untracked 
|  80|0x00000000e5000000, 0x00000000e5100000, 0x00000000e5100000|100%| O|  |TAMS 0x00000000e5100000| PB 0x00000000e5000000| Untracked 
|  81|0x00000000e5100000, 0x00000000e5200000, 0x00000000e5200000|100%| O|  |TAMS 0x00000000e5200000| PB 0x00000000e5100000| Untracked 
|  82|0x00000000e5200000, 0x00000000e5300000, 0x00000000e5300000|100%| O|  |TAMS 0x00000000e5300000| PB 0x00000000e5200000| Updating 
|  83|0x00000000e5300000, 0x00000000e5400000, 0x00000000e5400000|100%| O|  |TAMS 0x00000000e5400000| PB 0x00000000e5300000| Untracked 
|  84|0x00000000e5400000, 0x00000000e5500000, 0x00000000e5500000|100%| O|  |TAMS 0x00000000e5500000| PB 0x00000000e5400000| Untracked 
|  85|0x00000000e5500000, 0x00000000e5600000, 0x00000000e5600000|100%| O|  |TAMS 0x00000000e5500000| PB 0x00000000e5500000| Untracked 
|  86|0x00000000e5600000, 0x00000000e5700000, 0x00000000e5700000|100%| O|  |TAMS 0x00000000e5700000| PB 0x00000000e5600000| Untracked 
|  87|0x00000000e5700000, 0x00000000e5800000, 0x00000000e5800000|100%| O|  |TAMS 0x00000000e5800000| PB 0x00000000e5700000| Untracked 
|  88|0x00000000e5800000, 0x00000000e5900000, 0x00000000e5900000|100%| O|  |TAMS 0x00000000e5900000| PB 0x00000000e5800000| Untracked 
|  89|0x00000000e5900000, 0x00000000e5a00000, 0x00000000e5a00000|100%| O|  |TAMS 0x00000000e5a00000| PB 0x00000000e5900000| Untracked 
|  90|0x00000000e5a00000, 0x00000000e5b00000, 0x00000000e5b00000|100%| O|  |TAMS 0x00000000e5b00000| PB 0x00000000e5a00000| Updating 
|  91|0x00000000e5b00000, 0x00000000e5c00000, 0x00000000e5c00000|100%| O|  |TAMS 0x00000000e5c00000| PB 0x00000000e5b00000| Untracked 
|  92|0x00000000e5c00000, 0x00000000e5d00000, 0x00000000e5d00000|100%| O|  |TAMS 0x00000000e5d00000| PB 0x00000000e5c00000| Untracked 
|  93|0x00000000e5d00000, 0x00000000e5e00000, 0x00000000e5e00000|100%| O|  |TAMS 0x00000000e5e00000| PB 0x00000000e5d00000| Untracked 
|  94|0x00000000e5e00000, 0x00000000e5f00000, 0x00000000e5f00000|100%| O|  |TAMS 0x00000000e5f00000| PB 0x00000000e5e00000| Updating 
|  95|0x00000000e5f00000, 0x00000000e6000000, 0x00000000e6000000|100%| O|  |TAMS 0x00000000e6000000| PB 0x00000000e5f00000| Untracked 
|  96|0x00000000e6000000, 0x00000000e6100000, 0x00000000e6100000|100%| O|  |TAMS 0x00000000e6100000| PB 0x00000000e6000000| Untracked 
|  97|0x00000000e6100000, 0x00000000e6200000, 0x00000000e6200000|100%| O|  |TAMS 0x00000000e6200000| PB 0x00000000e6100000| Untracked 
|  98|0x00000000e6200000, 0x00000000e6300000, 0x00000000e6300000|100%| O|  |TAMS 0x00000000e6300000| PB 0x00000000e6200000| Untracked 
|  99|0x00000000e6300000, 0x00000000e6400000, 0x00000000e6400000|100%| O|  |TAMS 0x00000000e6400000| PB 0x00000000e6300000| Untracked 
| 100|0x00000000e6400000, 0x00000000e6500000, 0x00000000e6500000|100%| O|  |TAMS 0x00000000e6500000| PB 0x00000000e6400000| Untracked 
| 101|0x00000000e6500000, 0x00000000e6600000, 0x00000000e6600000|100%| O|  |TAMS 0x00000000e6600000| PB 0x00000000e6500000| Updating 
| 102|0x00000000e6600000, 0x00000000e6700000, 0x00000000e6700000|100%| O|  |TAMS 0x00000000e6700000| PB 0x00000000e6600000| Untracked 
| 103|0x00000000e6700000, 0x00000000e6800000, 0x00000000e6800000|100%| O|  |TAMS 0x00000000e6800000| PB 0x00000000e6700000| Untracked 
| 104|0x00000000e6800000, 0x00000000e6900000, 0x00000000e6900000|100%| O|  |TAMS 0x00000000e6900000| PB 0x00000000e6800000| Untracked 
| 105|0x00000000e6900000, 0x00000000e6a00000, 0x00000000e6a00000|100%| O|  |TAMS 0x00000000e6a00000| PB 0x00000000e6900000| Untracked 
| 106|0x00000000e6a00000, 0x00000000e6b00000, 0x00000000e6b00000|100%| O|  |TAMS 0x00000000e6b00000| PB 0x00000000e6a00000| Untracked 
| 107|0x00000000e6b00000, 0x00000000e6c00000, 0x00000000e6c00000|100%| O|  |TAMS 0x00000000e6c00000| PB 0x00000000e6b00000| Untracked 
| 108|0x00000000e6c00000, 0x00000000e6d00000, 0x00000000e6d00000|100%| O|  |TAMS 0x00000000e6d00000| PB 0x00000000e6c00000| Untracked 
| 109|0x00000000e6d00000, 0x00000000e6e00000, 0x00000000e6e00000|100%| O|  |TAMS 0x00000000e6e00000| PB 0x00000000e6d00000| Untracked 
| 110|0x00000000e6e00000, 0x00000000e6f00000, 0x00000000e6f00000|100%| O|  |TAMS 0x00000000e6f00000| PB 0x00000000e6e00000| Untracked 
| 111|0x00000000e6f00000, 0x00000000e7000000, 0x00000000e7000000|100%| O|  |TAMS 0x00000000e7000000| PB 0x00000000e6f00000| Untracked 
| 112|0x00000000e7000000, 0x00000000e7100000, 0x00000000e7100000|100%| O|  |TAMS 0x00000000e7100000| PB 0x00000000e7000000| Updating 
| 113|0x00000000e7100000, 0x00000000e7200000, 0x00000000e7200000|100%| O|  |TAMS 0x00000000e7200000| PB 0x00000000e7100000| Untracked 
| 114|0x00000000e7200000, 0x00000000e7300000, 0x00000000e7300000|100%| O|  |TAMS 0x00000000e7300000| PB 0x00000000e7200000| Updating 
| 115|0x00000000e7300000, 0x00000000e7400000, 0x00000000e7400000|100%| O|  |TAMS 0x00000000e7400000| PB 0x00000000e7300000| Untracked 
| 116|0x00000000e7400000, 0x00000000e7500000, 0x00000000e7500000|100%| O|  |TAMS 0x00000000e7400000| PB 0x00000000e7400000| Untracked 
| 117|0x00000000e7500000, 0x00000000e7600000, 0x00000000e7600000|100%| O|  |TAMS 0x00000000e7600000| PB 0x00000000e7500000| Untracked 
| 118|0x00000000e7600000, 0x00000000e7700000, 0x00000000e7700000|100%| O|  |TAMS 0x00000000e7700000| PB 0x00000000e7600000| Untracked 
| 119|0x00000000e7700000, 0x00000000e7800000, 0x00000000e7800000|100%| O|  |TAMS 0x00000000e7800000| PB 0x00000000e7700000| Untracked 
| 120|0x00000000e7800000, 0x00000000e7900000, 0x00000000e7900000|100%| O|  |TAMS 0x00000000e7900000| PB 0x00000000e7800000| Untracked 
| 121|0x00000000e7900000, 0x00000000e7a00000, 0x00000000e7a00000|100%| O|  |TAMS 0x00000000e7a00000| PB 0x00000000e7900000| Untracked 
| 122|0x00000000e7a00000, 0x00000000e7b00000, 0x00000000e7b00000|100%| O|  |TAMS 0x00000000e7b00000| PB 0x00000000e7a00000| Untracked 
| 123|0x00000000e7b00000, 0x00000000e7c00000, 0x00000000e7c00000|100%| O|  |TAMS 0x00000000e7c00000| PB 0x00000000e7b00000| Untracked 
| 124|0x00000000e7c00000, 0x00000000e7d00000, 0x00000000e7d00000|100%| O|  |TAMS 0x00000000e7d00000| PB 0x00000000e7c00000| Untracked 
| 125|0x00000000e7d00000, 0x00000000e7e00000, 0x00000000e7e00000|100%| O|  |TAMS 0x00000000e7e00000| PB 0x00000000e7d00000| Untracked 
| 126|0x00000000e7e00000, 0x00000000e7f00000, 0x00000000e7f00000|100%| O|  |TAMS 0x00000000e7f00000| PB 0x00000000e7e00000| Updating 
| 127|0x00000000e7f00000, 0x00000000e8000000, 0x00000000e8000000|100%| O|  |TAMS 0x00000000e8000000| PB 0x00000000e7f00000| Untracked 
| 128|0x00000000e8000000, 0x00000000e8100000, 0x00000000e8100000|100%| O|  |TAMS 0x00000000e8100000| PB 0x00000000e8000000| Untracked 
| 129|0x00000000e8100000, 0x00000000e8200000, 0x00000000e8200000|100%| O|  |TAMS 0x00000000e8200000| PB 0x00000000e8100000| Updating 
| 130|0x00000000e8200000, 0x00000000e8300000, 0x00000000e8300000|100%| O|  |TAMS 0x00000000e8300000| PB 0x00000000e8200000| Updating 
| 131|0x00000000e8300000, 0x00000000e8400000, 0x00000000e8400000|100%| O|  |TAMS 0x00000000e8400000| PB 0x00000000e8300000| Updating 
| 132|0x00000000e8400000, 0x00000000e8500000, 0x00000000e8500000|100%| O|  |TAMS 0x00000000e8500000| PB 0x00000000e8400000| Untracked 
| 133|0x00000000e8500000, 0x00000000e8600000, 0x00000000e8600000|100%| O|  |TAMS 0x00000000e8600000| PB 0x00000000e8500000| Untracked 
| 134|0x00000000e8600000, 0x00000000e8700000, 0x00000000e8700000|100%| O|  |TAMS 0x00000000e8700000| PB 0x00000000e8600000| Untracked 
| 135|0x00000000e8700000, 0x00000000e8800000, 0x00000000e8800000|100%| O|  |TAMS 0x00000000e8800000| PB 0x00000000e8700000| Untracked 
| 136|0x00000000e8800000, 0x00000000e8900000, 0x00000000e8900000|100%| O|Cm|TAMS 0x00000000e8900000| PB 0x00000000e8800000| Complete 
| 137|0x00000000e8900000, 0x00000000e8a00000, 0x00000000e8a00000|100%| O|Cm|TAMS 0x00000000e8a00000| PB 0x00000000e8900000| Complete 
| 138|0x00000000e8a00000, 0x00000000e8b00000, 0x00000000e8b00000|100%| O|  |TAMS 0x00000000e8b00000| PB 0x00000000e8a00000| Untracked 
| 139|0x00000000e8b00000, 0x00000000e8c00000, 0x00000000e8c00000|100%|HS|  |TAMS 0x00000000e8c00000| PB 0x00000000e8b00000| Complete 
| 140|0x00000000e8c00000, 0x00000000e8d00000, 0x00000000e8d00000|100%|HC|  |TAMS 0x00000000e8d00000| PB 0x00000000e8c00000| Complete 
| 141|0x00000000e8d00000, 0x00000000e8e00000, 0x00000000e8e00000|100%|HS|  |TAMS 0x00000000e8e00000| PB 0x00000000e8d00000| Complete 
| 142|0x00000000e8e00000, 0x00000000e8f00000, 0x00000000e8f00000|100%| O|  |TAMS 0x00000000e8f00000| PB 0x00000000e8e00000| Untracked 
| 143|0x00000000e8f00000, 0x00000000e9000000, 0x00000000e9000000|100%| O|  |TAMS 0x00000000e8f3d840| PB 0x00000000e8f00000| Untracked 
| 144|0x00000000e9000000, 0x00000000e9100000, 0x00000000e9100000|100%| O|  |TAMS 0x00000000e9000000| PB 0x00000000e9000000| Untracked 
| 145|0x00000000e9100000, 0x00000000e9200000, 0x00000000e9200000|100%| O|  |TAMS 0x00000000e9100000| PB 0x00000000e9100000| Untracked 
| 146|0x00000000e9200000, 0x00000000e922bb90, 0x00000000e9300000| 17%| O|  |TAMS 0x00000000e9200000| PB 0x00000000e9200000| Untracked 
| 147|0x00000000e9300000, 0x00000000e9300000, 0x00000000e9400000|  0%| F|  |TAMS 0x00000000e9300000| PB 0x00000000e9300000| Untracked 
| 148|0x00000000e9400000, 0x00000000e9400000, 0x00000000e9500000|  0%| F|  |TAMS 0x00000000e9400000| PB 0x00000000e9400000| Untracked 
| 149|0x00000000e9500000, 0x00000000e9500000, 0x00000000e9600000|  0%| F|  |TAMS 0x00000000e9500000| PB 0x00000000e9500000| Untracked 
| 150|0x00000000e9600000, 0x00000000e9700000, 0x00000000e9700000|100%| O|  |TAMS 0x00000000e9700000| PB 0x00000000e9600000| Untracked 
| 151|0x00000000e9700000, 0x00000000e9800000, 0x00000000e9800000|100%| O|Cm|TAMS 0x00000000e9800000| PB 0x00000000e9700000| Complete 
| 152|0x00000000e9800000, 0x00000000e9800000, 0x00000000e9900000|  0%| F|  |TAMS 0x00000000e9800000| PB 0x00000000e9800000| Untracked 
| 153|0x00000000e9900000, 0x00000000e9900000, 0x00000000e9a00000|  0%| F|  |TAMS 0x00000000e9900000| PB 0x00000000e9900000| Untracked 
| 154|0x00000000e9a00000, 0x00000000e9a00000, 0x00000000e9b00000|  0%| F|  |TAMS 0x00000000e9a00000| PB 0x00000000e9a00000| Untracked 
| 155|0x00000000e9b00000, 0x00000000e9b00000, 0x00000000e9c00000|  0%| F|  |TAMS 0x00000000e9b00000| PB 0x00000000e9b00000| Untracked 
| 156|0x00000000e9c00000, 0x00000000e9c00000, 0x00000000e9d00000|  0%| F|  |TAMS 0x00000000e9c00000| PB 0x00000000e9c00000| Untracked 
| 157|0x00000000e9d00000, 0x00000000e9d00000, 0x00000000e9e00000|  0%| F|  |TAMS 0x00000000e9d00000| PB 0x00000000e9d00000| Untracked 
| 158|0x00000000e9e00000, 0x00000000e9e00000, 0x00000000e9f00000|  0%| F|  |TAMS 0x00000000e9e00000| PB 0x00000000e9e00000| Untracked 
| 159|0x00000000e9f00000, 0x00000000e9f00000, 0x00000000ea000000|  0%| F|  |TAMS 0x00000000e9f00000| PB 0x00000000e9f00000| Untracked 
| 160|0x00000000ea000000, 0x00000000ea000000, 0x00000000ea100000|  0%| F|  |TAMS 0x00000000ea000000| PB 0x00000000ea000000| Untracked 
| 161|0x00000000ea100000, 0x00000000ea100000, 0x00000000ea200000|  0%| F|  |TAMS 0x00000000ea100000| PB 0x00000000ea100000| Untracked 
| 162|0x00000000ea200000, 0x00000000ea200000, 0x00000000ea300000|  0%| F|  |TAMS 0x00000000ea200000| PB 0x00000000ea200000| Untracked 
| 163|0x00000000ea300000, 0x00000000ea300000, 0x00000000ea400000|  0%| F|  |TAMS 0x00000000ea300000| PB 0x00000000ea300000| Untracked 
| 164|0x00000000ea400000, 0x00000000ea400000, 0x00000000ea500000|  0%| F|  |TAMS 0x00000000ea400000| PB 0x00000000ea400000| Untracked 
| 165|0x00000000ea500000, 0x00000000ea500000, 0x00000000ea600000|  0%| F|  |TAMS 0x00000000ea500000| PB 0x00000000ea500000| Untracked 
| 166|0x00000000ea600000, 0x00000000ea600000, 0x00000000ea700000|  0%| F|  |TAMS 0x00000000ea600000| PB 0x00000000ea600000| Untracked 
| 167|0x00000000ea700000, 0x00000000ea700000, 0x00000000ea800000|  0%| F|  |TAMS 0x00000000ea700000| PB 0x00000000ea700000| Untracked 
| 168|0x00000000ea800000, 0x00000000ea800000, 0x00000000ea900000|  0%| F|  |TAMS 0x00000000ea800000| PB 0x00000000ea800000| Untracked 
| 169|0x00000000ea900000, 0x00000000ea900000, 0x00000000eaa00000|  0%| F|  |TAMS 0x00000000ea900000| PB 0x00000000ea900000| Untracked 
| 170|0x00000000eaa00000, 0x00000000eaa00000, 0x00000000eab00000|  0%| F|  |TAMS 0x00000000eaa00000| PB 0x00000000eaa00000| Untracked 
| 171|0x00000000eab00000, 0x00000000eab00000, 0x00000000eac00000|  0%| F|  |TAMS 0x00000000eab00000| PB 0x00000000eab00000| Untracked 
| 172|0x00000000eac00000, 0x00000000eac00000, 0x00000000ead00000|  0%| F|  |TAMS 0x00000000eac00000| PB 0x00000000eac00000| Untracked 
| 173|0x00000000ead00000, 0x00000000ead00000, 0x00000000eae00000|  0%| F|  |TAMS 0x00000000ead00000| PB 0x00000000ead00000| Untracked 
| 174|0x00000000eae00000, 0x00000000eae00000, 0x00000000eaf00000|  0%| F|  |TAMS 0x00000000eae00000| PB 0x00000000eae00000| Untracked 
| 175|0x00000000eaf00000, 0x00000000eaf00000, 0x00000000eb000000|  0%| F|  |TAMS 0x00000000eaf00000| PB 0x00000000eaf00000| Untracked 
| 176|0x00000000eb000000, 0x00000000eb000000, 0x00000000eb100000|  0%| F|  |TAMS 0x00000000eb000000| PB 0x00000000eb000000| Untracked 
| 177|0x00000000eb100000, 0x00000000eb100000, 0x00000000eb200000|  0%| F|  |TAMS 0x00000000eb100000| PB 0x00000000eb100000| Untracked 
| 178|0x00000000eb200000, 0x00000000eb200000, 0x00000000eb300000|  0%| F|  |TAMS 0x00000000eb200000| PB 0x00000000eb200000| Untracked 
| 179|0x00000000eb300000, 0x00000000eb300000, 0x00000000eb400000|  0%| F|  |TAMS 0x00000000eb300000| PB 0x00000000eb300000| Untracked 
| 180|0x00000000eb400000, 0x00000000eb400000, 0x00000000eb500000|  0%| F|  |TAMS 0x00000000eb400000| PB 0x00000000eb400000| Untracked 
| 181|0x00000000eb500000, 0x00000000eb500000, 0x00000000eb600000|  0%| F|  |TAMS 0x00000000eb500000| PB 0x00000000eb500000| Untracked 
| 182|0x00000000eb600000, 0x00000000eb600000, 0x00000000eb700000|  0%| F|  |TAMS 0x00000000eb600000| PB 0x00000000eb600000| Untracked 
| 183|0x00000000eb700000, 0x00000000eb700000, 0x00000000eb800000|  0%| F|  |TAMS 0x00000000eb700000| PB 0x00000000eb700000| Untracked 
| 184|0x00000000eb800000, 0x00000000eb800000, 0x00000000eb900000|  0%| F|  |TAMS 0x00000000eb800000| PB 0x00000000eb800000| Untracked 
| 185|0x00000000eb900000, 0x00000000eb900000, 0x00000000eba00000|  0%| F|  |TAMS 0x00000000eb900000| PB 0x00000000eb900000| Untracked 
| 186|0x00000000eba00000, 0x00000000eba00000, 0x00000000ebb00000|  0%| F|  |TAMS 0x00000000eba00000| PB 0x00000000eba00000| Untracked 
| 187|0x00000000ebb00000, 0x00000000ebb00000, 0x00000000ebc00000|  0%| F|  |TAMS 0x00000000ebb00000| PB 0x00000000ebb00000| Untracked 
| 188|0x00000000ebc00000, 0x00000000ebc00000, 0x00000000ebd00000|  0%| F|  |TAMS 0x00000000ebc00000| PB 0x00000000ebc00000| Untracked 
| 189|0x00000000ebd00000, 0x00000000ebd00000, 0x00000000ebe00000|  0%| F|  |TAMS 0x00000000ebd00000| PB 0x00000000ebd00000| Untracked 
| 190|0x00000000ebe00000, 0x00000000ebe00000, 0x00000000ebf00000|  0%| F|  |TAMS 0x00000000ebe00000| PB 0x00000000ebe00000| Untracked 
| 191|0x00000000ebf00000, 0x00000000ebf00000, 0x00000000ec000000|  0%| F|  |TAMS 0x00000000ebf00000| PB 0x00000000ebf00000| Untracked 
| 192|0x00000000ec000000, 0x00000000ec000000, 0x00000000ec100000|  0%| F|  |TAMS 0x00000000ec000000| PB 0x00000000ec000000| Untracked 
| 193|0x00000000ec100000, 0x00000000ec100000, 0x00000000ec200000|  0%| F|  |TAMS 0x00000000ec100000| PB 0x00000000ec100000| Untracked 
| 194|0x00000000ec200000, 0x00000000ec200000, 0x00000000ec300000|  0%| F|  |TAMS 0x00000000ec200000| PB 0x00000000ec200000| Untracked 
| 195|0x00000000ec300000, 0x00000000ec300000, 0x00000000ec400000|  0%| F|  |TAMS 0x00000000ec300000| PB 0x00000000ec300000| Untracked 
| 196|0x00000000ec400000, 0x00000000ec400000, 0x00000000ec500000|  0%| F|  |TAMS 0x00000000ec400000| PB 0x00000000ec400000| Untracked 
| 197|0x00000000ec500000, 0x00000000ec500000, 0x00000000ec600000|  0%| F|  |TAMS 0x00000000ec500000| PB 0x00000000ec500000| Untracked 
| 198|0x00000000ec600000, 0x00000000ec600000, 0x00000000ec700000|  0%| F|  |TAMS 0x00000000ec600000| PB 0x00000000ec600000| Untracked 
| 199|0x00000000ec700000, 0x00000000ec700000, 0x00000000ec800000|  0%| F|  |TAMS 0x00000000ec700000| PB 0x00000000ec700000| Untracked 
| 200|0x00000000ec800000, 0x00000000ec800000, 0x00000000ec900000|  0%| F|  |TAMS 0x00000000ec800000| PB 0x00000000ec800000| Untracked 
| 201|0x00000000ec900000, 0x00000000ec900000, 0x00000000eca00000|  0%| F|  |TAMS 0x00000000ec900000| PB 0x00000000ec900000| Untracked 
| 202|0x00000000eca00000, 0x00000000eca00000, 0x00000000ecb00000|  0%| F|  |TAMS 0x00000000eca00000| PB 0x00000000eca00000| Untracked 
| 203|0x00000000ecb00000, 0x00000000ecb00000, 0x00000000ecc00000|  0%| F|  |TAMS 0x00000000ecb00000| PB 0x00000000ecb00000| Untracked 
| 204|0x00000000ecc00000, 0x00000000ecc00000, 0x00000000ecd00000|  0%| F|  |TAMS 0x00000000ecc00000| PB 0x00000000ecc00000| Untracked 
| 205|0x00000000ecd00000, 0x00000000ecd00000, 0x00000000ece00000|  0%| F|  |TAMS 0x00000000ecd00000| PB 0x00000000ecd00000| Untracked 
| 206|0x00000000ece00000, 0x00000000ece00000, 0x00000000ecf00000|  0%| F|  |TAMS 0x00000000ece00000| PB 0x00000000ece00000| Untracked 
| 207|0x00000000ecf00000, 0x00000000ecf00000, 0x00000000ed000000|  0%| F|  |TAMS 0x00000000ecf00000| PB 0x00000000ecf00000| Untracked 
| 208|0x00000000ed000000, 0x00000000ed000000, 0x00000000ed100000|  0%| F|  |TAMS 0x00000000ed000000| PB 0x00000000ed000000| Untracked 
| 209|0x00000000ed100000, 0x00000000ed100000, 0x00000000ed200000|  0%| F|  |TAMS 0x00000000ed100000| PB 0x00000000ed100000| Untracked 
| 210|0x00000000ed200000, 0x00000000ed200000, 0x00000000ed300000|  0%| F|  |TAMS 0x00000000ed200000| PB 0x00000000ed200000| Untracked 
| 211|0x00000000ed300000, 0x00000000ed300000, 0x00000000ed400000|  0%| F|  |TAMS 0x00000000ed300000| PB 0x00000000ed300000| Untracked 
| 212|0x00000000ed400000, 0x00000000ed400000, 0x00000000ed500000|  0%| F|  |TAMS 0x00000000ed400000| PB 0x00000000ed400000| Untracked 
| 213|0x00000000ed500000, 0x00000000ed500000, 0x00000000ed600000|  0%| F|  |TAMS 0x00000000ed500000| PB 0x00000000ed500000| Untracked 
| 214|0x00000000ed600000, 0x00000000ed600000, 0x00000000ed700000|  0%| F|  |TAMS 0x00000000ed600000| PB 0x00000000ed600000| Untracked 
| 215|0x00000000ed700000, 0x00000000ed700000, 0x00000000ed800000|  0%| F|  |TAMS 0x00000000ed700000| PB 0x00000000ed700000| Untracked 
| 216|0x00000000ed800000, 0x00000000ed800000, 0x00000000ed900000|  0%| F|  |TAMS 0x00000000ed800000| PB 0x00000000ed800000| Untracked 
| 217|0x00000000ed900000, 0x00000000ed900000, 0x00000000eda00000|  0%| F|  |TAMS 0x00000000ed900000| PB 0x00000000ed900000| Untracked 
| 218|0x00000000eda00000, 0x00000000eda00000, 0x00000000edb00000|  0%| F|  |TAMS 0x00000000eda00000| PB 0x00000000eda00000| Untracked 
| 219|0x00000000edb00000, 0x00000000edb00000, 0x00000000edc00000|  0%| F|  |TAMS 0x00000000edb00000| PB 0x00000000edb00000| Untracked 
| 220|0x00000000edc00000, 0x00000000edc00000, 0x00000000edd00000|  0%| F|  |TAMS 0x00000000edc00000| PB 0x00000000edc00000| Untracked 
| 221|0x00000000edd00000, 0x00000000edd00000, 0x00000000ede00000|  0%| F|  |TAMS 0x00000000edd00000| PB 0x00000000edd00000| Untracked 
| 222|0x00000000ede00000, 0x00000000ede00000, 0x00000000edf00000|  0%| F|  |TAMS 0x00000000ede00000| PB 0x00000000ede00000| Untracked 
| 223|0x00000000edf00000, 0x00000000edf00000, 0x00000000ee000000|  0%| F|  |TAMS 0x00000000edf00000| PB 0x00000000edf00000| Untracked 
| 224|0x00000000ee000000, 0x00000000ee000000, 0x00000000ee100000|  0%| F|  |TAMS 0x00000000ee000000| PB 0x00000000ee000000| Untracked 
| 225|0x00000000ee100000, 0x00000000ee100000, 0x00000000ee200000|  0%| F|  |TAMS 0x00000000ee100000| PB 0x00000000ee100000| Untracked 
| 226|0x00000000ee200000, 0x00000000ee200000, 0x00000000ee300000|  0%| F|  |TAMS 0x00000000ee200000| PB 0x00000000ee200000| Untracked 
| 227|0x00000000ee300000, 0x00000000ee300000, 0x00000000ee400000|  0%| F|  |TAMS 0x00000000ee300000| PB 0x00000000ee300000| Untracked 
| 228|0x00000000ee400000, 0x00000000ee400000, 0x00000000ee500000|  0%| F|  |TAMS 0x00000000ee400000| PB 0x00000000ee400000| Untracked 
| 229|0x00000000ee500000, 0x00000000ee500000, 0x00000000ee600000|  0%| F|  |TAMS 0x00000000ee500000| PB 0x00000000ee500000| Untracked 
| 230|0x00000000ee600000, 0x00000000ee600000, 0x00000000ee700000|  0%| F|  |TAMS 0x00000000ee600000| PB 0x00000000ee600000| Untracked 
| 231|0x00000000ee700000, 0x00000000ee700000, 0x00000000ee800000|  0%| F|  |TAMS 0x00000000ee700000| PB 0x00000000ee700000| Untracked 
| 232|0x00000000ee800000, 0x00000000ee800000, 0x00000000ee900000|  0%| F|  |TAMS 0x00000000ee800000| PB 0x00000000ee800000| Untracked 
| 233|0x00000000ee900000, 0x00000000ee900000, 0x00000000eea00000|  0%| F|  |TAMS 0x00000000ee900000| PB 0x00000000ee900000| Untracked 
| 234|0x00000000eea00000, 0x00000000eea00000, 0x00000000eeb00000|  0%| F|  |TAMS 0x00000000eea00000| PB 0x00000000eea00000| Untracked 
| 235|0x00000000eeb00000, 0x00000000eeb00000, 0x00000000eec00000|  0%| F|  |TAMS 0x00000000eeb00000| PB 0x00000000eeb00000| Untracked 
| 236|0x00000000eec00000, 0x00000000eec00000, 0x00000000eed00000|  0%| F|  |TAMS 0x00000000eec00000| PB 0x00000000eec00000| Untracked 
| 237|0x00000000eed00000, 0x00000000eed00000, 0x00000000eee00000|  0%| F|  |TAMS 0x00000000eed00000| PB 0x00000000eed00000| Untracked 
| 238|0x00000000eee00000, 0x00000000eee00000, 0x00000000eef00000|  0%| F|  |TAMS 0x00000000eee00000| PB 0x00000000eee00000| Untracked 
| 239|0x00000000eef00000, 0x00000000eef00000, 0x00000000ef000000|  0%| F|  |TAMS 0x00000000eef00000| PB 0x00000000eef00000| Untracked 
| 240|0x00000000ef000000, 0x00000000ef000000, 0x00000000ef100000|  0%| F|  |TAMS 0x00000000ef000000| PB 0x00000000ef000000| Untracked 
| 241|0x00000000ef100000, 0x00000000ef100000, 0x00000000ef200000|  0%| F|  |TAMS 0x00000000ef100000| PB 0x00000000ef100000| Untracked 
| 242|0x00000000ef200000, 0x00000000ef200000, 0x00000000ef300000|  0%| F|  |TAMS 0x00000000ef200000| PB 0x00000000ef200000| Untracked 
| 243|0x00000000ef300000, 0x00000000ef300000, 0x00000000ef400000|  0%| F|  |TAMS 0x00000000ef300000| PB 0x00000000ef300000| Untracked 
| 244|0x00000000ef400000, 0x00000000ef400000, 0x00000000ef500000|  0%| F|  |TAMS 0x00000000ef400000| PB 0x00000000ef400000| Untracked 
| 245|0x00000000ef500000, 0x00000000ef500000, 0x00000000ef600000|  0%| F|  |TAMS 0x00000000ef500000| PB 0x00000000ef500000| Untracked 
| 246|0x00000000ef600000, 0x00000000ef600000, 0x00000000ef700000|  0%| F|  |TAMS 0x00000000ef600000| PB 0x00000000ef600000| Untracked 
| 247|0x00000000ef700000, 0x00000000ef700000, 0x00000000ef800000|  0%| F|  |TAMS 0x00000000ef700000| PB 0x00000000ef700000| Untracked 
| 248|0x00000000ef800000, 0x00000000ef800000, 0x00000000ef900000|  0%| F|  |TAMS 0x00000000ef800000| PB 0x00000000ef800000| Untracked 
| 249|0x00000000ef900000, 0x00000000ef900000, 0x00000000efa00000|  0%| F|  |TAMS 0x00000000ef900000| PB 0x00000000ef900000| Untracked 
| 250|0x00000000efa00000, 0x00000000efa00000, 0x00000000efb00000|  0%| F|  |TAMS 0x00000000efa00000| PB 0x00000000efa00000| Untracked 
| 251|0x00000000efb00000, 0x00000000efb00000, 0x00000000efc00000|  0%| F|  |TAMS 0x00000000efb00000| PB 0x00000000efb00000| Untracked 
| 252|0x00000000efc00000, 0x00000000efc00000, 0x00000000efd00000|  0%| F|  |TAMS 0x00000000efc00000| PB 0x00000000efc00000| Untracked 
| 253|0x00000000efd00000, 0x00000000efd00000, 0x00000000efe00000|  0%| F|  |TAMS 0x00000000efd00000| PB 0x00000000efd00000| Untracked 
| 254|0x00000000efe00000, 0x00000000efe00000, 0x00000000eff00000|  0%| F|  |TAMS 0x00000000efe00000| PB 0x00000000efe00000| Untracked 
| 255|0x00000000eff00000, 0x00000000eff00000, 0x00000000f0000000|  0%| F|  |TAMS 0x00000000eff00000| PB 0x00000000eff00000| Untracked 
| 256|0x00000000f0000000, 0x00000000f0000000, 0x00000000f0100000|  0%| F|  |TAMS 0x00000000f0000000| PB 0x00000000f0000000| Untracked 
| 257|0x00000000f0100000, 0x00000000f0100000, 0x00000000f0200000|  0%| F|  |TAMS 0x00000000f0100000| PB 0x00000000f0100000| Untracked 
| 258|0x00000000f0200000, 0x00000000f0200000, 0x00000000f0300000|  0%| F|  |TAMS 0x00000000f0200000| PB 0x00000000f0200000| Untracked 
| 259|0x00000000f0300000, 0x00000000f0300000, 0x00000000f0400000|  0%| F|  |TAMS 0x00000000f0300000| PB 0x00000000f0300000| Untracked 
| 260|0x00000000f0400000, 0x00000000f0400000, 0x00000000f0500000|  0%| F|  |TAMS 0x00000000f0400000| PB 0x00000000f0400000| Untracked 
| 261|0x00000000f0500000, 0x00000000f0500000, 0x00000000f0600000|  0%| F|  |TAMS 0x00000000f0500000| PB 0x00000000f0500000| Untracked 
| 262|0x00000000f0600000, 0x00000000f0600000, 0x00000000f0700000|  0%| F|  |TAMS 0x00000000f0600000| PB 0x00000000f0600000| Untracked 
| 263|0x00000000f0700000, 0x00000000f0700000, 0x00000000f0800000|  0%| F|  |TAMS 0x00000000f0700000| PB 0x00000000f0700000| Untracked 
| 264|0x00000000f0800000, 0x00000000f0800000, 0x00000000f0900000|  0%| F|  |TAMS 0x00000000f0800000| PB 0x00000000f0800000| Untracked 
| 265|0x00000000f0900000, 0x00000000f0900000, 0x00000000f0a00000|  0%| F|  |TAMS 0x00000000f0900000| PB 0x00000000f0900000| Untracked 
| 266|0x00000000f0a00000, 0x00000000f0a00000, 0x00000000f0b00000|  0%| F|  |TAMS 0x00000000f0a00000| PB 0x00000000f0a00000| Untracked 
| 267|0x00000000f0b00000, 0x00000000f0b94320, 0x00000000f0c00000| 57%| S|CS|TAMS 0x00000000f0b00000| PB 0x00000000f0b00000| Complete 
| 268|0x00000000f0c00000, 0x00000000f0c00000, 0x00000000f0d00000|  0%| F|  |TAMS 0x00000000f0c00000| PB 0x00000000f0c00000| Untracked 
| 491|0x00000000feb00000, 0x00000000feb36090, 0x00000000fec00000| 21%| E|  |TAMS 0x00000000feb00000| PB 0x00000000feb00000| Complete 
| 492|0x00000000fec00000, 0x00000000fed00000, 0x00000000fed00000|100%| O|  |TAMS 0x00000000fec00000| PB 0x00000000fec00000| Untracked 
| 493|0x00000000fed00000, 0x00000000fee00000, 0x00000000fee00000|100%| O|  |TAMS 0x00000000fed00000| PB 0x00000000fed00000| Untracked 
| 494|0x00000000fee00000, 0x00000000fef00000, 0x00000000fef00000|100%| O|  |TAMS 0x00000000fee00000| PB 0x00000000fee00000| Untracked 
| 495|0x00000000fef00000, 0x00000000ff000000, 0x00000000ff000000|100%| O|  |TAMS 0x00000000fef00000| PB 0x00000000fef00000| Untracked 
| 496|0x00000000ff000000, 0x00000000ff100000, 0x00000000ff100000|100%| O|  |TAMS 0x00000000ff000000| PB 0x00000000ff000000| Untracked 
| 497|0x00000000ff100000, 0x00000000ff200000, 0x00000000ff200000|100%| O|  |TAMS 0x00000000ff100000| PB 0x00000000ff100000| Untracked 
| 498|0x00000000ff200000, 0x00000000ff300000, 0x00000000ff300000|100%| O|  |TAMS 0x00000000ff200000| PB 0x00000000ff200000| Untracked 
| 499|0x00000000ff300000, 0x00000000ff400000, 0x00000000ff400000|100%| E|CS|TAMS 0x00000000ff300000| PB 0x00000000ff300000| Complete 
| 500|0x00000000ff400000, 0x00000000ff500000, 0x00000000ff500000|100%| O|  |TAMS 0x00000000ff400000| PB 0x00000000ff400000| Untracked 
| 501|0x00000000ff500000, 0x00000000ff600000, 0x00000000ff600000|100%| O|  |TAMS 0x00000000ff500000| PB 0x00000000ff500000| Untracked 
| 502|0x00000000ff600000, 0x00000000ff700000, 0x00000000ff700000|100%| O|  |TAMS 0x00000000ff600000| PB 0x00000000ff600000| Untracked 
| 503|0x00000000ff700000, 0x00000000ff800000, 0x00000000ff800000|100%| O|  |TAMS 0x00000000ff700000| PB 0x00000000ff700000| Untracked 
| 504|0x00000000ff800000, 0x00000000ff900000, 0x00000000ff900000|100%| O|  |TAMS 0x00000000ff800000| PB 0x00000000ff800000| Untracked 
| 505|0x00000000ff900000, 0x00000000ffa00000, 0x00000000ffa00000|100%| O|  |TAMS 0x00000000ff900000| PB 0x00000000ff900000| Untracked 
| 506|0x00000000ffa00000, 0x00000000ffb00000, 0x00000000ffb00000|100%| O|  |TAMS 0x00000000ffa00000| PB 0x00000000ffa00000| Untracked 
| 507|0x00000000ffb00000, 0x00000000ffc00000, 0x00000000ffc00000|100%| O|  |TAMS 0x00000000ffb00000| PB 0x00000000ffb00000| Untracked 
| 508|0x00000000ffc00000, 0x00000000ffd00000, 0x00000000ffd00000|100%| O|  |TAMS 0x00000000ffc00000| PB 0x00000000ffc00000| Untracked 
| 509|0x00000000ffd00000, 0x00000000ffe00000, 0x00000000ffe00000|100%| O|  |TAMS 0x00000000ffd00000| PB 0x00000000ffd00000| Untracked 
| 510|0x00000000ffe00000, 0x00000000fff00000, 0x00000000fff00000|100%| O|  |TAMS 0x00000000ffe00000| PB 0x00000000ffe00000| Untracked 
| 511|0x00000000fff00000, 0x0000000100000000, 0x0000000100000000|100%| O|  |TAMS 0x00000000fff00000| PB 0x00000000fff00000| Untracked 

Card table byte_map: [0x000001def9ff0000,0x000001defa0f0000] _byte_map_base: 0x000001def98f0000

Marking Bits: (CMBitMap*) 0x000001def15262e0
 Bits: [0x000001defa0f0000, 0x000001defa8f0000)

Polling page: 0x000001deef400000

Metaspace:

Usage:
  Non-class:     57.24 MB used.
      Class:      9.28 MB used.
       Both:     66.52 MB used.

Virtual space:
  Non-class space:       64.00 MB reserved,      58.19 MB ( 91%) committed,  1 nodes.
      Class space:      112.00 MB reserved,      10.25 MB (  9%) committed,  1 nodes.
             Both:      176.00 MB reserved,      68.44 MB ( 39%) committed. 

Chunk freelists:
   Non-Class:  5.77 MB
       Class:  5.60 MB
        Both:  11.37 MB

MaxMetaspaceSize: 128.00 MB
CompressedClassSpaceSize: 112.00 MB
Initial GC threshold: 21.00 MB
Current GC threshold: 113.88 MB
CDS: on
 - commit_granule_bytes: 65536.
 - commit_granule_words: 8192.
 - virtual_space_node_default_size: 8388608.
 - enlarge_chunks_in_place: 1.
 - use_allocation_guard: 0.


Internal statistics:

num_allocs_failed_limit: 14.
num_arena_births: 3474.
num_arena_deaths: 4.
num_vsnodes_births: 2.
num_vsnodes_deaths: 0.
num_space_committed: 1095.
num_space_uncommitted: 0.
num_chunks_returned_to_freelist: 24.
num_chunks_taken_from_freelist: 6632.
num_chunk_merges: 11.
num_chunk_splits: 4275.
num_chunks_enlarged: 2611.
num_inconsistent_stats: 0.

CodeHeap 'non-profiled nmethods': size=120000Kb used=5378Kb max_used=5479Kb free=114621Kb
 bounds [0x000001de87ad0000, 0x000001de88040000, 0x000001de8f000000]
CodeHeap 'profiled nmethods': size=120000Kb used=13219Kb max_used=15137Kb free=106780Kb
 bounds [0x000001de80000000, 0x000001de80f00000, 0x000001de87530000]
CodeHeap 'non-nmethods': size=5760Kb used=2828Kb max_used=2927Kb free=2931Kb
 bounds [0x000001de87530000, 0x000001de87830000, 0x000001de87ad0000]
 total_blobs=8296 nmethods=7360 adapters=840
 compilation: enabled
              stopped_count=0, restarted_count=0
 full_count=0

Compilation events (20 events):
Event: 52.345 Thread 0x000001defd5d7c30 nmethod 9109 0x000001de87ffae90 code [0x000001de87ffb2a0, 0x000001de87ffdc38]
Event: 52.355 Thread 0x000001defd5d7c30 9110       4       java.lang.Throwable::<init> (34 bytes)
Event: 52.358 Thread 0x000001defd5d7c30 nmethod 9110 0x000001de87d86110 code [0x000001de87d862c0, 0x000001de87d86690]
Event: 52.766 Thread 0x000001defd5d7c30 9111       4       java.lang.String::encode8859_1 (159 bytes)
Event: 52.768 Thread 0x000001defd5d7c30 nmethod 9111 0x000001de87d85c90 code [0x000001de87d85e20, 0x000001de87d85f98]
Event: 52.768 Thread 0x000001defd5d7c30 9112       4       jdk.nio.zipfs.ZipPath::normalize (141 bytes)
Event: 52.780 Thread 0x000001defd5d7c30 nmethod 9112 0x000001de87e10d10 code [0x000001de87e10f00, 0x000001de87e114d8]
Event: 52.791 Thread 0x000001defd5d7c30 9113       4       java.nio.file.FileAlreadyExistsException::<init> (6 bytes)
Event: 52.796 Thread 0x000001defd5d7c30 nmethod 9113 0x000001de87e10210 code [0x000001de87e103e0, 0x000001de87e10ba0]
Event: 52.884 Thread 0x000001defd5d7c30 9114  s    4       jdk.nio.zipfs.ZipFileSystem$DeflatingEntryOutputStream::write (18 bytes)
Event: 52.911 Thread 0x000001defd5d7c30 nmethod 9114 0x000001de87ff8610 code [0x000001de87ff88a0, 0x000001de87ffa398]
Event: 52.912 Thread 0x000001defd5d7c30 9115       4       java.util.zip.DeflaterOutputStream::write (88 bytes)
Event: 52.935 Thread 0x000001defd5d7c30 nmethod 9115 0x000001de87ff6710 code [0x000001de87ff6980, 0x000001de87ff7d80]
Event: 52.987 Thread 0x000001defd5d7c30 9116   !   4       java.nio.file.Files::createDirectories (165 bytes)
Event: 53.078 Thread 0x000001defd5d7c30 nmethod 9116 0x000001de87ff1610 code [0x000001de87ff1b60, 0x000001de87ff4648]
Event: 53.078 Thread 0x000001defd5d7c30 9117   !   4       java.nio.file.Files::isDirectory (35 bytes)
Event: 53.093 Thread 0x000001defd5d7c30 nmethod 9117 0x000001de87ff0910 code [0x000001de87ff0b20, 0x000001de87ff11a0]
Event: 53.093 Thread 0x000001defd5d7c30 9118       4       jdk.nio.zipfs.ZipFileSystemProvider::getFileAttributeView (9 bytes)
Event: 53.096 Thread 0x000001defd5d7c30 nmethod 9118 0x000001de87ff0490 code [0x000001de87ff0640, 0x000001de87ff07c0]
Event: 53.098 Thread 0x000001defd5d7c30 9119       4       net.fabricmc.loom.configuration.providers.minecraft.MinecraftJarMerger::add (135 bytes)

GC Heap History (20 events):
Event: 39.476 GC heap after
{Heap after GC invocations=32 (full 0):
 garbage-first heap   total 193536K, used 129431K [0x00000000e0000000, 0x0000000100000000)
  region size 1024K, 7 young (7168K), 7 survivors (7168K)
 Metaspace       used 67489K, committed 69568K, reserved 180224K
  class space    used 9475K, committed 10496K, reserved 114688K
}
Event: 41.250 GC heap before
{Heap before GC invocations=32 (full 0):
 garbage-first heap   total 193536K, used 174487K [0x00000000e0000000, 0x0000000100000000)
  region size 1024K, 51 young (52224K), 7 survivors (7168K)
 Metaspace       used 67994K, committed 69952K, reserved 180224K
  class space    used 9500K, committed 10496K, reserved 114688K
}
Event: 41.258 GC heap after
{Heap after GC invocations=33 (full 0):
 garbage-first heap   total 193536K, used 135744K [0x00000000e0000000, 0x0000000100000000)
  region size 1024K, 6 young (6144K), 6 survivors (6144K)
 Metaspace       used 67994K, committed 69952K, reserved 180224K
  class space    used 9500K, committed 10496K, reserved 114688K
}
Event: 43.393 GC heap before
{Heap before GC invocations=34 (full 0):
 garbage-first heap   total 230400K, used 173632K [0x00000000e0000000, 0x0000000100000000)
  region size 1024K, 44 young (45056K), 6 survivors (6144K)
 Metaspace       used 68002K, committed 69952K, reserved 180224K
  class space    used 9500K, committed 10496K, reserved 114688K
}
Event: 43.400 GC heap after
{Heap after GC invocations=35 (full 0):
 garbage-first heap   total 230400K, used 139472K [0x00000000e0000000, 0x0000000100000000)
  region size 1024K, 5 young (5120K), 5 survivors (5120K)
 Metaspace       used 68002K, committed 69952K, reserved 180224K
  class space    used 9500K, committed 10496K, reserved 114688K
}
Event: 44.961 GC heap before
{Heap before GC invocations=35 (full 0):
 garbage-first heap   total 230400K, used 205008K [0x00000000e0000000, 0x0000000100000000)
  region size 1024K, 70 young (71680K), 5 survivors (5120K)
 Metaspace       used 68003K, committed 69952K, reserved 180224K
  class space    used 9500K, committed 10496K, reserved 114688K
}
Event: 44.967 GC heap after
{Heap after GC invocations=36 (full 0):
 garbage-first heap   total 230400K, used 144535K [0x00000000e0000000, 0x0000000100000000)
  region size 1024K, 9 young (9216K), 9 survivors (9216K)
 Metaspace       used 68003K, committed 69952K, reserved 180224K
  class space    used 9500K, committed 10496K, reserved 114688K
}
Event: 45.838 GC heap before
{Heap before GC invocations=36 (full 0):
 garbage-first heap   total 230400K, used 206999K [0x00000000e0000000, 0x0000000100000000)
  region size 1024K, 71 young (72704K), 9 survivors (9216K)
 Metaspace       used 68004K, committed 69952K, reserved 180224K
  class space    used 9500K, committed 10496K, reserved 114688K
}
Event: 45.845 GC heap after
{Heap after GC invocations=37 (full 0):
 garbage-first heap   total 230400K, used 150725K [0x00000000e0000000, 0x0000000100000000)
  region size 1024K, 7 young (7168K), 7 survivors (7168K)
 Metaspace       used 68004K, committed 69952K, reserved 180224K
  class space    used 9500K, committed 10496K, reserved 114688K
}
Event: 46.595 GC heap before
{Heap before GC invocations=38 (full 0):
 garbage-first heap   total 256000K, used 208069K [0x00000000e0000000, 0x0000000100000000)
  region size 1024K, 64 young (65536K), 7 survivors (7168K)
 Metaspace       used 68005K, committed 69952K, reserved 180224K
  class space    used 9500K, committed 10496K, reserved 114688K
}
Event: 46.600 GC heap after
{Heap after GC invocations=39 (full 0):
 garbage-first heap   total 256000K, used 155705K [0x00000000e0000000, 0x0000000100000000)
  region size 1024K, 6 young (6144K), 6 survivors (6144K)
 Metaspace       used 68005K, committed 69952K, reserved 180224K
  class space    used 9500K, committed 10496K, reserved 114688K
}
Event: 47.205 GC heap before
{Heap before GC invocations=39 (full 0):
 garbage-first heap   total 256000K, used 232505K [0x00000000e0000000, 0x0000000100000000)
  region size 1024K, 81 young (82944K), 6 survivors (6144K)
 Metaspace       used 68005K, committed 69952K, reserved 180224K
  class space    used 9500K, committed 10496K, reserved 114688K
}
Event: 47.212 GC heap after
{Heap after GC invocations=40 (full 0):
 garbage-first heap   total 256000K, used 162922K [0x00000000e0000000, 0x0000000100000000)
  region size 1024K, 11 young (11264K), 11 survivors (11264K)
 Metaspace       used 68005K, committed 69952K, reserved 180224K
  class space    used 9500K, committed 10496K, reserved 114688K
}
Event: 47.234 GC heap before
{Heap before GC invocations=40 (full 0):
 garbage-first heap   total 256000K, used 163946K [0x00000000e0000000, 0x0000000100000000)
  region size 1024K, 13 young (13312K), 11 survivors (11264K)
 Metaspace       used 68005K, committed 69952K, reserved 180224K
  class space    used 9500K, committed 10496K, reserved 114688K
}
Event: 47.239 GC heap after
{Heap after GC invocations=41 (full 0):
 garbage-first heap   total 256000K, used 164475K [0x00000000e0000000, 0x0000000100000000)
  region size 1024K, 2 young (2048K), 2 survivors (2048K)
 Metaspace       used 68005K, committed 69952K, reserved 180224K
  class space    used 9500K, committed 10496K, reserved 114688K
}
Event: 50.274 GC heap before
{Heap before GC invocations=42 (full 0):
 garbage-first heap   total 285696K, used 225915K [0x00000000e0000000, 0x0000000100000000)
  region size 1024K, 60 young (61440K), 2 survivors (2048K)
 Metaspace       used 68115K, committed 70080K, reserved 180224K
  class space    used 9503K, committed 10496K, reserved 114688K
}
Event: 50.277 GC heap after
{Heap after GC invocations=43 (full 0):
 garbage-first heap   total 285696K, used 169384K [0x00000000e0000000, 0x0000000100000000)
  region size 1024K, 4 young (4096K), 4 survivors (4096K)
 Metaspace       used 68115K, committed 70080K, reserved 180224K
  class space    used 9503K, committed 10496K, reserved 114688K
}
Event: 52.071 GC heap before
{Heap before GC invocations=43 (full 0):
 garbage-first heap   total 285696K, used 247208K [0x00000000e0000000, 0x0000000100000000)
  region size 1024K, 80 young (81920K), 4 survivors (4096K)
 Metaspace       used 68115K, committed 70080K, reserved 180224K
  class space    used 9503K, committed 10496K, reserved 114688K
}
Event: 52.074 GC heap after
{Heap after GC invocations=44 (full 0):
 garbage-first heap   total 285696K, used 170134K [0x00000000e0000000, 0x0000000100000000)
  region size 1024K, 5 young (5120K), 5 survivors (5120K)
 Metaspace       used 68115K, committed 70080K, reserved 180224K
  class space    used 9503K, committed 10496K, reserved 114688K
}
Event: 53.900 GC heap before
{Heap before GC invocations=44 (full 0):
 garbage-first heap   total 285696K, used 251030K [0x00000000e0000000, 0x0000000100000000)
  region size 1024K, 84 young (86016K), 5 survivors (5120K)
 Metaspace       used 68115K, committed 70080K, reserved 180224K
  class space    used 9503K, committed 10496K, reserved 114688K
}

Dll operation events (15 events):
Event: 0.012 Loaded shared library C:\Program Files\Java\jdk-21.0.10\bin\java.dll
Event: 0.041 Loaded shared library C:\Program Files\Java\jdk-21.0.10\bin\jsvml.dll
Event: 0.077 Loaded shared library C:\Program Files\Java\jdk-21.0.10\bin\zip.dll
Event: 0.079 Loaded shared library C:\Program Files\Java\jdk-21.0.10\bin\instrument.dll
Event: 0.084 Loaded shared library C:\Program Files\Java\jdk-21.0.10\bin\net.dll
Event: 0.087 Loaded shared library C:\Program Files\Java\jdk-21.0.10\bin\nio.dll
Event: 0.088 Loaded shared library C:\Program Files\Java\jdk-21.0.10\bin\zip.dll
Event: 0.304 Loaded shared library C:\Program Files\Java\jdk-21.0.10\bin\jimage.dll
Event: 0.405 Loaded shared library C:\Program Files\Java\jdk-21.0.10\bin\verify.dll
Event: 0.535 Loaded shared library C:\Users\warda\.gradle\native\c067742578af261105cb4f569cf0c3c89f3d7b1fecec35dd04571415982c5e48\windows-amd64\native-platform.dll
Event: 0.541 Loaded shared library C:\Users\warda\.gradle\native\100fb08df4bc3b14c8652ba06237920a3bd2aa13389f12d3474272988ae205f9\windows-amd64\native-platform-file-events.dll
Event: 1.396 Loaded shared library C:\Program Files\Java\jdk-21.0.10\bin\management.dll
Event: 1.398 Loaded shared library C:\Program Files\Java\jdk-21.0.10\bin\management_ext.dll
Event: 1.574 Loaded shared library C:\Program Files\Java\jdk-21.0.10\bin\extnet.dll
Event: 1.732 Loaded shared library C:\Program Files\Java\jdk-21.0.10\bin\sunmscapi.dll

Deoptimization events (20 events):
Event: 47.476 Thread 0x000001de9b35c1c0 DEOPT PACKING pc=0x000001de87fb378c sp=0x00000052fe1f8cf0
Event: 47.476 Thread 0x000001de9b35c1c0 DEOPT UNPACKING pc=0x000001de875846a2 sp=0x00000052fe1f8c80 mode 2
Event: 47.492 Thread 0x000001de9b35c1c0 Uncommon trap: trap_request=0xffffffde fr.pc=0x000001de87fb378c relative=0x000000000000016c
Event: 47.492 Thread 0x000001de9b35c1c0 Uncommon trap: reason=class_check action=maybe_recompile pc=0x000001de87fb378c method=jdk.nio.zipfs.ZipFileSystem$IndexNode.equals(Ljava/lang/Object;)Z @ 1 c2
Event: 47.492 Thread 0x000001de9b35c1c0 DEOPT PACKING pc=0x000001de87fb378c sp=0x00000052fe1f8e60
Event: 47.492 Thread 0x000001de9b35c1c0 DEOPT UNPACKING pc=0x000001de875846a2 sp=0x00000052fe1f8df0 mode 2
Event: 47.492 Thread 0x000001de9b35c1c0 Uncommon trap: trap_request=0xffffffde fr.pc=0x000001de87fb378c relative=0x000000000000016c
Event: 47.492 Thread 0x000001de9b35c1c0 Uncommon trap: reason=class_check action=maybe_recompile pc=0x000001de87fb378c method=jdk.nio.zipfs.ZipFileSystem$IndexNode.equals(Ljava/lang/Object;)Z @ 1 c2
Event: 47.492 Thread 0x000001de9b35c1c0 DEOPT PACKING pc=0x000001de87fb378c sp=0x00000052fe1f8da0
Event: 47.492 Thread 0x000001de9b35c1c0 DEOPT UNPACKING pc=0x000001de875846a2 sp=0x00000052fe1f8d30 mode 2
Event: 47.492 Thread 0x000001de9b35c1c0 Uncommon trap: trap_request=0xffffffde fr.pc=0x000001de87fb378c relative=0x000000000000016c
Event: 47.492 Thread 0x000001de9b35c1c0 Uncommon trap: reason=class_check action=maybe_recompile pc=0x000001de87fb378c method=jdk.nio.zipfs.ZipFileSystem$IndexNode.equals(Ljava/lang/Object;)Z @ 1 c2
Event: 47.492 Thread 0x000001de9b35c1c0 DEOPT PACKING pc=0x000001de87fb378c sp=0x00000052fe1f8d70
Event: 47.492 Thread 0x000001de9b35c1c0 DEOPT UNPACKING pc=0x000001de875846a2 sp=0x00000052fe1f8d00 mode 2
Event: 48.415 Thread 0x000001de9b35c1c0 Uncommon trap: trap_request=0xffffff45 fr.pc=0x000001de87f10814 relative=0x0000000000000d94
Event: 48.415 Thread 0x000001de9b35c1c0 Uncommon trap: reason=unstable_if action=reinterpret pc=0x000001de87f10814 method=jdk.nio.zipfs.ZipFileSystem.getFileAttributes([B)Ljdk/nio/zipfs/ZipFileAttributes; @ 30 c2
Event: 48.415 Thread 0x000001de9b35c1c0 DEOPT PACKING pc=0x000001de87f10814 sp=0x00000052fe1f8dc0
Event: 48.415 Thread 0x000001de9b35c1c0 DEOPT UNPACKING pc=0x000001de875846a2 sp=0x00000052fe1f8d90 mode 2
Event: 50.102 Thread 0x000001de9b35c1c0 DEOPT PACKING pc=0x000001de804d794b sp=0x00000052fe1f8cb0
Event: 50.102 Thread 0x000001de9b35c1c0 DEOPT UNPACKING pc=0x000001de87584e42 sp=0x00000052fe1f8198 mode 0

Classes loaded (20 events):
Event: 39.736 Loading class java/util/TreeMap$KeySpliterator
Event: 39.737 Loading class java/util/TreeMap$TreeMapSpliterator
Event: 39.737 Loading class java/util/TreeMap$TreeMapSpliterator done
Event: 39.737 Loading class java/util/TreeMap$KeySpliterator done
Event: 39.742 Loading class java/util/stream/Nodes$CollectorTask$OfRef
Event: 39.742 Loading class java/util/stream/Nodes$CollectorTask
Event: 39.742 Loading class java/util/stream/Nodes$CollectorTask done
Event: 39.742 Loading class java/util/stream/Nodes$CollectorTask$OfRef done
Event: 39.743 Loading class java/util/stream/Nodes$ConcNode
Event: 39.743 Loading class java/util/stream/Nodes$AbstractConcNode
Event: 39.743 Loading class java/util/stream/Nodes$AbstractConcNode done
Event: 39.743 Loading class java/util/stream/Nodes$ConcNode done
Event: 47.468 Loading class java/util/stream/Nodes$ToArrayTask$OfRef
Event: 47.469 Loading class java/util/stream/Nodes$ToArrayTask
Event: 47.469 Loading class java/util/stream/Nodes$ToArrayTask done
Event: 47.469 Loading class java/util/stream/Nodes$ToArrayTask$OfRef done
Event: 47.477 Loading class java/util/zip/Deflater
Event: 47.477 Loading class java/util/zip/Deflater done
Event: 47.491 Loading class java/util/zip/Deflater$DeflaterZStreamRef
Event: 47.491 Loading class java/util/zip/Deflater$DeflaterZStreamRef done

Classes unloaded (8 events):
Event: 37.551 Thread 0x000001defd59d970 Unloading class 0x000001de90754530 '_BuildScript_$_run_closure1'
Event: 37.551 Thread 0x000001defd59d970 Unloading class 0x000001de90754000 '_BuildScript_'
Event: 38.134 Thread 0x000001defd59d970 Unloading class 0x000001de90998ba0 '_BuildScript_$_run_closure3'
Event: 38.134 Thread 0x000001defd59d970 Unloading class 0x000001de909987c0 '_BuildScript_$_run_closure2'
Event: 38.134 Thread 0x000001defd59d970 Unloading class 0x000001de909983e0 '_BuildScript_$_run_closure1$_closure5'
Event: 38.134 Thread 0x000001defd59d970 Unloading class 0x000001de90998000 '_BuildScript_$_run_closure1$_closure4'
Event: 38.134 Thread 0x000001defd59d970 Unloading class 0x000001de90990400 '_BuildScript_$_run_closure1'
Event: 38.134 Thread 0x000001defd59d970 Unloading class 0x000001de90990800 '_BuildScript_'

Classes redefined (0 events):
No events

Internal exceptions (20 events):
Event: 34.399 Thread 0x000001de9b35c1c0 Exception <a 'sun/nio/fs/WindowsException'{0x00000000e845ce40}> (0x00000000e845ce40) 
thrown [s\open\src\hotspot\share\prims\jni.cpp, line 520]
Event: 35.287 Thread 0x000001de9b35c1c0 Exception <a 'java/lang/NoSuchMethodError'{0x00000000e4c04078}: method resolution failed> (0x00000000e4c04078) 
thrown [s\open\src\hotspot\share\prims\methodHandles.cpp, line 1136]
Event: 35.453 Thread 0x000001de9b35c1c0 Exception <a 'java/lang/NoSuchMethodError'{0x00000000e4b8f200}: 'long java.lang.invoke.DirectMethodHandle$Holder.invokeStatic(java.lang.Object, java.lang.Object, int)'> (0x00000000e4b8f200) 
thrown [s\open\src\hotspot\share\interpreter\linkResolver.cpp, line 773]
Event: 35.454 Thread 0x000001de9b35c1c0 Exception <a 'java/lang/NoSuchMethodError'{0x00000000e4b9af48}: 'java.lang.Object java.lang.invoke.DelegatingMethodHandle$Holder.reinvoke_L(java.lang.Object, java.lang.Object, long, java.lang.Object, java.lang.Object, long, java.lang.Object)'> (0x00000000e4b9af48) 
thrown [s\open\src\hotspot\share\interpreter\linkResolver.cpp, line 773]
Event: 35.458 Thread 0x000001de9b35c1c0 Exception <a 'java/lang/NoSuchMethodError'{0x00000000e4bac348}: 'java.lang.Object java.lang.invoke.DirectMethodHandle$Holder.newInvokeSpecial(java.lang.Object, java.lang.Object, java.lang.Object, long, java.lang.Object)'> (0x00000000e4bac348) 
thrown [s\open\src\hotspot\share\interpreter\linkResolver.cpp, line 773]
Event: 35.459 Thread 0x000001de9b35c1c0 Exception <a 'java/lang/NoSuchMethodError'{0x00000000e4bb1410}: 'java.lang.Object java.lang.invoke.DirectMethodHandle$Holder.invokeSpecial(java.lang.Object, java.lang.Object, java.lang.Object, java.lang.Object, long, java.lang.Object)'> (0x00000000e4bb1410) 
thrown [s\open\src\hotspot\share\interpreter\linkResolver.cpp, line 773]
Event: 35.459 Thread 0x000001de9b35c1c0 Exception <a 'java/lang/NoSuchMethodError'{0x00000000e4bb5cc8}: 'java.lang.Object java.lang.invoke.DelegatingMethodHandle$Holder.reinvoke_L(java.lang.Object, java.lang.Object, java.lang.Object, long, java.lang.Object)'> (0x00000000e4bb5cc8) 
thrown [s\open\src\hotspot\share\interpreter\linkResolver.cpp, line 773]
Event: 35.487 Thread 0x000001de9b35c1c0 Exception <a 'java/lang/NoSuchMethodError'{0x00000000e4bfec78}: 'java.lang.Object java.lang.invoke.DelegatingMethodHandle$Holder.reinvoke_L(java.lang.Object, java.lang.Object, java.lang.Object, java.lang.Object, int, java.lang.Object, java.lang.Object, java.lang.Object, java.lang.Object, java.lang.Object, int, java.lang.Object, java.lang.Object, java.lang.Object, java.lang.Object)'> (0x00000000e4bfec78) 
thrown [s\open\src\hotspot\share\interpreter\linkResolver.cpp, line 773]
Event: 35.646 Thread 0x000001de9e594c20 Implicit null exception at 0x000001de87ec550b to 0x000001de87ec55cc
Event: 35.646 Thread 0x000001de9e597a10 Implicit null exception at 0x000001de87ec550b to 0x000001de87ec55cc
Event: 35.678 Thread 0x000001de9b35c1c0 Implicit null exception at 0x000001de87f6cadd to 0x000001de87f6cd20
Event: 36.439 Thread 0x000001de9b35c1c0 Exception <a 'sun/nio/fs/WindowsException'{0x00000000e46c4fb0}> (0x00000000e46c4fb0) 
thrown [s\open\src\hotspot\share\prims\jni.cpp, line 520]
Event: 36.628 Thread 0x000001de9b35c1c0 Exception <a 'sun/nio/fs/WindowsException'{0x00000000e3f9b300}> (0x00000000e3f9b300) 
thrown [s\open\src\hotspot\share\prims\jni.cpp, line 520]
Event: 36.633 Thread 0x000001de9b35c1c0 Exception <a 'sun/nio/fs/WindowsException'{0x00000000e3f9cbd0}> (0x00000000e3f9cbd0) 
thrown [s\open\src\hotspot\share\prims\jni.cpp, line 520]
Event: 36.633 Thread 0x000001de9b35c1c0 Exception <a 'sun/nio/fs/WindowsException'{0x00000000e3f9f3a0}> (0x00000000e3f9f3a0) 
thrown [s\open\src\hotspot\share\prims\jni.cpp, line 520]
Event: 36.633 Thread 0x000001de9b35c1c0 Exception <a 'sun/nio/fs/WindowsException'{0x00000000e3fa09c8}> (0x00000000e3fa09c8) 
thrown [s\open\src\hotspot\share\prims\jni.cpp, line 520]
Event: 36.652 Thread 0x000001de9e598dc0 Implicit null exception at 0x000001de87ee7e8b to 0x000001de87ee7f4c
Event: 36.652 Thread 0x000001de9e5980a0 Implicit null exception at 0x000001de87d64087 to 0x000001de87d6414c
Event: 47.473 Thread 0x000001de9b35c1c0 Implicit null exception at 0x000001de87fb0629 to 0x000001de87fb0c4c
Event: 47.476 Thread 0x000001de9b35c1c0 Implicit null exception at 0x000001de87ecdd51 to 0x000001de87ece378

ZGC Phase Switch (0 events):
No events

VM Operations (20 events):
Event: 47.214 Executing VM operation: G1CollectForAllocation (G1 Evacuation Pause) done
Event: 47.221 Executing VM operation: G1TryInitiateConcMark (G1 Humongous Allocation)
Event: 47.241 Executing VM operation: G1TryInitiateConcMark (G1 Humongous Allocation) done
Event: 47.290 Executing VM operation: G1PauseRemark
Event: 47.321 Executing VM operation: G1PauseRemark done
Event: 47.342 Executing VM operation: G1PauseCleanup
Event: 47.359 Executing VM operation: G1PauseCleanup done
Event: 48.367 Executing VM operation: Cleanup
Event: 48.367 Executing VM operation: Cleanup done
Event: 49.381 Executing VM operation: Cleanup
Event: 49.381 Executing VM operation: Cleanup done
Event: 50.274 Executing VM operation: G1CollectForAllocation (G1 Evacuation Pause)
Event: 50.277 Executing VM operation: G1CollectForAllocation (G1 Evacuation Pause) done
Event: 51.286 Executing VM operation: Cleanup
Event: 51.286 Executing VM operation: Cleanup done
Event: 52.071 Executing VM operation: G1CollectForAllocation (G1 Evacuation Pause)
Event: 52.074 Executing VM operation: G1CollectForAllocation (G1 Evacuation Pause) done
Event: 53.081 Executing VM operation: Cleanup
Event: 53.081 Executing VM operation: Cleanup done
Event: 53.900 Executing VM operation: G1CollectForAllocation (G1 Evacuation Pause)

Events (20 events):
Event: 47.318 Thread 0x000001defd59d970 flushing nmethod 0x000001de87fdd110
Event: 47.318 Thread 0x000001defd59d970 flushing nmethod 0x000001de87fee590
Event: 47.318 Thread 0x000001defd59d970 flushing nmethod 0x000001de80455e90
Event: 47.318 Thread 0x000001defd59d970 flushing nmethod 0x000001de8060ef10
Event: 47.318 Thread 0x000001defd59d970 flushing nmethod 0x000001de80135e90
Event: 47.318 Thread 0x000001defd59d970 flushing nmethod 0x000001de802e3310
Event: 47.318 Thread 0x000001defd59d970 flushing nmethod 0x000001de80480610
Event: 47.318 Thread 0x000001defd59d970 flushing nmethod 0x000001de804ac790
Event: 47.318 Thread 0x000001defd59d970 flushing nmethod 0x000001de8059e290
Event: 47.318 Thread 0x000001defd59d970 flushing nmethod 0x000001de805f8810
Event: 47.318 Thread 0x000001defd59d970 flushing nmethod 0x000001de80a63d90
Event: 47.318 Thread 0x000001defd59d970 flushing nmethod 0x000001de80331390
Event: 47.318 Thread 0x000001defd59d970 flushing nmethod 0x000001de80365590
Event: 47.318 Thread 0x000001defd59d970 flushing nmethod 0x000001de80367710
Event: 47.318 Thread 0x000001defd59d970 flushing nmethod 0x000001de8036d110
Event: 47.318 Thread 0x000001defd59d970 flushing nmethod 0x000001de8038b310
Event: 47.318 Thread 0x000001defd59d970 flushing nmethod 0x000001de803bc210
Event: 47.318 Thread 0x000001defd59d970 flushing nmethod 0x000001de808bf890
Event: 47.318 Thread 0x000001defd59d970 flushing nmethod 0x000001de808c8f90
Event: 47.326 Thread 0x000001defd8d3890 Thread exited: 0x000001defd8d3890


Dynamic libraries:
0x00007ff60f8e0000 - 0x00007ff60f8f0000 	C:\Program Files\Java\jdk-21.0.10\bin\java.exe
0x00007ffbc7200000 - 0x00007ffbc7466000 	C:\Windows\SYSTEM32\ntdll.dll
0x00007ffbc5da0000 - 0x00007ffbc5e69000 	C:\Windows\System32\KERNEL32.DLL
0x00007ffbc4740000 - 0x00007ffbc4b3a000 	C:\Windows\System32\KERNELBASE.dll
0x00007ffbc45f0000 - 0x00007ffbc473c000 	C:\Windows\System32\ucrtbase.dll
0x00007ffbb2970000 - 0x00007ffbb298e000 	C:\Program Files\Java\jdk-21.0.10\bin\VCRUNTIME140.dll
0x00007ffbb4dc0000 - 0x00007ffbb4dd9000 	C:\Program Files\Java\jdk-21.0.10\bin\jli.dll
0x00007ffbc68c0000 - 0x00007ffbc6976000 	C:\Windows\System32\ADVAPI32.dll
0x00007ffbc4f70000 - 0x00007ffbc5019000 	C:\Windows\System32\msvcrt.dll
0x00007ffbc6420000 - 0x00007ffbc64ca000 	C:\Windows\System32\sechost.dll
0x00007ffbc5be0000 - 0x00007ffbc5cf8000 	C:\Windows\System32\RPCRT4.dll
0x00007ffbc66d0000 - 0x00007ffbc6897000 	C:\Windows\System32\USER32.dll
0x00007ffbc4b40000 - 0x00007ffbc4b67000 	C:\Windows\System32\win32u.dll
0x00007ffbc3720000 - 0x00007ffbc39b2000 	C:\Windows\WinSxS\amd64_microsoft.windows.common-controls_6595b64144ccf1df_6.0.26100.8521_none_3e08b75ce33403b3\COMCTL32.dll
0x00007ffbc7090000 - 0x00007ffbc70bb000 	C:\Windows\System32\GDI32.dll
0x00007ffbc4cc0000 - 0x00007ffbc4deb000 	C:\Windows\System32\gdi32full.dll
0x00007ffbc4490000 - 0x00007ffbc4533000 	C:\Windows\System32\msvcp_win.dll
0x00007ffbbaf30000 - 0x00007ffbbaf3b000 	C:\Windows\SYSTEM32\VERSION.dll
0x00007ffbc6550000 - 0x00007ffbc6582000 	C:\Windows\System32\IMM32.DLL
0x00007ffbb65a0000 - 0x00007ffbb65ac000 	C:\Program Files\Java\jdk-21.0.10\bin\vcruntime140_1.dll
0x00007ffb38370000 - 0x00007ffb383fd000 	C:\Program Files\Java\jdk-21.0.10\bin\msvcp140.dll
0x00007ffad1ee0000 - 0x00007ffad2c07000 	C:\Program Files\Java\jdk-21.0.10\bin\server\jvm.dll
0x00007ffbc6980000 - 0x00007ffbc6a00000 	C:\Windows\System32\WS2_32.dll
0x00007ffbc3cf0000 - 0x00007ffbc3d4e000 	C:\Windows\SYSTEM32\POWRPROF.dll
0x00007ffbc03f0000 - 0x00007ffbc0426000 	C:\Windows\SYSTEM32\WINMM.dll
0x00007ffbc3bc0000 - 0x00007ffbc3bd4000 	C:\Windows\SYSTEM32\UMPDC.dll
0x00007ffbc2950000 - 0x00007ffbc296b000 	C:\Windows\SYSTEM32\kernel.appcore.dll
0x00007ffbb5ae0000 - 0x00007ffbb5aea000 	C:\Program Files\Java\jdk-21.0.10\bin\jimage.dll
0x00007ffbc3d60000 - 0x00007ffbc3fa2000 	C:\Windows\SYSTEM32\DBGHELP.DLL
0x00007ffbc5840000 - 0x00007ffbc5bc3000 	C:\Windows\System32\combase.dll
0x00007ffbc65f0000 - 0x00007ffbc66c9000 	C:\Windows\System32\OLEAUT32.dll
0x00007ffbc3be0000 - 0x00007ffbc3c1b000 	C:\Windows\SYSTEM32\dbgcore.DLL
0x00007ffbc4540000 - 0x00007ffbc45e8000 	C:\Windows\System32\bcryptPrimitives.dll
0x00007ffbb5980000 - 0x00007ffbb5990000 	C:\Program Files\Java\jdk-21.0.10\bin\instrument.dll
0x00007ffbb2940000 - 0x00007ffbb2961000 	C:\Program Files\Java\jdk-21.0.10\bin\java.dll
0x00007ffbc5020000 - 0x00007ffbc57a4000 	C:\Windows\System32\SHELL32.dll
0x00007ffbc15c0000 - 0x00007ffbc1e40000 	C:\Windows\SYSTEM32\windows.storage.dll
0x00007ffbc6bf0000 - 0x00007ffbc6ce6000 	C:\Windows\System32\SHCORE.dll
0x00007ffbc5d30000 - 0x00007ffbc5d97000 	C:\Windows\System32\shlwapi.dll
0x00007ffbc43b0000 - 0x00007ffbc43d9000 	C:\Windows\SYSTEM32\profapi.dll
0x00007ffb35fb0000 - 0x00007ffb36087000 	C:\Program Files\Java\jdk-21.0.10\bin\jsvml.dll
0x00007ffbb2650000 - 0x00007ffbb2668000 	C:\Program Files\Java\jdk-21.0.10\bin\zip.dll
0x00007ffba9a00000 - 0x00007ffba9a11000 	C:\Program Files\Java\jdk-21.0.10\bin\net.dll
0x00007ffbbbb40000 - 0x00007ffbbbc69000 	C:\Windows\SYSTEM32\WINHTTP.dll
0x00007ffbc2e60000 - 0x00007ffbc2ecc000 	C:\Windows\system32\mswsock.dll
0x00007ffba51b0000 - 0x00007ffba51c6000 	C:\Program Files\Java\jdk-21.0.10\bin\nio.dll
0x00007ffbb4bc0000 - 0x00007ffbb4bd0000 	C:\Program Files\Java\jdk-21.0.10\bin\verify.dll
0x00007ffbb29a0000 - 0x00007ffbb29c7000 	C:\Users\warda\.gradle\native\c067742578af261105cb4f569cf0c3c89f3d7b1fecec35dd04571415982c5e48\windows-amd64\native-platform.dll
0x00007ffb35a90000 - 0x00007ffb35bd4000 	C:\Users\warda\.gradle\native\100fb08df4bc3b14c8652ba06237920a3bd2aa13389f12d3474272988ae205f9\windows-amd64\native-platform-file-events.dll
0x00007ffbb5940000 - 0x00007ffbb594a000 	C:\Program Files\Java\jdk-21.0.10\bin\management.dll
0x00007ffbb4cb0000 - 0x00007ffbb4cbc000 	C:\Program Files\Java\jdk-21.0.10\bin\management_ext.dll
0x00007ffbc6d80000 - 0x00007ffbc6d88000 	C:\Windows\System32\PSAPI.DLL
0x00007ffbc40d0000 - 0x00007ffbc40eb000 	C:\Windows\SYSTEM32\CRYPTSP.dll
0x00007ffbc32a0000 - 0x00007ffbc32d9000 	C:\Windows\system32\rsaenh.dll
0x00007ffbc2ed0000 - 0x00007ffbc2f03000 	C:\Windows\SYSTEM32\USERENV.dll
0x00007ffbc4380000 - 0x00007ffbc43aa000 	C:\Windows\SYSTEM32\bcrypt.dll
0x00007ffbc3290000 - 0x00007ffbc329c000 	C:\Windows\SYSTEM32\CRYPTBASE.dll
0x00007ffbc2360000 - 0x00007ffbc2393000 	C:\Windows\SYSTEM32\IPHLPAPI.DLL
0x00007ffbc6590000 - 0x00007ffbc659a000 	C:\Windows\System32\NSI.dll
0x00007ffbb3250000 - 0x00007ffbb3259000 	C:\Program Files\Java\jdk-21.0.10\bin\extnet.dll
0x00007ffba99f0000 - 0x00007ffba99fe000 	C:\Program Files\Java\jdk-21.0.10\bin\sunmscapi.dll
0x00007ffbc4df0000 - 0x00007ffbc4f68000 	C:\Windows\System32\CRYPT32.dll
0x00007ffbc35e0000 - 0x00007ffbc3610000 	C:\Windows\SYSTEM32\ncrypt.dll
0x00007ffbc3590000 - 0x00007ffbc35cf000 	C:\Windows\SYSTEM32\NTASN1.dll
0x00007ffbb97e0000 - 0x00007ffbb97e8000 	C:\Windows\system32\wshunix.dll

dbghelp: loaded successfully - version: 4.0.5 - missing functions: none
symbol engine: initialized successfully - sym options: 0x614 - pdb path: .;C:\Program Files\Java\jdk-21.0.10\bin;C:\Windows\SYSTEM32;C:\Windows\WinSxS\amd64_microsoft.windows.common-controls_6595b64144ccf1df_6.0.26100.8521_none_3e08b75ce33403b3;C:\Program Files\Java\jdk-21.0.10\bin\server;C:\Users\warda\.gradle\native\c067742578af261105cb4f569cf0c3c89f3d7b1fecec35dd04571415982c5e48\windows-amd64;C:\Users\warda\.gradle\native\100fb08df4bc3b14c8652ba06237920a3bd2aa13389f12d3474272988ae205f9\windows-amd64

VM Arguments:
jvm_args: -XX:MaxMetaspaceSize=128m -XX:+HeapDumpOnOutOfMemoryError --add-opens=java.base/java.util=ALL-UNNAMED --add-opens=java.base/java.lang=ALL-UNNAMED --add-opens=java.base/java.lang.invoke=ALL-UNNAMED --add-opens=java.prefs/java.util.prefs=ALL-UNNAMED --add-exports=jdk.compiler/com.sun.tools.javac.api=ALL-UNNAMED --add-exports=jdk.compiler/com.sun.tools.javac.util=ALL-UNNAMED --add-opens=java.base/java.nio.charset=ALL-UNNAMED --add-opens=java.base/java.net=ALL-UNNAMED --add-opens=java.base/java.util.concurrent.atomic=ALL-UNNAMED -Xmx512M -Dfile.encoding=UTF-8 -Duser.country=US -Duser.language=en -Duser.variant -javaagent:C:\workspace\gradle-8.10\lib\agents\gradle-instrumentation-agent-8.10.jar 
java_command: org.gradle.launcher.daemon.bootstrap.GradleDaemon 8.10
java_class_path (initial): C:\workspace\gradle-8.10\lib\gradle-daemon-main-8.10.jar
Launcher Type: SUN_STANDARD

[Global flags]
     intx CICompilerCount                          = 4                                         {product} {ergonomic}
   size_t CompressedClassSpaceSize                 = 117440512                                 {product} {ergonomic}
     uint ConcGCThreads                            = 3                                         {product} {ergonomic}
     uint G1ConcRefinementThreads                  = 10                                        {product} {ergonomic}
   size_t G1HeapRegionSize                         = 1048576                                   {product} {ergonomic}
    uintx GCDrainStackTargetSize                   = 64                                        {product} {ergonomic}
     bool HeapDumpOnOutOfMemoryError               = true                                   {manageable} {command line}
   size_t InitialHeapSize                          = 264241152                                 {product} {ergonomic}
   size_t MarkStackSize                            = 4194304                                   {product} {ergonomic}
   size_t MaxHeapSize                              = 536870912                                 {product} {command line}
   size_t MaxMetaspaceSize                         = 134217728                                 {product} {command line}
   size_t MaxNewSize                               = 321912832                                 {product} {ergonomic}
   size_t MinHeapDeltaBytes                        = 1048576                                   {product} {ergonomic}
   size_t MinHeapSize                              = 8388608                                   {product} {ergonomic}
    uintx NonNMethodCodeHeapSize                   = 5839372                                {pd product} {ergonomic}
    uintx NonProfiledCodeHeapSize                  = 122909434                              {pd product} {ergonomic}
    uintx ProfiledCodeHeapSize                     = 122909434                              {pd product} {ergonomic}
    uintx ReservedCodeCacheSize                    = 251658240                              {pd product} {ergonomic}
     bool SegmentedCodeCache                       = true                                      {product} {ergonomic}
   size_t SoftMaxHeapSize                          = 536870912                              {manageable} {ergonomic}
     bool UseCompressedOops                        = true                           {product lp64_product} {ergonomic}
     bool UseG1GC                                  = true                                      {product} {ergonomic}
     bool UseLargePagesIndividualAllocation        = false                                  {pd product} {ergonomic}

Logging:
Log output configuration:
 #0: stdout all=warning uptime,level,tags foldmultilines=false
 #1: stderr all=off uptime,level,tags foldmultilines=false

Environment Variables:
CLASSPATH=C:\workspace\gradle-8.10\lib\gradle-gradle-cli-main-8.10.jar
PATH=C:\Program Files\Google\Chrome\Application;C:\Program Files\Common Files\Oracle\Java\javapath;C:\Windows\system32;C:\Windows;C:\Windows\System32\Wbem;C:\Windows\System32\WindowsPowerShell\v1.0\;C:\Windows\System32\OpenSSH\;C:\Program Files (x86)\NVIDIA Corporation\PhysX\Common;C:\Program Files\NVIDIA Corporation\NVIDIA App\NvDLISR;C:\Users\warda\AppData\Local\Microsoft\WindowsApps;
USERNAME=warda
OS=Windows_NT
PROCESSOR_IDENTIFIER=Intel64 Family 6 Model 186 Stepping 2, GenuineIntel
TMP=C:\Users\warda\AppData\Local\Temp
TEMP=C:\Users\warda\AppData\Local\Temp




Periodic native trim disabled

---------------  S Y S T E M  ---------------

OS:
 Windows 11 , 64 bit Build 26100 (10.0.26100.8521)
OS uptime: 4 days 5:54 hours
Hyper-V role detected

CPU: total 12 (initial active 12) (6 cores per cpu, 2 threads per core) family 6 model 186 stepping 2 microcode 0x5105, cx8, cmov, fxsr, ht, mmx, 3dnowpref, sse, sse2, sse3, ssse3, sse4.1, sse4.2, popcnt, lzcnt, tsc, tscinvbit, avx, avx2, aes, erms, clmul, bmi1, bmi2, adx, sha, fma, vzeroupper, clflush, clflushopt, clwb, hv, serialize, rdtscp, rdpid, fsrm, f16c, cet_ibt, cet_ss
Processor Information for processor 0
  Max Mhz: 2100, Current Mhz: 2100, Mhz Limit: 2100
Processor Information for processor 1
  Max Mhz: 2100, Current Mhz: 2100, Mhz Limit: 2100
Processor Information for processor 2
  Max Mhz: 2100, Current Mhz: 2100, Mhz Limit: 2100
Processor Information for processor 3
  Max Mhz: 2100, Current Mhz: 2100, Mhz Limit: 2100
Processor Information for processor 4
  Max Mhz: 2100, Current Mhz: 2100, Mhz Limit: 2100
Processor Information for processor 5
  Max Mhz: 2100, Current Mhz: 2100, Mhz Limit: 2100
Processor Information for processor 6
  Max Mhz: 2100, Current Mhz: 2100, Mhz Limit: 2100
Processor Information for processor 7
  Max Mhz: 2100, Current Mhz: 2100, Mhz Limit: 2100
Processor Information for processor 8
  Max Mhz: 2100, Current Mhz: 1540, Mhz Limit: 2100
Processor Information for processor 9
  Max Mhz: 2100, Current Mhz: 1540, Mhz Limit: 2100
Processor Information for processor 10
  Max Mhz: 2100, Current Mhz: 1540, Mhz Limit: 2100
Processor Information for processor 11
  Max Mhz: 2100, Current Mhz: 1540, Mhz Limit: 2100

Memory: 4k page, system-wide physical 16071M (698M free)
TotalPageFile size 65223M (AvailPageFile size 101M)
current process WorkingSet (physical memory assigned to process): 497M, peak: 519M
current process commit charge ("private bytes"): 551M, peak: 570M

vm_info: Java HotSpot(TM) 64-Bit Server VM (21.0.10+8-LTS-217) for windows-amd64 JRE (21.0.10+8-LTS-217), built on 2025-12-18T14:59:28Z by "mach5run" with MS VC++ 17.13 (VS2022)

END.
