#
# There is insufficient memory for the Java Runtime Environment to continue.
# Native memory allocation (malloc) failed to allocate 1397936 bytes for Chunk::new
# Possible reasons:
#   The system is out of physical RAM or swap space
#   The process is running with CompressedOops enabled, and the Java Heap may be blocking the growth of the native heap
# Possible solutions:
#   Reduce memory load on the system
#   Increase physical memory or swap space
#   Check if swap backing store is full
#   Decrease Java heap size (-Xmx/-Xms)
#   Decrease number of Java threads
#   Decrease Java thread stack sizes (-Xss)
#   Set larger code cache with -XX:ReservedCodeCacheSize=
#   JVM is running with Unscaled Compressed Oops mode in which the Java heap is
#     placed in the first 4GB address space. The Java Heap base address is the
#     maximum limit for the native heap growth. Please use -XX:HeapBaseMinAddress
#     to set the Java Heap base and to place the Java Heap above 4GB virtual address.
# This output file may be truncated or incomplete.
#
#  Out of Memory Error (arena.cpp:168), pid=64400, tid=53336
#
# JRE version: Java(TM) SE Runtime Environment (21.0.10+8) (build 21.0.10+8-LTS-217)
# Java VM: Java HotSpot(TM) 64-Bit Server VM (21.0.10+8-LTS-217, mixed mode, sharing, tiered, compressed oops, compressed class ptrs, g1 gc, windows-amd64)
# No core dump will be written. Minidumps are not enabled by default on client versions of Windows
#

---------------  S U M M A R Y ------------

Command Line: --add-opens=java.base/java.util=ALL-UNNAMED --add-opens=java.base/java.lang=ALL-UNNAMED --add-opens=java.base/java.lang.invoke=ALL-UNNAMED --add-opens=java.prefs/java.util.prefs=ALL-UNNAMED --add-exports=jdk.compiler/com.sun.tools.javac.api=ALL-UNNAMED --add-exports=jdk.compiler/com.sun.tools.javac.util=ALL-UNNAMED --add-opens=java.base/java.nio.charset=ALL-UNNAMED --add-opens=java.base/java.net=ALL-UNNAMED --add-opens=java.base/java.util.concurrent.atomic=ALL-UNNAMED -XX:MaxMetaspaceSize=384m -XX:+HeapDumpOnOutOfMemoryError -Xms256m -Xmx512m -Dfile.encoding=UTF-8 -Duser.country=US -Duser.language=en -Duser.variant -javaagent:C:\workspace\gradle-8.10\lib\agents\gradle-instrumentation-agent-8.10.jar org.gradle.launcher.daemon.bootstrap.GradleDaemon 8.10

Host: 13th Gen Intel(R) Core(TM) i5-13420H, 12 cores, 15G,  Windows 11 , 64 bit Build 26100 (10.0.26100.8521)
Time: Thu Jun 18 21:19:13 2026 Eastern Daylight Time elapsed time: 15.834391 seconds (0d 0h 0m 15s)

---------------  T H R E A D  ---------------

Current thread (0x000001e69e899350):  JavaThread "C2 CompilerThread0" daemon [_thread_in_native, id=53336, stack(0x00000068a4800000,0x00000068a4900000) (1024K)]


Current CompileTask:
C2:  15834 7850 %     4       org.objectweb.asm.ClassReader::readCode @ 92 (5117 bytes)

Stack: [0x00000068a4800000,0x00000068a4900000]
Native frames: (J=compiled Java code, j=interpreted, Vv=VM code, C=native code)
V  [jvm.dll+0x6d0b59]
V  [jvm.dll+0x85fd56]
V  [jvm.dll+0x86224e]
V  [jvm.dll+0x862923]
V  [jvm.dll+0x282a16]
V  [jvm.dll+0xc662d]
V  [jvm.dll+0xc6b71]
V  [jvm.dll+0x2f800e]
V  [jvm.dll+0x5fadb7]
V  [jvm.dll+0x2549d7]
V  [jvm.dll+0x254d9d]
V  [jvm.dll+0x24d3cf]
V  [jvm.dll+0x24a84e]
V  [jvm.dll+0x1cacfe]
V  [jvm.dll+0x25a629]
V  [jvm.dll+0x258bb5]
V  [jvm.dll+0x3f4da1]
V  [jvm.dll+0x80a83d]
V  [jvm.dll+0x6cf3fd]
C  [ucrtbase.dll+0x2cd30]
C  [KERNEL32.DLL+0x2e957]
C  [ntdll.dll+0x87c1c]


---------------  P R O C E S S  ---------------

Threads class SMR info:
_java_thread_list=0x000001e69e595a20, length=84, elements={
0x000001e6814d82e0, 0x000001e69e8849b0, 0x000001e69e885020, 0x000001e69e76bcd0,
0x000001e69e76cd60, 0x000001e69e76d500, 0x000001e69e76e4b0, 0x000001e69e899350,
0x000001e69e897310, 0x000001e69eaabb70, 0x000001e69eb5d3d0, 0x000001e6b9639520,
0x000001e6b963bc80, 0x000001e6b9639bb0, 0x000001e6b963c9a0, 0x000001e6b963a240,
0x000001e6b963af60, 0x000001e6b963b5f0, 0x000001e6b992dbc0, 0x000001e6b992d530,
0x000001e6b992c810, 0x000001e6b992e250, 0x000001e6b992cea0, 0x000001e6b992b460,
0x000001e6b992add0, 0x000001e6b992e8e0, 0x000001e6b992f600, 0x000001e6b992ef70,
0x000001e6b992c180, 0x000001e6b99316d0, 0x000001e6b9930320, 0x000001e6b992fc90,
0x000001e6b9931d60, 0x000001e6b9931040, 0x000001e6b9e8f5b0, 0x000001e6b9e91680,
0x000001e6b9e8e200, 0x000001e6b9e90ff0, 0x000001e6b9e8ef20, 0x000001e6b9e92a30,
0x000001e6b9e90960, 0x000001e6b9e923a0, 0x000001e6b9e902d0, 0x000001e6b9e91d10,
0x000001e6b9e930c0, 0x000001e6b9e8fc40, 0x000001e6b9e93750, 0x000001e6b9e95820,
0x000001e6b9e93de0, 0x000001e6b9e94470, 0x000001e6b9e94b00, 0x000001e6b9e95190,
0x000001e6bac0ce50, 0x000001e6bac0ad80, 0x000001e6bac0b410, 0x000001e6bac0a6f0,
0x000001e6bac0baa0, 0x000001e6bac0c130, 0x000001e6bac0c7c0, 0x000001e6bac0d4e0,
0x000001e6bac0a060, 0x000001e6bac0ef20, 0x000001e6bac0db70, 0x000001e6bac10960,
0x000001e6bac0f5b0, 0x000001e6bac0e890, 0x000001e6bac102d0, 0x000001e6bac10ff0,
0x000001e6bac11680, 0x000001e6bac0fc40, 0x000001e6bac0e200, 0x000001e6bb8765c0,
0x000001e6bccb2850, 0x000001e6bccb00f0, 0x000001e6bccb2ee0, 0x000001e6bccb0780,
0x000001e6bccb3570, 0x000001e6bccb3c00, 0x000001e6bccb1b30, 0x000001e6bccb4290,
0x000001e6bccb4920, 0x000001e6bccb14a0, 0x000001e6bccb4fb0, 0x000001e6b950b7b0
}

Java Threads: ( => current thread )
  0x000001e6814d82e0 JavaThread "main"                              [_thread_blocked, id=59716, stack(0x00000068a3a00000,0x00000068a3b00000) (1024K)]
  0x000001e69e8849b0 JavaThread "Reference Handler"          daemon [_thread_blocked, id=63020, stack(0x00000068a4200000,0x00000068a4300000) (1024K)]
  0x000001e69e885020 JavaThread "Finalizer"                  daemon [_thread_blocked, id=65100, stack(0x00000068a4300000,0x00000068a4400000) (1024K)]
  0x000001e69e76bcd0 JavaThread "Signal Dispatcher"          daemon [_thread_blocked, id=36268, stack(0x00000068a4400000,0x00000068a4500000) (1024K)]
  0x000001e69e76cd60 JavaThread "Attach Listener"            daemon [_thread_blocked, id=35188, stack(0x00000068a4500000,0x00000068a4600000) (1024K)]
  0x000001e69e76d500 JavaThread "Service Thread"             daemon [_thread_blocked, id=65152, stack(0x00000068a4600000,0x00000068a4700000) (1024K)]
  0x000001e69e76e4b0 JavaThread "Monitor Deflation Thread"   daemon [_thread_blocked, id=56088, stack(0x00000068a4700000,0x00000068a4800000) (1024K)]
=>0x000001e69e899350 JavaThread "C2 CompilerThread0"         daemon [_thread_in_native, id=53336, stack(0x00000068a4800000,0x00000068a4900000) (1024K)]
  0x000001e69e897310 JavaThread "C1 CompilerThread0"         daemon [_thread_blocked, id=61188, stack(0x00000068a4900000,0x00000068a4a00000) (1024K)]
  0x000001e69eaabb70 JavaThread "Common-Cleaner"             daemon [_thread_blocked, id=44432, stack(0x00000068a4a00000,0x00000068a4b00000) (1024K)]
  0x000001e69eb5d3d0 JavaThread "Notification Thread"        daemon [_thread_blocked, id=60440, stack(0x00000068a4b00000,0x00000068a4c00000) (1024K)]
  0x000001e6b9639520 JavaThread "Daemon health stats"               [_thread_blocked, id=42256, stack(0x00000068a4d00000,0x00000068a4e00000) (1024K)]
  0x000001e6b963bc80 JavaThread "Incoming local TCP Connector on port 54164"        [_thread_in_native, id=59308, stack(0x00000068a5300000,0x00000068a5400000) (1024K)]
  0x000001e6b9639bb0 JavaThread "Daemon periodic checks"            [_thread_blocked, id=64908, stack(0x00000068a5400000,0x00000068a5500000) (1024K)]
  0x000001e6b963c9a0 JavaThread "Daemon"                            [_thread_blocked, id=38940, stack(0x00000068a5500000,0x00000068a5600000) (1024K)]
  0x000001e6b963a240 JavaThread "Handler for socket connection from /127.0.0.1:54164 to /127.0.0.1:54165"        [_thread_in_native, id=64588, stack(0x00000068a5600000,0x00000068a5700000) (1024K)]
  0x000001e6b963af60 JavaThread "Cancel handler"                    [_thread_blocked, id=64592, stack(0x00000068a5700000,0x00000068a5800000) (1024K)]
  0x000001e6b963b5f0 JavaThread "Daemon worker"                     [_thread_in_Java, id=65320, stack(0x00000068a5800000,0x00000068a5900000) (1024K)]
  0x000001e6b992dbc0 JavaThread "Asynchronous log dispatcher for DefaultDaemonConnection: socket connection from /127.0.0.1:54164 to /127.0.0.1:54165"        [_thread_blocked, id=62712, stack(0x00000068a5900000,0x00000068a5a00000) (1024K)]
  0x000001e6b992d530 JavaThread "Stdin handler"                     [_thread_blocked, id=64644, stack(0x00000068a5a00000,0x00000068a5b00000) (1024K)]
  0x000001e6b992c810 JavaThread "Daemon client event forwarder"        [_thread_blocked, id=16756, stack(0x00000068a5b00000,0x00000068a5c00000) (1024K)]
  0x000001e6b992e250 JavaThread "Cache worker for journal cache (C:\Users\warda\.gradle\caches\journal-1)"        [_thread_blocked, id=47428, stack(0x00000068a5c00000,0x00000068a5d00000) (1024K)]
  0x000001e6b992cea0 JavaThread "File lock request listener"        [_thread_in_native, id=19620, stack(0x00000068a5d00000,0x00000068a5e00000) (1024K)]
  0x000001e6b992b460 JavaThread "Cache worker for file hash cache (C:\Users\warda\.gradle\caches\8.10\fileHashes)"        [_thread_blocked, id=65200, stack(0x00000068a5e00000,0x00000068a5f00000) (1024K)]
  0x000001e6b992add0 JavaThread "Cache worker for file hash cache (C:\workspace\apex-client\.gradle\8.10\fileHashes)"        [_thread_blocked, id=54192, stack(0x00000068a6500000,0x00000068a6600000) (1024K)]
  0x000001e6b992e8e0 JavaThread "Cache worker for Build Output Cleanup Cache (C:\workspace\apex-client\.gradle\buildOutputCleanup)"        [_thread_blocked, id=62112, stack(0x00000068a6600000,0x00000068a6700000) (1024K)]
  0x000001e6b992f600 JavaThread "File watcher server"        daemon [_thread_in_native, id=64948, stack(0x00000068a6700000,0x00000068a6800000) (1024K)]
  0x000001e6b992ef70 JavaThread "File watcher consumer"      daemon [_thread_blocked, id=7880, stack(0x00000068a6800000,0x00000068a6900000) (1024K)]
  0x000001e6b992c180 JavaThread "Cache worker for checksums cache (C:\workspace\apex-client\.gradle\8.10\checksums)"        [_thread_blocked, id=30912, stack(0x00000068a6900000,0x00000068a6a00000) (1024K)]
  0x000001e6b99316d0 JavaThread "Cache worker for file content cache (C:\Users\warda\.gradle\caches\8.10\fileContent)"        [_thread_blocked, id=5072, stack(0x00000068a6a00000,0x00000068a6b00000) (1024K)]
  0x000001e6b9930320 JavaThread "Cache worker for cache directory md-rule (C:\Users\warda\.gradle\caches\8.10\md-rule)"        [_thread_blocked, id=60564, stack(0x00000068a6b00000,0x00000068a6c00000) (1024K)]
  0x000001e6b992fc90 JavaThread "Cache worker for cache directory md-supplier (C:\Users\warda\.gradle\caches\8.10\md-supplier)"        [_thread_blocked, id=64188, stack(0x00000068a6c00000,0x00000068a6d00000) (1024K)]
  0x000001e6b9931d60 JavaThread "jar transforms"                    [_thread_blocked, id=40356, stack(0x00000068a6e00000,0x00000068a6f00000) (1024K)]
  0x000001e6b9931040 JavaThread "jar transforms Thread 2"           [_thread_blocked, id=62352, stack(0x00000068a6f00000,0x00000068a7000000) (1024K)]
  0x000001e6b9e8f5b0 JavaThread "jar transforms Thread 3"           [_thread_blocked, id=55460, stack(0x00000068a6d00000,0x00000068a6e00000) (1024K)]
  0x000001e6b9e91680 JavaThread "Unconstrained build operations"        [_thread_blocked, id=60128, stack(0x00000068a7000000,0x00000068a7100000) (1024K)]
  0x000001e6b9e8e200 JavaThread "Unconstrained build operations Thread 2"        [_thread_blocked, id=63572, stack(0x00000068a7100000,0x00000068a7200000) (1024K)]
  0x000001e6b9e90ff0 JavaThread "Unconstrained build operations Thread 3"        [_thread_blocked, id=56188, stack(0x00000068a7200000,0x00000068a7300000) (1024K)]
  0x000001e6b9e8ef20 JavaThread "Unconstrained build operations Thread 4"        [_thread_blocked, id=56276, stack(0x00000068a7300000,0x00000068a7400000) (1024K)]
  0x000001e6b9e92a30 JavaThread "Unconstrained build operations Thread 5"        [_thread_blocked, id=56964, stack(0x00000068a7400000,0x00000068a7500000) (1024K)]
  0x000001e6b9e90960 JavaThread "Unconstrained build operations Thread 6"        [_thread_blocked, id=35708, stack(0x00000068a7500000,0x00000068a7600000) (1024K)]
  0x000001e6b9e923a0 JavaThread "Unconstrained build operations Thread 7"        [_thread_blocked, id=53884, stack(0x00000068a7600000,0x00000068a7700000) (1024K)]
  0x000001e6b9e902d0 JavaThread "Unconstrained build operations Thread 8"        [_thread_blocked, id=61312, stack(0x00000068a7700000,0x00000068a7800000) (1024K)]
  0x000001e6b9e91d10 JavaThread "Unconstrained build operations Thread 9"        [_thread_blocked, id=2528, stack(0x00000068a7800000,0x00000068a7900000) (1024K)]
  0x000001e6b9e930c0 JavaThread "Unconstrained build operations Thread 10"        [_thread_blocked, id=23784, stack(0x00000068a7900000,0x00000068a7a00000) (1024K)]
  0x000001e6b9e8fc40 JavaThread "Unconstrained build operations Thread 11"        [_thread_blocked, id=24340, stack(0x00000068a7a00000,0x00000068a7b00000) (1024K)]
  0x000001e6b9e93750 JavaThread "Unconstrained build operations Thread 12"        [_thread_blocked, id=64880, stack(0x00000068a7b00000,0x00000068a7c00000) (1024K)]
  0x000001e6b9e95820 JavaThread "Unconstrained build operations Thread 13"        [_thread_blocked, id=53644, stack(0x00000068a7c00000,0x00000068a7d00000) (1024K)]
  0x000001e6b9e93de0 JavaThread "Unconstrained build operations Thread 14"        [_thread_blocked, id=63820, stack(0x00000068a7d00000,0x00000068a7e00000) (1024K)]
  0x000001e6b9e94470 JavaThread "Unconstrained build operations Thread 15"        [_thread_blocked, id=64568, stack(0x00000068a7e00000,0x00000068a7f00000) (1024K)]
  0x000001e6b9e94b00 JavaThread "Unconstrained build operations Thread 16"        [_thread_blocked, id=57504, stack(0x00000068a7f00000,0x00000068a8000000) (1024K)]
  0x000001e6b9e95190 JavaThread "Unconstrained build operations Thread 17"        [_thread_blocked, id=64168, stack(0x00000068a8000000,0x00000068a8100000) (1024K)]
  0x000001e6bac0ce50 JavaThread "Unconstrained build operations Thread 18"        [_thread_blocked, id=65416, stack(0x00000068a8100000,0x00000068a8200000) (1024K)]
  0x000001e6bac0ad80 JavaThread "Unconstrained build operations Thread 19"        [_thread_blocked, id=64536, stack(0x00000068a8200000,0x00000068a8300000) (1024K)]
  0x000001e6bac0b410 JavaThread "Unconstrained build operations Thread 20"        [_thread_blocked, id=9764, stack(0x00000068a8300000,0x00000068a8400000) (1024K)]
  0x000001e6bac0a6f0 JavaThread "Unconstrained build operations Thread 21"        [_thread_blocked, id=50972, stack(0x00000068a8400000,0x00000068a8500000) (1024K)]
  0x000001e6bac0baa0 JavaThread "Unconstrained build operations Thread 22"        [_thread_blocked, id=10244, stack(0x00000068a8500000,0x00000068a8600000) (1024K)]
  0x000001e6bac0c130 JavaThread "Unconstrained build operations Thread 23"        [_thread_blocked, id=65296, stack(0x00000068a8700000,0x00000068a8800000) (1024K)]
  0x000001e6bac0c7c0 JavaThread "Unconstrained build operations Thread 24"        [_thread_blocked, id=62104, stack(0x00000068a8800000,0x00000068a8900000) (1024K)]
  0x000001e6bac0d4e0 JavaThread "Unconstrained build operations Thread 25"        [_thread_blocked, id=63704, stack(0x00000068a8900000,0x00000068a8a00000) (1024K)]
  0x000001e6bac0a060 JavaThread "Unconstrained build operations Thread 26"        [_thread_blocked, id=64032, stack(0x00000068a8a00000,0x00000068a8b00000) (1024K)]
  0x000001e6bac0ef20 JavaThread "Unconstrained build operations Thread 27"        [_thread_blocked, id=25316, stack(0x00000068a8b00000,0x00000068a8c00000) (1024K)]
  0x000001e6bac0db70 JavaThread "Unconstrained build operations Thread 28"        [_thread_blocked, id=64092, stack(0x00000068a8c00000,0x00000068a8d00000) (1024K)]
  0x000001e6bac10960 JavaThread "Unconstrained build operations Thread 29"        [_thread_blocked, id=44828, stack(0x00000068a8d00000,0x00000068a8e00000) (1024K)]
  0x000001e6bac0f5b0 JavaThread "Unconstrained build operations Thread 30"        [_thread_blocked, id=64008, stack(0x00000068a8e00000,0x00000068a8f00000) (1024K)]
  0x000001e6bac0e890 JavaThread "Unconstrained build operations Thread 31"        [_thread_blocked, id=63648, stack(0x00000068a8f00000,0x00000068a9000000) (1024K)]
  0x000001e6bac102d0 JavaThread "Unconstrained build operations Thread 32"        [_thread_blocked, id=65232, stack(0x00000068a9000000,0x00000068a9100000) (1024K)]
  0x000001e6bac10ff0 JavaThread "Unconstrained build operations Thread 33"        [_thread_blocked, id=18012, stack(0x00000068a9100000,0x00000068a9200000) (1024K)]
  0x000001e6bac11680 JavaThread "Memory manager"                    [_thread_blocked, id=65372, stack(0x00000068a9200000,0x00000068a9300000) (1024K)]
  0x000001e6bac0fc40 JavaThread "jar transforms Thread 4"           [_thread_blocked, id=64076, stack(0x00000068a9300000,0x00000068a9400000) (1024K)]
  0x000001e6bac0e200 JavaThread "HttpClient-1-SelectorManager" daemon [_thread_in_native, id=65220, stack(0x00000068a4c00000,0x00000068a4d00000) (1024K)]
  0x000001e6bb8765c0 JavaThread "C2 CompilerThread1"         daemon [_thread_in_native, id=53508, stack(0x00000068a8600000,0x00000068a8700000) (1024K)]
  0x000001e6bccb2850 JavaThread "ForkJoinPool.commonPool-worker-1" daemon [_thread_in_Java, id=15484, stack(0x00000068a9400000,0x00000068a9500000) (1024K)]
  0x000001e6bccb00f0 JavaThread "ForkJoinPool.commonPool-worker-2" daemon [_thread_in_vm, id=64216, stack(0x00000068a9500000,0x00000068a9600000) (1024K)]
  0x000001e6bccb2ee0 JavaThread "ForkJoinPool.commonPool-worker-3" daemon [_thread_in_Java, id=45796, stack(0x00000068a9600000,0x00000068a9700000) (1024K)]
  0x000001e6bccb0780 JavaThread "ForkJoinPool.commonPool-worker-4" daemon [_thread_blocked, id=61720, stack(0x00000068a9700000,0x00000068a9800000) (1024K)]
  0x000001e6bccb3570 JavaThread "ForkJoinPool.commonPool-worker-5" daemon [_thread_in_Java, id=56244, stack(0x00000068a9800000,0x00000068a9900000) (1024K)]
  0x000001e6bccb3c00 JavaThread "ForkJoinPool.commonPool-worker-6" daemon [_thread_in_Java, id=37656, stack(0x00000068a9900000,0x00000068a9a00000) (1024K)]
  0x000001e6bccb1b30 JavaThread "ForkJoinPool.commonPool-worker-7" daemon [_thread_in_Java, id=47548, stack(0x00000068a9a00000,0x00000068a9b00000) (1024K)]
  0x000001e6bccb4290 JavaThread "ForkJoinPool.commonPool-worker-9" daemon [_thread_in_Java, id=64364, stack(0x00000068a9b00000,0x00000068a9c00000) (1024K)]
  0x000001e6bccb4920 JavaThread "ForkJoinPool.commonPool-worker-8" daemon [_thread_in_Java, id=64572, stack(0x00000068a9c00000,0x00000068a9d00000) (1024K)]
  0x000001e6bccb14a0 JavaThread "ForkJoinPool.commonPool-worker-11" daemon [_thread_in_Java, id=64636, stack(0x00000068a9d00000,0x00000068a9e00000) (1024K)]
  0x000001e6bccb4fb0 JavaThread "ForkJoinPool.commonPool-worker-10" daemon [_thread_in_Java, id=64804, stack(0x00000068a9e00000,0x00000068a9f00000) (1024K)]
  0x000001e6b950b7b0 JavaThread "C2 CompilerThread2"         daemon [_thread_in_native, id=65412, stack(0x00000068a9f00000,0x00000068aa000000) (1024K)]
Total: 84

Other Threads:
  0x000001e69e7508b0 VMThread "VM Thread"                           [id=2924, stack(0x00000068a4100000,0x00000068a4200000) (1024K)]
  0x000001e69e742a70 WatcherThread "VM Periodic Task Thread"        [id=64124, stack(0x00000068a4000000,0x00000068a4100000) (1024K)]
  0x000001e683705c10 WorkerThread "GC Thread#0"                     [id=63796, stack(0x00000068a3b00000,0x00000068a3c00000) (1024K)]
  0x000001e6b8cee400 WorkerThread "GC Thread#1"                     [id=64472, stack(0x00000068a4e00000,0x00000068a4f00000) (1024K)]
  0x000001e6b8cee7b0 WorkerThread "GC Thread#2"                     [id=34656, stack(0x00000068a4f00000,0x00000068a5000000) (1024K)]
  0x000001e6b88b0bc0 WorkerThread "GC Thread#3"                     [id=4964, stack(0x00000068a5000000,0x00000068a5100000) (1024K)]
  0x000001e6b88b0f70 WorkerThread "GC Thread#4"                     [id=30772, stack(0x00000068a5100000,0x00000068a5200000) (1024K)]
  0x000001e6b88b1320 WorkerThread "GC Thread#5"                     [id=49012, stack(0x00000068a5200000,0x00000068a5300000) (1024K)]
  0x000001e6bb0d4040 WorkerThread "GC Thread#6"                     [id=46740, stack(0x00000068a5f00000,0x00000068a6000000) (1024K)]
  0x000001e6bb0d43f0 WorkerThread "GC Thread#7"                     [id=65260, stack(0x00000068a6000000,0x00000068a6100000) (1024K)]
  0x000001e6bb0d47a0 WorkerThread "GC Thread#8"                     [id=42176, stack(0x00000068a6100000,0x00000068a6200000) (1024K)]
  0x000001e6bb0d5660 WorkerThread "GC Thread#9"                     [id=65448, stack(0x00000068a6200000,0x00000068a6300000) (1024K)]
  0x000001e68370a9b0 ConcurrentGCThread "G1 Main Marker"            [id=64856, stack(0x00000068a3c00000,0x00000068a3d00000) (1024K)]
  0x000001e68370cfa0 WorkerThread "G1 Conc#0"                       [id=64704, stack(0x00000068a3d00000,0x00000068a3e00000) (1024K)]
  0x000001e6bb0d22c0 WorkerThread "G1 Conc#1"                       [id=28304, stack(0x00000068a6300000,0x00000068a6400000) (1024K)]
  0x000001e6bb0d2670 WorkerThread "G1 Conc#2"                       [id=64776, stack(0x00000068a6400000,0x00000068a6500000) (1024K)]
  0x000001e69e61a630 ConcurrentGCThread "G1 Refine#0"               [id=48472, stack(0x00000068a3e00000,0x00000068a3f00000) (1024K)]
  0x000001e69e61aa70 ConcurrentGCThread "G1 Service"                [id=47232, stack(0x00000068a3f00000,0x00000068a4000000) (1024K)]
Total: 18

Threads with active compile tasks:
C2 CompilerThread0    15909 7850 %     4       org.objectweb.asm.ClassReader::readCode @ 92 (5117 bytes)
C1 CompilerThread0    15910 8093       3       org.objectweb.asm.RecordComponentWriter::computeRecordComponentInfoSize (63 bytes)
C2 CompilerThread1    15910 8056       4       org.objectweb.asm.ClassReader::readMethod (1070 bytes)
C2 CompilerThread2    15910 8062       4       org.objectweb.asm.SymbolTable::addConstantUtf8 (98 bytes)
Total: 4

VM state: not at safepoint (normal execution)

VM Mutex/Monitor currently owned by a thread: None

Heap address: 0x00000000e0000000, size: 512 MB, Compressed Oops mode: 32-bit

CDS archive(s) mapped at: [0x000001e69f000000-0x000001e69fc90000-0x000001e69fc90000), size 13172736, SharedBaseAddress: 0x000001e69f000000, ArchiveRelocationMode: 1.
Compressed class space mapped at: 0x000001e6a0000000-0x000001e6b4000000, reserved size: 335544320
Narrow klass base: 0x000001e69f000000, Narrow klass shift: 0, Narrow klass range: 0x100000000

GC Precious Log:
 CardTable entry size: 512
 Card Set container configuration: InlinePtr #cards 5 size 8 Array Of Cards #cards 12 size 40 Howl #buckets 4 coarsen threshold 1843 Howl Bitmap #cards 512 size 80 coarsen threshold 460 Card regions per heap region 1 cards per card region 2048
 CPUs: 12 total, 12 available
 Memory: 16071M
 Large Page Support: Disabled
 NUMA Support: Disabled
 Compressed Oops: Enabled (32-bit)
 Heap Region Size: 1M
 Heap Min Capacity: 256M
 Heap Initial Capacity: 256M
 Heap Max Capacity: 512M
 Pre-touch: Disabled
 Parallel Workers: 10
 Concurrent Workers: 3
 Concurrent Refinement Workers: 10
 Periodic GC: Disabled

Heap:
 garbage-first heap   total 268288K, used 183002K [0x00000000e0000000, 0x0000000100000000)
  region size 1024K, 29 young (29696K), 8 survivors (8192K)
 Metaspace       used 62196K, committed 64256K, reserved 393216K
  class space    used 8738K, committed 9792K, reserved 327680K

Heap Regions: E=young(eden), S=young(survivor), O=old, HS=humongous(starts), HC=humongous(continues), CS=collection set, F=free, TAMS=top-at-mark-start, PB=parsable bottom
|   0|0x00000000e0000000, 0x00000000e0100000, 0x00000000e0100000|100%|HS|  |TAMS 0x00000000e0000000| PB 0x00000000e0000000| Complete 
|   1|0x00000000e0100000, 0x00000000e0200000, 0x00000000e0200000|100%|HC|  |TAMS 0x00000000e0100000| PB 0x00000000e0100000| Complete 
|   2|0x00000000e0200000, 0x00000000e0300000, 0x00000000e0300000|100%|HC|  |TAMS 0x00000000e0200000| PB 0x00000000e0200000| Complete 
|   3|0x00000000e0300000, 0x00000000e0400000, 0x00000000e0400000|100%|HC|  |TAMS 0x00000000e0300000| PB 0x00000000e0300000| Complete 
|   4|0x00000000e0400000, 0x00000000e0500000, 0x00000000e0500000|100%| O|  |TAMS 0x00000000e0400000| PB 0x00000000e0400000| Untracked 
|   5|0x00000000e0500000, 0x00000000e0600000, 0x00000000e0600000|100%| O|  |TAMS 0x00000000e0500000| PB 0x00000000e0500000| Untracked 
|   6|0x00000000e0600000, 0x00000000e0700000, 0x00000000e0700000|100%| O|  |TAMS 0x00000000e0600000| PB 0x00000000e0600000| Untracked 
|   7|0x00000000e0700000, 0x00000000e0800000, 0x00000000e0800000|100%| O|  |TAMS 0x00000000e0700000| PB 0x00000000e0700000| Untracked 
|   8|0x00000000e0800000, 0x00000000e0900000, 0x00000000e0900000|100%| O|  |TAMS 0x00000000e0800000| PB 0x00000000e0800000| Untracked 
|   9|0x00000000e0900000, 0x00000000e0a00000, 0x00000000e0a00000|100%| O|  |TAMS 0x00000000e0900000| PB 0x00000000e0900000| Untracked 
|  10|0x00000000e0a00000, 0x00000000e0b00000, 0x00000000e0b00000|100%|HS|  |TAMS 0x00000000e0a00000| PB 0x00000000e0a00000| Complete 
|  11|0x00000000e0b00000, 0x00000000e0c00000, 0x00000000e0c00000|100%| O|  |TAMS 0x00000000e0b00000| PB 0x00000000e0b00000| Untracked 
|  12|0x00000000e0c00000, 0x00000000e0d00000, 0x00000000e0d00000|100%| O|  |TAMS 0x00000000e0c00000| PB 0x00000000e0c00000| Untracked 
|  13|0x00000000e0d00000, 0x00000000e0e00000, 0x00000000e0e00000|100%| O|  |TAMS 0x00000000e0d00000| PB 0x00000000e0d00000| Untracked 
|  14|0x00000000e0e00000, 0x00000000e0f00000, 0x00000000e0f00000|100%| O|  |TAMS 0x00000000e0e00000| PB 0x00000000e0e00000| Untracked 
|  15|0x00000000e0f00000, 0x00000000e1000000, 0x00000000e1000000|100%| O|  |TAMS 0x00000000e0f00000| PB 0x00000000e0f00000| Untracked 
|  16|0x00000000e1000000, 0x00000000e1100000, 0x00000000e1100000|100%| O|  |TAMS 0x00000000e1000000| PB 0x00000000e1000000| Untracked 
|  17|0x00000000e1100000, 0x00000000e1200000, 0x00000000e1200000|100%| O|  |TAMS 0x00000000e1100000| PB 0x00000000e1100000| Untracked 
|  18|0x00000000e1200000, 0x00000000e1300000, 0x00000000e1300000|100%| O|  |TAMS 0x00000000e1200000| PB 0x00000000e1200000| Untracked 
|  19|0x00000000e1300000, 0x00000000e1400000, 0x00000000e1400000|100%| O|  |TAMS 0x00000000e1300000| PB 0x00000000e1300000| Untracked 
|  20|0x00000000e1400000, 0x00000000e1500000, 0x00000000e1500000|100%| O|  |TAMS 0x00000000e1400000| PB 0x00000000e1400000| Untracked 
|  21|0x00000000e1500000, 0x00000000e1600000, 0x00000000e1600000|100%| O|  |TAMS 0x00000000e1500000| PB 0x00000000e1500000| Untracked 
|  22|0x00000000e1600000, 0x00000000e1700000, 0x00000000e1700000|100%| O|  |TAMS 0x00000000e1600000| PB 0x00000000e1600000| Untracked 
|  23|0x00000000e1700000, 0x00000000e1800000, 0x00000000e1800000|100%| O|  |TAMS 0x00000000e1700000| PB 0x00000000e1700000| Untracked 
|  24|0x00000000e1800000, 0x00000000e1900000, 0x00000000e1900000|100%| O|  |TAMS 0x00000000e1800000| PB 0x00000000e1800000| Untracked 
|  25|0x00000000e1900000, 0x00000000e1a00000, 0x00000000e1a00000|100%| O|  |TAMS 0x00000000e1900000| PB 0x00000000e1900000| Untracked 
|  26|0x00000000e1a00000, 0x00000000e1b00000, 0x00000000e1b00000|100%| O|  |TAMS 0x00000000e1a00000| PB 0x00000000e1a00000| Untracked 
|  27|0x00000000e1b00000, 0x00000000e1c00000, 0x00000000e1c00000|100%| O|  |TAMS 0x00000000e1b00000| PB 0x00000000e1b00000| Untracked 
|  28|0x00000000e1c00000, 0x00000000e1d00000, 0x00000000e1d00000|100%| O|  |TAMS 0x00000000e1c00000| PB 0x00000000e1c00000| Untracked 
|  29|0x00000000e1d00000, 0x00000000e1e00000, 0x00000000e1e00000|100%| O|  |TAMS 0x00000000e1d00000| PB 0x00000000e1d00000| Untracked 
|  30|0x00000000e1e00000, 0x00000000e1f00000, 0x00000000e1f00000|100%| O|  |TAMS 0x00000000e1e00000| PB 0x00000000e1e00000| Untracked 
|  31|0x00000000e1f00000, 0x00000000e2000000, 0x00000000e2000000|100%|HS|  |TAMS 0x00000000e1f00000| PB 0x00000000e1f00000| Complete 
|  32|0x00000000e2000000, 0x00000000e2100000, 0x00000000e2100000|100%| O|  |TAMS 0x00000000e2000000| PB 0x00000000e2000000| Untracked 
|  33|0x00000000e2100000, 0x00000000e2200000, 0x00000000e2200000|100%| O|  |TAMS 0x00000000e2100000| PB 0x00000000e2100000| Untracked 
|  34|0x00000000e2200000, 0x00000000e2300000, 0x00000000e2300000|100%| O|  |TAMS 0x00000000e2200000| PB 0x00000000e2200000| Untracked 
|  35|0x00000000e2300000, 0x00000000e2400000, 0x00000000e2400000|100%| O|  |TAMS 0x00000000e2300000| PB 0x00000000e2300000| Untracked 
|  36|0x00000000e2400000, 0x00000000e2500000, 0x00000000e2500000|100%| O|  |TAMS 0x00000000e2400000| PB 0x00000000e2400000| Untracked 
|  37|0x00000000e2500000, 0x00000000e2600000, 0x00000000e2600000|100%| O|  |TAMS 0x00000000e2500000| PB 0x00000000e2500000| Untracked 
|  38|0x00000000e2600000, 0x00000000e2700000, 0x00000000e2700000|100%| O|  |TAMS 0x00000000e2600000| PB 0x00000000e2600000| Untracked 
|  39|0x00000000e2700000, 0x00000000e2800000, 0x00000000e2800000|100%| O|  |TAMS 0x00000000e2700000| PB 0x00000000e2700000| Untracked 
|  40|0x00000000e2800000, 0x00000000e2900000, 0x00000000e2900000|100%| O|  |TAMS 0x00000000e2800000| PB 0x00000000e2800000| Untracked 
|  41|0x00000000e2900000, 0x00000000e2a00000, 0x00000000e2a00000|100%|HS|  |TAMS 0x00000000e2900000| PB 0x00000000e2900000| Complete 
|  42|0x00000000e2a00000, 0x00000000e2b00000, 0x00000000e2b00000|100%|HC|  |TAMS 0x00000000e2a00000| PB 0x00000000e2a00000| Complete 
|  43|0x00000000e2b00000, 0x00000000e2c00000, 0x00000000e2c00000|100%|HC|  |TAMS 0x00000000e2b00000| PB 0x00000000e2b00000| Complete 
|  44|0x00000000e2c00000, 0x00000000e2d00000, 0x00000000e2d00000|100%|HS|  |TAMS 0x00000000e2c00000| PB 0x00000000e2c00000| Complete 
|  45|0x00000000e2d00000, 0x00000000e2e00000, 0x00000000e2e00000|100%|HC|  |TAMS 0x00000000e2d00000| PB 0x00000000e2d00000| Complete 
|  46|0x00000000e2e00000, 0x00000000e2f00000, 0x00000000e2f00000|100%| O|  |TAMS 0x00000000e2e00000| PB 0x00000000e2e00000| Untracked 
|  47|0x00000000e2f00000, 0x00000000e3000000, 0x00000000e3000000|100%| O|  |TAMS 0x00000000e2f00000| PB 0x00000000e2f00000| Untracked 
|  48|0x00000000e3000000, 0x00000000e3100000, 0x00000000e3100000|100%| O|  |TAMS 0x00000000e3000000| PB 0x00000000e3000000| Untracked 
|  49|0x00000000e3100000, 0x00000000e3200000, 0x00000000e3200000|100%| O|  |TAMS 0x00000000e3100000| PB 0x00000000e3100000| Untracked 
|  50|0x00000000e3200000, 0x00000000e3300000, 0x00000000e3300000|100%| O|  |TAMS 0x00000000e3200000| PB 0x00000000e3200000| Untracked 
|  51|0x00000000e3300000, 0x00000000e3400000, 0x00000000e3400000|100%| O|  |TAMS 0x00000000e3300000| PB 0x00000000e3300000| Untracked 
|  52|0x00000000e3400000, 0x00000000e3500000, 0x00000000e3500000|100%| O|  |TAMS 0x00000000e3400000| PB 0x00000000e3400000| Untracked 
|  53|0x00000000e3500000, 0x00000000e3600000, 0x00000000e3600000|100%| O|  |TAMS 0x00000000e3500000| PB 0x00000000e3500000| Untracked 
|  54|0x00000000e3600000, 0x00000000e3700000, 0x00000000e3700000|100%| O|  |TAMS 0x00000000e3600000| PB 0x00000000e3600000| Untracked 
|  55|0x00000000e3700000, 0x00000000e3800000, 0x00000000e3800000|100%| O|  |TAMS 0x00000000e3700000| PB 0x00000000e3700000| Untracked 
|  56|0x00000000e3800000, 0x00000000e3900000, 0x00000000e3900000|100%| O|  |TAMS 0x00000000e3800000| PB 0x00000000e3800000| Untracked 
|  57|0x00000000e3900000, 0x00000000e3900000, 0x00000000e3a00000|  0%| F|  |TAMS 0x00000000e3900000| PB 0x00000000e3900000| Untracked 
|  58|0x00000000e3a00000, 0x00000000e3b00000, 0x00000000e3b00000|100%| O|  |TAMS 0x00000000e3a00000| PB 0x00000000e3a00000| Untracked 
|  59|0x00000000e3b00000, 0x00000000e3c00000, 0x00000000e3c00000|100%| O|  |TAMS 0x00000000e3b00000| PB 0x00000000e3b00000| Untracked 
|  60|0x00000000e3c00000, 0x00000000e3d00000, 0x00000000e3d00000|100%| O|  |TAMS 0x00000000e3c00000| PB 0x00000000e3c00000| Untracked 
|  61|0x00000000e3d00000, 0x00000000e3e00000, 0x00000000e3e00000|100%| O|  |TAMS 0x00000000e3d00000| PB 0x00000000e3d00000| Untracked 
|  62|0x00000000e3e00000, 0x00000000e3f00000, 0x00000000e3f00000|100%| O|  |TAMS 0x00000000e3e00000| PB 0x00000000e3e00000| Untracked 
|  63|0x00000000e3f00000, 0x00000000e4000000, 0x00000000e4000000|100%| O|  |TAMS 0x00000000e3f00000| PB 0x00000000e3f00000| Untracked 
|  64|0x00000000e4000000, 0x00000000e4100000, 0x00000000e4100000|100%| O|  |TAMS 0x00000000e4000000| PB 0x00000000e4000000| Untracked 
|  65|0x00000000e4100000, 0x00000000e4200000, 0x00000000e4200000|100%| O|  |TAMS 0x00000000e4100000| PB 0x00000000e4100000| Untracked 
|  66|0x00000000e4200000, 0x00000000e4300000, 0x00000000e4300000|100%| O|  |TAMS 0x00000000e4200000| PB 0x00000000e4200000| Untracked 
|  67|0x00000000e4300000, 0x00000000e4400000, 0x00000000e4400000|100%| O|  |TAMS 0x00000000e4300000| PB 0x00000000e4300000| Untracked 
|  68|0x00000000e4400000, 0x00000000e4500000, 0x00000000e4500000|100%| O|  |TAMS 0x00000000e4400000| PB 0x00000000e4400000| Untracked 
|  69|0x00000000e4500000, 0x00000000e4600000, 0x00000000e4600000|100%| O|  |TAMS 0x00000000e4500000| PB 0x00000000e4500000| Untracked 
|  70|0x00000000e4600000, 0x00000000e4700000, 0x00000000e4700000|100%| O|  |TAMS 0x00000000e4600000| PB 0x00000000e4600000| Untracked 
|  71|0x00000000e4700000, 0x00000000e4800000, 0x00000000e4800000|100%| O|  |TAMS 0x00000000e4700000| PB 0x00000000e4700000| Untracked 
|  72|0x00000000e4800000, 0x00000000e4900000, 0x00000000e4900000|100%| O|  |TAMS 0x00000000e4800000| PB 0x00000000e4800000| Untracked 
|  73|0x00000000e4900000, 0x00000000e4a00000, 0x00000000e4a00000|100%| O|  |TAMS 0x00000000e4900000| PB 0x00000000e4900000| Untracked 
|  74|0x00000000e4a00000, 0x00000000e4b00000, 0x00000000e4b00000|100%| O|  |TAMS 0x00000000e4a00000| PB 0x00000000e4a00000| Untracked 
|  75|0x00000000e4b00000, 0x00000000e4c00000, 0x00000000e4c00000|100%| O|  |TAMS 0x00000000e4b00000| PB 0x00000000e4b00000| Untracked 
|  76|0x00000000e4c00000, 0x00000000e4d00000, 0x00000000e4d00000|100%| O|  |TAMS 0x00000000e4c00000| PB 0x00000000e4c00000| Untracked 
|  77|0x00000000e4d00000, 0x00000000e4e00000, 0x00000000e4e00000|100%| O|  |TAMS 0x00000000e4d00000| PB 0x00000000e4d00000| Untracked 
|  78|0x00000000e4e00000, 0x00000000e4f00000, 0x00000000e4f00000|100%| O|  |TAMS 0x00000000e4e00000| PB 0x00000000e4e00000| Untracked 
|  79|0x00000000e4f00000, 0x00000000e4f00000, 0x00000000e5000000|  0%| F|  |TAMS 0x00000000e4f00000| PB 0x00000000e4f00000| Untracked 
|  80|0x00000000e5000000, 0x00000000e5100000, 0x00000000e5100000|100%| O|  |TAMS 0x00000000e5000000| PB 0x00000000e5000000| Untracked 
|  81|0x00000000e5100000, 0x00000000e5200000, 0x00000000e5200000|100%| O|  |TAMS 0x00000000e5100000| PB 0x00000000e5100000| Untracked 
|  82|0x00000000e5200000, 0x00000000e5300000, 0x00000000e5300000|100%| O|  |TAMS 0x00000000e5200000| PB 0x00000000e5200000| Untracked 
|  83|0x00000000e5300000, 0x00000000e5400000, 0x00000000e5400000|100%| O|  |TAMS 0x00000000e5300000| PB 0x00000000e5300000| Untracked 
|  84|0x00000000e5400000, 0x00000000e5500000, 0x00000000e5500000|100%| O|  |TAMS 0x00000000e5400000| PB 0x00000000e5400000| Untracked 
|  85|0x00000000e5500000, 0x00000000e5600000, 0x00000000e5600000|100%| O|  |TAMS 0x00000000e5500000| PB 0x00000000e5500000| Untracked 
|  86|0x00000000e5600000, 0x00000000e5700000, 0x00000000e5700000|100%| O|  |TAMS 0x00000000e5600000| PB 0x00000000e5600000| Untracked 
|  87|0x00000000e5700000, 0x00000000e5800000, 0x00000000e5800000|100%| O|  |TAMS 0x00000000e5700000| PB 0x00000000e5700000| Untracked 
|  88|0x00000000e5800000, 0x00000000e5900000, 0x00000000e5900000|100%| O|  |TAMS 0x00000000e5800000| PB 0x00000000e5800000| Untracked 
|  89|0x00000000e5900000, 0x00000000e5a00000, 0x00000000e5a00000|100%| O|  |TAMS 0x00000000e5900000| PB 0x00000000e5900000| Untracked 
|  90|0x00000000e5a00000, 0x00000000e5b00000, 0x00000000e5b00000|100%| O|  |TAMS 0x00000000e5a00000| PB 0x00000000e5a00000| Untracked 
|  91|0x00000000e5b00000, 0x00000000e5c00000, 0x00000000e5c00000|100%| O|  |TAMS 0x00000000e5b00000| PB 0x00000000e5b00000| Untracked 
|  92|0x00000000e5c00000, 0x00000000e5d00000, 0x00000000e5d00000|100%| O|  |TAMS 0x00000000e5c00000| PB 0x00000000e5c00000| Untracked 
|  93|0x00000000e5d00000, 0x00000000e5e00000, 0x00000000e5e00000|100%| O|  |TAMS 0x00000000e5d00000| PB 0x00000000e5d00000| Untracked 
|  94|0x00000000e5e00000, 0x00000000e5f00000, 0x00000000e5f00000|100%| O|  |TAMS 0x00000000e5e00000| PB 0x00000000e5e00000| Untracked 
|  95|0x00000000e5f00000, 0x00000000e6000000, 0x00000000e6000000|100%| O|  |TAMS 0x00000000e5f00000| PB 0x00000000e5f00000| Untracked 
|  96|0x00000000e6000000, 0x00000000e6100000, 0x00000000e6100000|100%| O|  |TAMS 0x00000000e6000000| PB 0x00000000e6000000| Untracked 
|  97|0x00000000e6100000, 0x00000000e6100000, 0x00000000e6200000|  0%| F|  |TAMS 0x00000000e6100000| PB 0x00000000e6100000| Untracked 
|  98|0x00000000e6200000, 0x00000000e6300000, 0x00000000e6300000|100%| O|  |TAMS 0x00000000e6200000| PB 0x00000000e6200000| Untracked 
|  99|0x00000000e6300000, 0x00000000e6400000, 0x00000000e6400000|100%| O|  |TAMS 0x00000000e6300000| PB 0x00000000e6300000| Untracked 
| 100|0x00000000e6400000, 0x00000000e6500000, 0x00000000e6500000|100%| O|  |TAMS 0x00000000e6400000| PB 0x00000000e6400000| Untracked 
| 101|0x00000000e6500000, 0x00000000e6600000, 0x00000000e6600000|100%| O|  |TAMS 0x00000000e6500000| PB 0x00000000e6500000| Untracked 
| 102|0x00000000e6600000, 0x00000000e6700000, 0x00000000e6700000|100%| O|  |TAMS 0x00000000e6600000| PB 0x00000000e6600000| Untracked 
| 103|0x00000000e6700000, 0x00000000e6800000, 0x00000000e6800000|100%| O|  |TAMS 0x00000000e6700000| PB 0x00000000e6700000| Untracked 
| 104|0x00000000e6800000, 0x00000000e6900000, 0x00000000e6900000|100%| O|  |TAMS 0x00000000e6800000| PB 0x00000000e6800000| Untracked 
| 105|0x00000000e6900000, 0x00000000e6a00000, 0x00000000e6a00000|100%| O|  |TAMS 0x00000000e6900000| PB 0x00000000e6900000| Untracked 
| 106|0x00000000e6a00000, 0x00000000e6b00000, 0x00000000e6b00000|100%| O|  |TAMS 0x00000000e6a00000| PB 0x00000000e6a00000| Untracked 
| 107|0x00000000e6b00000, 0x00000000e6c00000, 0x00000000e6c00000|100%| O|  |TAMS 0x00000000e6b00000| PB 0x00000000e6b00000| Untracked 
| 108|0x00000000e6c00000, 0x00000000e6d00000, 0x00000000e6d00000|100%| O|  |TAMS 0x00000000e6c00000| PB 0x00000000e6c00000| Untracked 
| 109|0x00000000e6d00000, 0x00000000e6e00000, 0x00000000e6e00000|100%| O|  |TAMS 0x00000000e6d00000| PB 0x00000000e6d00000| Untracked 
| 110|0x00000000e6e00000, 0x00000000e6f00000, 0x00000000e6f00000|100%| O|  |TAMS 0x00000000e6e00000| PB 0x00000000e6e00000| Untracked 
| 111|0x00000000e6f00000, 0x00000000e7000000, 0x00000000e7000000|100%| O|  |TAMS 0x00000000e6f00000| PB 0x00000000e6f00000| Untracked 
| 112|0x00000000e7000000, 0x00000000e7100000, 0x00000000e7100000|100%| O|  |TAMS 0x00000000e7000000| PB 0x00000000e7000000| Untracked 
| 113|0x00000000e7100000, 0x00000000e7200000, 0x00000000e7200000|100%| O|  |TAMS 0x00000000e7100000| PB 0x00000000e7100000| Untracked 
| 114|0x00000000e7200000, 0x00000000e7300000, 0x00000000e7300000|100%| O|  |TAMS 0x00000000e7200000| PB 0x00000000e7200000| Untracked 
| 115|0x00000000e7300000, 0x00000000e7400000, 0x00000000e7400000|100%| O|  |TAMS 0x00000000e7300000| PB 0x00000000e7300000| Untracked 
| 116|0x00000000e7400000, 0x00000000e7500000, 0x00000000e7500000|100%| O|  |TAMS 0x00000000e7400000| PB 0x00000000e7400000| Untracked 
| 117|0x00000000e7500000, 0x00000000e7600000, 0x00000000e7600000|100%| O|  |TAMS 0x00000000e7500000| PB 0x00000000e7500000| Untracked 
| 118|0x00000000e7600000, 0x00000000e7700000, 0x00000000e7700000|100%| O|  |TAMS 0x00000000e7600000| PB 0x00000000e7600000| Untracked 
| 119|0x00000000e7700000, 0x00000000e7800000, 0x00000000e7800000|100%| O|  |TAMS 0x00000000e7700000| PB 0x00000000e7700000| Untracked 
| 120|0x00000000e7800000, 0x00000000e7900000, 0x00000000e7900000|100%| O|  |TAMS 0x00000000e7800000| PB 0x00000000e7800000| Untracked 
| 121|0x00000000e7900000, 0x00000000e7a00000, 0x00000000e7a00000|100%| O|  |TAMS 0x00000000e7900000| PB 0x00000000e7900000| Untracked 
| 122|0x00000000e7a00000, 0x00000000e7b00000, 0x00000000e7b00000|100%| O|  |TAMS 0x00000000e7a00000| PB 0x00000000e7a00000| Untracked 
| 123|0x00000000e7b00000, 0x00000000e7c00000, 0x00000000e7c00000|100%| O|  |TAMS 0x00000000e7b00000| PB 0x00000000e7b00000| Untracked 
| 124|0x00000000e7c00000, 0x00000000e7d00000, 0x00000000e7d00000|100%| O|  |TAMS 0x00000000e7c00000| PB 0x00000000e7c00000| Untracked 
| 125|0x00000000e7d00000, 0x00000000e7e00000, 0x00000000e7e00000|100%| O|  |TAMS 0x00000000e7d00000| PB 0x00000000e7d00000| Untracked 
| 126|0x00000000e7e00000, 0x00000000e7f00000, 0x00000000e7f00000|100%| O|  |TAMS 0x00000000e7e00000| PB 0x00000000e7e00000| Untracked 
| 127|0x00000000e7f00000, 0x00000000e8000000, 0x00000000e8000000|100%| O|  |TAMS 0x00000000e7f00000| PB 0x00000000e7f00000| Untracked 
| 128|0x00000000e8000000, 0x00000000e8100000, 0x00000000e8100000|100%| O|  |TAMS 0x00000000e8000000| PB 0x00000000e8000000| Untracked 
| 129|0x00000000e8100000, 0x00000000e8200000, 0x00000000e8200000|100%| O|  |TAMS 0x00000000e8100000| PB 0x00000000e8100000| Untracked 
| 130|0x00000000e8200000, 0x00000000e8300000, 0x00000000e8300000|100%| O|  |TAMS 0x00000000e8200000| PB 0x00000000e8200000| Untracked 
| 131|0x00000000e8300000, 0x00000000e8400000, 0x00000000e8400000|100%| O|  |TAMS 0x00000000e8300000| PB 0x00000000e8300000| Untracked 
| 132|0x00000000e8400000, 0x00000000e8500000, 0x00000000e8500000|100%| O|  |TAMS 0x00000000e8400000| PB 0x00000000e8400000| Untracked 
| 133|0x00000000e8500000, 0x00000000e8600000, 0x00000000e8600000|100%| O|  |TAMS 0x00000000e8500000| PB 0x00000000e8500000| Untracked 
| 134|0x00000000e8600000, 0x00000000e8700000, 0x00000000e8700000|100%| O|  |TAMS 0x00000000e8600000| PB 0x00000000e8600000| Untracked 
| 135|0x00000000e8700000, 0x00000000e8800000, 0x00000000e8800000|100%| O|  |TAMS 0x00000000e8700000| PB 0x00000000e8700000| Untracked 
| 136|0x00000000e8800000, 0x00000000e8900000, 0x00000000e8900000|100%| O|  |TAMS 0x00000000e8800000| PB 0x00000000e8800000| Untracked 
| 137|0x00000000e8900000, 0x00000000e8a00000, 0x00000000e8a00000|100%| O|  |TAMS 0x00000000e8900000| PB 0x00000000e8900000| Untracked 
| 138|0x00000000e8a00000, 0x00000000e8b00000, 0x00000000e8b00000|100%| O|  |TAMS 0x00000000e8a00000| PB 0x00000000e8a00000| Untracked 
| 139|0x00000000e8b00000, 0x00000000e8c00000, 0x00000000e8c00000|100%| O|  |TAMS 0x00000000e8b00000| PB 0x00000000e8b00000| Untracked 
| 140|0x00000000e8c00000, 0x00000000e8d00000, 0x00000000e8d00000|100%| O|  |TAMS 0x00000000e8c00000| PB 0x00000000e8c00000| Untracked 
| 141|0x00000000e8d00000, 0x00000000e8e00000, 0x00000000e8e00000|100%| O|  |TAMS 0x00000000e8d00000| PB 0x00000000e8d00000| Untracked 
| 142|0x00000000e8e00000, 0x00000000e8f00000, 0x00000000e8f00000|100%| O|  |TAMS 0x00000000e8e00000| PB 0x00000000e8e00000| Untracked 
| 143|0x00000000e8f00000, 0x00000000e9000000, 0x00000000e9000000|100%| O|  |TAMS 0x00000000e8f00000| PB 0x00000000e8f00000| Untracked 
| 144|0x00000000e9000000, 0x00000000e9100000, 0x00000000e9100000|100%| O|  |TAMS 0x00000000e9000000| PB 0x00000000e9000000| Untracked 
| 145|0x00000000e9100000, 0x00000000e9200000, 0x00000000e9200000|100%| O|  |TAMS 0x00000000e9100000| PB 0x00000000e9100000| Untracked 
| 146|0x00000000e9200000, 0x00000000e9300000, 0x00000000e9300000|100%| O|  |TAMS 0x00000000e9200000| PB 0x00000000e9200000| Untracked 
| 147|0x00000000e9300000, 0x00000000e9400000, 0x00000000e9400000|100%| O|  |TAMS 0x00000000e9300000| PB 0x00000000e9300000| Untracked 
| 148|0x00000000e9400000, 0x00000000e9500000, 0x00000000e9500000|100%| O|  |TAMS 0x00000000e9400000| PB 0x00000000e9400000| Untracked 
| 149|0x00000000e9500000, 0x00000000e9600000, 0x00000000e9600000|100%| O|  |TAMS 0x00000000e9500000| PB 0x00000000e9500000| Untracked 
| 150|0x00000000e9600000, 0x00000000e9700000, 0x00000000e9700000|100%| O|  |TAMS 0x00000000e9600000| PB 0x00000000e9600000| Untracked 
| 151|0x00000000e9700000, 0x00000000e9800000, 0x00000000e9800000|100%| O|  |TAMS 0x00000000e9700000| PB 0x00000000e9700000| Untracked 
| 152|0x00000000e9800000, 0x00000000e9900000, 0x00000000e9900000|100%| O|  |TAMS 0x00000000e9800000| PB 0x00000000e9800000| Untracked 
| 153|0x00000000e9900000, 0x00000000e99e01c0, 0x00000000e9a00000| 87%| O|  |TAMS 0x00000000e9900000| PB 0x00000000e9900000| Untracked 
| 154|0x00000000e9a00000, 0x00000000e9a00000, 0x00000000e9b00000|  0%| F|  |TAMS 0x00000000e9a00000| PB 0x00000000e9a00000| Untracked 
| 155|0x00000000e9b00000, 0x00000000e9b00000, 0x00000000e9c00000|  0%| F|  |TAMS 0x00000000e9b00000| PB 0x00000000e9b00000| Untracked 
| 156|0x00000000e9c00000, 0x00000000e9c00000, 0x00000000e9d00000|  0%| F|  |TAMS 0x00000000e9c00000| PB 0x00000000e9c00000| Untracked 
| 157|0x00000000e9d00000, 0x00000000e9d00000, 0x00000000e9e00000|  0%| F|  |TAMS 0x00000000e9d00000| PB 0x00000000e9d00000| Untracked 
| 158|0x00000000e9e00000, 0x00000000e9e00000, 0x00000000e9f00000|  0%| F|  |TAMS 0x00000000e9e00000| PB 0x00000000e9e00000| Untracked 
| 159|0x00000000e9f00000, 0x00000000e9f00000, 0x00000000ea000000|  0%| F|  |TAMS 0x00000000e9f00000| PB 0x00000000e9f00000| Untracked 
| 160|0x00000000ea000000, 0x00000000ea000000, 0x00000000ea100000|  0%| F|  |TAMS 0x00000000ea000000| PB 0x00000000ea000000| Untracked 
| 161|0x00000000ea100000, 0x00000000ea100000, 0x00000000ea200000|  0%| F|  |TAMS 0x00000000ea100000| PB 0x00000000ea100000| Untracked 
| 162|0x00000000ea200000, 0x00000000ea200000, 0x00000000ea300000|  0%| F|  |TAMS 0x00000000ea200000| PB 0x00000000ea200000| Untracked 
| 163|0x00000000ea300000, 0x00000000ea300000, 0x00000000ea400000|  0%| F|  |TAMS 0x00000000ea300000| PB 0x00000000ea300000| Untracked 
| 164|0x00000000ea400000, 0x00000000ea4d67b8, 0x00000000ea500000| 83%| S|CS|TAMS 0x00000000ea400000| PB 0x00000000ea400000| Complete 
| 165|0x00000000ea500000, 0x00000000ea600000, 0x00000000ea600000|100%| S|CS|TAMS 0x00000000ea500000| PB 0x00000000ea500000| Complete 
| 166|0x00000000ea600000, 0x00000000ea700000, 0x00000000ea700000|100%| S|CS|TAMS 0x00000000ea600000| PB 0x00000000ea600000| Complete 
| 167|0x00000000ea700000, 0x00000000ea800000, 0x00000000ea800000|100%| S|CS|TAMS 0x00000000ea700000| PB 0x00000000ea700000| Complete 
| 168|0x00000000ea800000, 0x00000000ea900000, 0x00000000ea900000|100%| S|CS|TAMS 0x00000000ea800000| PB 0x00000000ea800000| Complete 
| 169|0x00000000ea900000, 0x00000000eaa00000, 0x00000000eaa00000|100%| S|CS|TAMS 0x00000000ea900000| PB 0x00000000ea900000| Complete 
| 170|0x00000000eaa00000, 0x00000000eab00000, 0x00000000eab00000|100%| S|CS|TAMS 0x00000000eaa00000| PB 0x00000000eaa00000| Complete 
| 171|0x00000000eab00000, 0x00000000eac00000, 0x00000000eac00000|100%| S|CS|TAMS 0x00000000eab00000| PB 0x00000000eab00000| Complete 
| 172|0x00000000eac00000, 0x00000000eac00000, 0x00000000ead00000|  0%| F|  |TAMS 0x00000000eac00000| PB 0x00000000eac00000| Untracked 
| 173|0x00000000ead00000, 0x00000000ead00000, 0x00000000eae00000|  0%| F|  |TAMS 0x00000000ead00000| PB 0x00000000ead00000| Untracked 
| 174|0x00000000eae00000, 0x00000000eae00000, 0x00000000eaf00000|  0%| F|  |TAMS 0x00000000eae00000| PB 0x00000000eae00000| Untracked 
| 175|0x00000000eaf00000, 0x00000000eaf00000, 0x00000000eb000000|  0%| F|  |TAMS 0x00000000eaf00000| PB 0x00000000eaf00000| Untracked 
| 176|0x00000000eb000000, 0x00000000eb000000, 0x00000000eb100000|  0%| F|  |TAMS 0x00000000eb000000| PB 0x00000000eb000000| Untracked 
| 177|0x00000000eb100000, 0x00000000eb100000, 0x00000000eb200000|  0%| F|  |TAMS 0x00000000eb100000| PB 0x00000000eb100000| Untracked 
| 178|0x00000000eb200000, 0x00000000eb200000, 0x00000000eb300000|  0%| F|  |TAMS 0x00000000eb200000| PB 0x00000000eb200000| Untracked 
| 179|0x00000000eb300000, 0x00000000eb300000, 0x00000000eb400000|  0%| F|  |TAMS 0x00000000eb300000| PB 0x00000000eb300000| Untracked 
| 180|0x00000000eb400000, 0x00000000eb400000, 0x00000000eb500000|  0%| F|  |TAMS 0x00000000eb400000| PB 0x00000000eb400000| Untracked 
| 181|0x00000000eb500000, 0x00000000eb500000, 0x00000000eb600000|  0%| F|  |TAMS 0x00000000eb500000| PB 0x00000000eb500000| Untracked 
| 182|0x00000000eb600000, 0x00000000eb600000, 0x00000000eb700000|  0%| F|  |TAMS 0x00000000eb600000| PB 0x00000000eb600000| Untracked 
| 183|0x00000000eb700000, 0x00000000eb700000, 0x00000000eb800000|  0%| F|  |TAMS 0x00000000eb700000| PB 0x00000000eb700000| Untracked 
| 184|0x00000000eb800000, 0x00000000eb800000, 0x00000000eb900000|  0%| F|  |TAMS 0x00000000eb800000| PB 0x00000000eb800000| Untracked 
| 185|0x00000000eb900000, 0x00000000eb900000, 0x00000000eba00000|  0%| F|  |TAMS 0x00000000eb900000| PB 0x00000000eb900000| Untracked 
| 186|0x00000000eba00000, 0x00000000eba00000, 0x00000000ebb00000|  0%| F|  |TAMS 0x00000000eba00000| PB 0x00000000eba00000| Untracked 
| 187|0x00000000ebb00000, 0x00000000ebb00000, 0x00000000ebc00000|  0%| F|  |TAMS 0x00000000ebb00000| PB 0x00000000ebb00000| Untracked 
| 188|0x00000000ebc00000, 0x00000000ebc00000, 0x00000000ebd00000|  0%| F|  |TAMS 0x00000000ebc00000| PB 0x00000000ebc00000| Untracked 
| 189|0x00000000ebd00000, 0x00000000ebd00000, 0x00000000ebe00000|  0%| F|  |TAMS 0x00000000ebd00000| PB 0x00000000ebd00000| Untracked 
| 190|0x00000000ebe00000, 0x00000000ebe00000, 0x00000000ebf00000|  0%| F|  |TAMS 0x00000000ebe00000| PB 0x00000000ebe00000| Untracked 
| 191|0x00000000ebf00000, 0x00000000ebf00000, 0x00000000ec000000|  0%| F|  |TAMS 0x00000000ebf00000| PB 0x00000000ebf00000| Untracked 
| 192|0x00000000ec000000, 0x00000000ec000000, 0x00000000ec100000|  0%| F|  |TAMS 0x00000000ec000000| PB 0x00000000ec000000| Untracked 
| 193|0x00000000ec100000, 0x00000000ec100000, 0x00000000ec200000|  0%| F|  |TAMS 0x00000000ec100000| PB 0x00000000ec100000| Untracked 
| 194|0x00000000ec200000, 0x00000000ec200000, 0x00000000ec300000|  0%| F|  |TAMS 0x00000000ec200000| PB 0x00000000ec200000| Untracked 
| 195|0x00000000ec300000, 0x00000000ec300000, 0x00000000ec400000|  0%| F|  |TAMS 0x00000000ec300000| PB 0x00000000ec300000| Untracked 
| 196|0x00000000ec400000, 0x00000000ec400000, 0x00000000ec500000|  0%| F|  |TAMS 0x00000000ec400000| PB 0x00000000ec400000| Untracked 
| 197|0x00000000ec500000, 0x00000000ec500000, 0x00000000ec600000|  0%| F|  |TAMS 0x00000000ec500000| PB 0x00000000ec500000| Untracked 
| 198|0x00000000ec600000, 0x00000000ec600000, 0x00000000ec700000|  0%| F|  |TAMS 0x00000000ec600000| PB 0x00000000ec600000| Untracked 
| 199|0x00000000ec700000, 0x00000000ec700000, 0x00000000ec800000|  0%| F|  |TAMS 0x00000000ec700000| PB 0x00000000ec700000| Untracked 
| 200|0x00000000ec800000, 0x00000000ec800000, 0x00000000ec900000|  0%| F|  |TAMS 0x00000000ec800000| PB 0x00000000ec800000| Untracked 
| 201|0x00000000ec900000, 0x00000000ec900000, 0x00000000eca00000|  0%| F|  |TAMS 0x00000000ec900000| PB 0x00000000ec900000| Untracked 
| 202|0x00000000eca00000, 0x00000000eca00000, 0x00000000ecb00000|  0%| F|  |TAMS 0x00000000eca00000| PB 0x00000000eca00000| Untracked 
| 203|0x00000000ecb00000, 0x00000000ecb00000, 0x00000000ecc00000|  0%| F|  |TAMS 0x00000000ecb00000| PB 0x00000000ecb00000| Untracked 
| 204|0x00000000ecc00000, 0x00000000ecc00000, 0x00000000ecd00000|  0%| F|  |TAMS 0x00000000ecc00000| PB 0x00000000ecc00000| Untracked 
| 205|0x00000000ecd00000, 0x00000000ecd00000, 0x00000000ece00000|  0%| F|  |TAMS 0x00000000ecd00000| PB 0x00000000ecd00000| Untracked 
| 206|0x00000000ece00000, 0x00000000ece00000, 0x00000000ecf00000|  0%| F|  |TAMS 0x00000000ece00000| PB 0x00000000ece00000| Untracked 
| 207|0x00000000ecf00000, 0x00000000ecf00000, 0x00000000ed000000|  0%| F|  |TAMS 0x00000000ecf00000| PB 0x00000000ecf00000| Untracked 
| 208|0x00000000ed000000, 0x00000000ed000000, 0x00000000ed100000|  0%| F|  |TAMS 0x00000000ed000000| PB 0x00000000ed000000| Untracked 
| 209|0x00000000ed100000, 0x00000000ed100000, 0x00000000ed200000|  0%| F|  |TAMS 0x00000000ed100000| PB 0x00000000ed100000| Untracked 
| 210|0x00000000ed200000, 0x00000000ed200000, 0x00000000ed300000|  0%| F|  |TAMS 0x00000000ed200000| PB 0x00000000ed200000| Untracked 
| 211|0x00000000ed300000, 0x00000000ed300000, 0x00000000ed400000|  0%| F|  |TAMS 0x00000000ed300000| PB 0x00000000ed300000| Untracked 
| 212|0x00000000ed400000, 0x00000000ed400000, 0x00000000ed500000|  0%| F|  |TAMS 0x00000000ed400000| PB 0x00000000ed400000| Untracked 
| 213|0x00000000ed500000, 0x00000000ed500000, 0x00000000ed600000|  0%| F|  |TAMS 0x00000000ed500000| PB 0x00000000ed500000| Untracked 
| 214|0x00000000ed600000, 0x00000000ed600000, 0x00000000ed700000|  0%| F|  |TAMS 0x00000000ed600000| PB 0x00000000ed600000| Untracked 
| 215|0x00000000ed700000, 0x00000000ed700000, 0x00000000ed800000|  0%| F|  |TAMS 0x00000000ed700000| PB 0x00000000ed700000| Untracked 
| 216|0x00000000ed800000, 0x00000000ed800000, 0x00000000ed900000|  0%| F|  |TAMS 0x00000000ed800000| PB 0x00000000ed800000| Untracked 
| 217|0x00000000ed900000, 0x00000000ed900000, 0x00000000eda00000|  0%| F|  |TAMS 0x00000000ed900000| PB 0x00000000ed900000| Untracked 
| 218|0x00000000eda00000, 0x00000000eda00000, 0x00000000edb00000|  0%| F|  |TAMS 0x00000000eda00000| PB 0x00000000eda00000| Untracked 
| 219|0x00000000edb00000, 0x00000000edb00000, 0x00000000edc00000|  0%| F|  |TAMS 0x00000000edb00000| PB 0x00000000edb00000| Untracked 
| 220|0x00000000edc00000, 0x00000000edc00000, 0x00000000edd00000|  0%| F|  |TAMS 0x00000000edc00000| PB 0x00000000edc00000| Untracked 
| 221|0x00000000edd00000, 0x00000000edd00000, 0x00000000ede00000|  0%| F|  |TAMS 0x00000000edd00000| PB 0x00000000edd00000| Untracked 
| 222|0x00000000ede00000, 0x00000000ede00000, 0x00000000edf00000|  0%| F|  |TAMS 0x00000000ede00000| PB 0x00000000ede00000| Untracked 
| 223|0x00000000edf00000, 0x00000000edf00000, 0x00000000ee000000|  0%| F|  |TAMS 0x00000000edf00000| PB 0x00000000edf00000| Untracked 
| 224|0x00000000ee000000, 0x00000000ee000000, 0x00000000ee100000|  0%| F|  |TAMS 0x00000000ee000000| PB 0x00000000ee000000| Untracked 
| 225|0x00000000ee100000, 0x00000000ee100000, 0x00000000ee200000|  0%| F|  |TAMS 0x00000000ee100000| PB 0x00000000ee100000| Untracked 
| 226|0x00000000ee200000, 0x00000000ee200000, 0x00000000ee300000|  0%| F|  |TAMS 0x00000000ee200000| PB 0x00000000ee200000| Untracked 
| 227|0x00000000ee300000, 0x00000000ee300000, 0x00000000ee400000|  0%| F|  |TAMS 0x00000000ee300000| PB 0x00000000ee300000| Untracked 
| 228|0x00000000ee400000, 0x00000000ee400000, 0x00000000ee500000|  0%| F|  |TAMS 0x00000000ee400000| PB 0x00000000ee400000| Untracked 
| 229|0x00000000ee500000, 0x00000000ee500000, 0x00000000ee600000|  0%| F|  |TAMS 0x00000000ee500000| PB 0x00000000ee500000| Untracked 
| 230|0x00000000ee600000, 0x00000000ee6d51b8, 0x00000000ee700000| 83%| E|  |TAMS 0x00000000ee600000| PB 0x00000000ee600000| Complete 
| 231|0x00000000ee700000, 0x00000000ee800000, 0x00000000ee800000|100%| E|CS|TAMS 0x00000000ee700000| PB 0x00000000ee700000| Complete 
| 232|0x00000000ee800000, 0x00000000ee900000, 0x00000000ee900000|100%| E|CS|TAMS 0x00000000ee800000| PB 0x00000000ee800000| Complete 
| 233|0x00000000ee900000, 0x00000000eea00000, 0x00000000eea00000|100%| E|CS|TAMS 0x00000000ee900000| PB 0x00000000ee900000| Complete 
| 234|0x00000000eea00000, 0x00000000eeb00000, 0x00000000eeb00000|100%| E|CS|TAMS 0x00000000eea00000| PB 0x00000000eea00000| Complete 
| 235|0x00000000eeb00000, 0x00000000eec00000, 0x00000000eec00000|100%| E|CS|TAMS 0x00000000eeb00000| PB 0x00000000eeb00000| Complete 
| 236|0x00000000eec00000, 0x00000000eed00000, 0x00000000eed00000|100%| E|CS|TAMS 0x00000000eec00000| PB 0x00000000eec00000| Complete 
| 237|0x00000000eed00000, 0x00000000eee00000, 0x00000000eee00000|100%| E|CS|TAMS 0x00000000eed00000| PB 0x00000000eed00000| Complete 
| 238|0x00000000eee00000, 0x00000000eef00000, 0x00000000eef00000|100%| E|CS|TAMS 0x00000000eee00000| PB 0x00000000eee00000| Complete 
| 239|0x00000000eef00000, 0x00000000ef000000, 0x00000000ef000000|100%| E|CS|TAMS 0x00000000eef00000| PB 0x00000000eef00000| Complete 
| 240|0x00000000ef000000, 0x00000000ef100000, 0x00000000ef100000|100%| E|CS|TAMS 0x00000000ef000000| PB 0x00000000ef000000| Complete 
| 241|0x00000000ef100000, 0x00000000ef200000, 0x00000000ef200000|100%| E|CS|TAMS 0x00000000ef100000| PB 0x00000000ef100000| Complete 
| 242|0x00000000ef200000, 0x00000000ef300000, 0x00000000ef300000|100%| E|CS|TAMS 0x00000000ef200000| PB 0x00000000ef200000| Complete 
| 243|0x00000000ef300000, 0x00000000ef400000, 0x00000000ef400000|100%| E|CS|TAMS 0x00000000ef300000| PB 0x00000000ef300000| Complete 
| 244|0x00000000ef400000, 0x00000000ef500000, 0x00000000ef500000|100%| E|CS|TAMS 0x00000000ef400000| PB 0x00000000ef400000| Complete 
| 245|0x00000000ef500000, 0x00000000ef600000, 0x00000000ef600000|100%| E|CS|TAMS 0x00000000ef500000| PB 0x00000000ef500000| Complete 
| 246|0x00000000ef600000, 0x00000000ef700000, 0x00000000ef700000|100%| E|CS|TAMS 0x00000000ef600000| PB 0x00000000ef600000| Complete 
| 247|0x00000000ef700000, 0x00000000ef800000, 0x00000000ef800000|100%| E|CS|TAMS 0x00000000ef700000| PB 0x00000000ef700000| Complete 
| 248|0x00000000ef800000, 0x00000000ef900000, 0x00000000ef900000|100%| E|CS|TAMS 0x00000000ef800000| PB 0x00000000ef800000| Complete 
| 249|0x00000000ef900000, 0x00000000efa00000, 0x00000000efa00000|100%| E|CS|TAMS 0x00000000ef900000| PB 0x00000000ef900000| Complete 
| 250|0x00000000efa00000, 0x00000000efb00000, 0x00000000efb00000|100%| E|CS|TAMS 0x00000000efa00000| PB 0x00000000efa00000| Complete 
| 251|0x00000000efb00000, 0x00000000efc00000, 0x00000000efc00000|100%| E|CS|TAMS 0x00000000efb00000| PB 0x00000000efb00000| Complete 
| 252|0x00000000efc00000, 0x00000000efd00000, 0x00000000efd00000|100%| E|CS|TAMS 0x00000000efc00000| PB 0x00000000efc00000| Complete 
| 253|0x00000000efd00000, 0x00000000efe00000, 0x00000000efe00000|100%| E|CS|TAMS 0x00000000efd00000| PB 0x00000000efd00000| Complete 
| 254|0x00000000efe00000, 0x00000000eff00000, 0x00000000eff00000|100%| E|CS|TAMS 0x00000000efe00000| PB 0x00000000efe00000| Complete 
| 255|0x00000000eff00000, 0x00000000f0000000, 0x00000000f0000000|100%| E|CS|TAMS 0x00000000eff00000| PB 0x00000000eff00000| Complete 
| 256|0x00000000f0000000, 0x00000000f0100000, 0x00000000f0100000|100%| E|CS|TAMS 0x00000000f0000000| PB 0x00000000f0000000| Complete 
| 257|0x00000000f0100000, 0x00000000f0200000, 0x00000000f0200000|100%| E|CS|TAMS 0x00000000f0100000| PB 0x00000000f0100000| Complete 
| 258|0x00000000f0200000, 0x00000000f0300000, 0x00000000f0300000|100%| E|CS|TAMS 0x00000000f0200000| PB 0x00000000f0200000| Complete 
| 259|0x00000000f0300000, 0x00000000f0400000, 0x00000000f0400000|100%| E|CS|TAMS 0x00000000f0300000| PB 0x00000000f0300000| Complete 
| 260|0x00000000f0400000, 0x00000000f0500000, 0x00000000f0500000|100%| E|CS|TAMS 0x00000000f0400000| PB 0x00000000f0400000| Complete 
| 261|0x00000000f0500000, 0x00000000f0600000, 0x00000000f0600000|100%| E|CS|TAMS 0x00000000f0500000| PB 0x00000000f0500000| Complete 

Card table byte_map: [0x000001e69b1d0000,0x000001e69b2d0000] _byte_map_base: 0x000001e69aad0000

Marking Bits: (CMBitMap*) 0x000001e6837060d0
 Bits: [0x000001e69b2d0000, 0x000001e69bad0000)

Polling page: 0x000001e681640000

Metaspace:

Usage:
  Non-class:     52.21 MB used.
      Class:      8.53 MB used.
       Both:     60.74 MB used.

Virtual space:
  Non-class space:       64.00 MB reserved,      53.19 MB ( 83%) committed,  1 nodes.
      Class space:      320.00 MB reserved,       9.56 MB (  3%) committed,  1 nodes.
             Both:      384.00 MB reserved,      62.75 MB ( 16%) committed. 

Chunk freelists:
   Non-Class:  9.97 MB
       Class:  6.48 MB
        Both:  16.45 MB

MaxMetaspaceSize: 384.00 MB
CompressedClassSpaceSize: 320.00 MB
Initial GC threshold: 21.00 MB
Current GC threshold: 104.38 MB
CDS: on
 - commit_granule_bytes: 65536.
 - commit_granule_words: 8192.
 - virtual_space_node_default_size: 8388608.
 - enlarge_chunks_in_place: 1.
 - use_allocation_guard: 0.


Internal statistics:

num_allocs_failed_limit: 12.
num_arena_births: 3588.
num_arena_deaths: 0.
num_vsnodes_births: 2.
num_vsnodes_deaths: 0.
num_space_committed: 1004.
num_space_uncommitted: 0.
num_chunks_returned_to_freelist: 12.
num_chunks_taken_from_freelist: 6539.
num_chunk_merges: 6.
num_chunk_splits: 4163.
num_chunks_enlarged: 2456.
num_inconsistent_stats: 0.

CodeHeap 'non-profiled nmethods': size=120000Kb used=4365Kb max_used=4811Kb free=115634Kb
 bounds [0x000001e693650000, 0x000001e693b10000, 0x000001e69ab80000]
CodeHeap 'profiled nmethods': size=120000Kb used=12768Kb max_used=13830Kb free=107231Kb
 bounds [0x000001e68bb80000, 0x000001e68c910000, 0x000001e6930b0000]
CodeHeap 'non-nmethods': size=5760Kb used=2778Kb max_used=2839Kb free=2981Kb
 bounds [0x000001e6930b0000, 0x000001e693380000, 0x000001e693650000]
 total_blobs=7664 nmethods=6768 adapters=800
 compilation: enabled
              stopped_count=0, restarted_count=0
 full_count=0

Compilation events (20 events):
Event: 14.822 Thread 0x000001e69e897310 nmethod 8060 0x000001e68bcf3d10 code [0x000001e68bcf3ea0, 0x000001e68bcf3f90]
Event: 14.822 Thread 0x000001e69e897310 8059       2       java.lang.invoke.DirectMethodHandle$Holder::invokeStatic (17 bytes)
Event: 14.822 Thread 0x000001e69e897310 nmethod 8059 0x000001e68bc97590 code [0x000001e68bc97740, 0x000001e68bc978a8]
Event: 14.837 Thread 0x000001e69e897310 8064       3       org.objectweb.asm.Type::getObjectType (31 bytes)
Event: 14.838 Thread 0x000001e69e897310 nmethod 8064 0x000001e68bf6c290 code [0x000001e68bf6c4c0, 0x000001e68bf6cd08]
Event: 14.838 Thread 0x000001e69e897310 8065       2       org.objectweb.asm.MethodWriter::visitTableSwitchInsn (120 bytes)
Event: 14.838 Thread 0x000001e69e897310 nmethod 8065 0x000001e68bd41590 code [0x000001e68bd417a0, 0x000001e68bd41b20]
Event: 14.841 Thread 0x000001e69e897310 8066       3       org.objectweb.asm.ClassVisitor::visitNestHost (35 bytes)
Event: 14.841 Thread 0x000001e69e897310 nmethod 8066 0x000001e68bc98510 code [0x000001e68bc986e0, 0x000001e68bc98a08]
Event: 14.843 Thread 0x000001e69e897310 8067       3       org.objectweb.asm.ClassVisitor::visitRecordComponent (39 bytes)
Event: 14.844 Thread 0x000001e69e897310 nmethod 8067 0x000001e68bea3490 code [0x000001e68bea3660, 0x000001e68bea39c0]
Event: 14.845 Thread 0x000001e69e897310 8068       3       org.objectweb.asm.AnnotationWriter::create (34 bytes)
Event: 14.845 Thread 0x000001e69e897310 nmethod 8068 0x000001e68bfce410 code [0x000001e68bfce600, 0x000001e68bfceaa0]
Event: 14.846 Thread 0x000001e69e897310 8069       3       org.objectweb.asm.ClassReader::readTypeAnnotationTarget (596 bytes)
Event: 14.847 Thread 0x000001e69e897310 nmethod 8069 0x000001e68c2c8e90 code [0x000001e68c2c91c0, 0x000001e68c2cafa8]
Event: 14.870 Thread 0x000001e69e897310 8071       3       org.objectweb.asm.ClassVisitor::visitNestMember (35 bytes)
Event: 14.871 Thread 0x000001e69e897310 nmethod 8071 0x000001e68bcaa810 code [0x000001e68bcaa9e0, 0x000001e68bcaad08]
Event: 14.886 Thread 0x000001e69e897310 8072       3       org.objectweb.asm.ClassWriter::visitAnnotation (40 bytes)
Event: 14.886 Thread 0x000001e69e897310 nmethod 8072 0x000001e68bdcb090 code [0x000001e68bdcb260, 0x000001e68bdcb4f8]
Event: 14.937 Thread 0x000001e69e897310 8075       3       org.objectweb.asm.AnnotationWriter::visitEnum (63 bytes)

GC Heap History (20 events):
Event: 7.614 GC heap before
{Heap before GC invocations=4 (full 0):
 garbage-first heap   total 262144K, used 129508K [0x00000000e0000000, 0x0000000100000000)
  region size 1024K, 118 young (120832K), 13 survivors (13312K)
 Metaspace       used 34681K, committed 35968K, reserved 393216K
  class space    used 4894K, committed 5568K, reserved 327680K
}
Event: 7.624 GC heap after
{Heap after GC invocations=5 (full 0):
 garbage-first heap   total 262144K, used 32622K [0x00000000e0000000, 0x0000000100000000)
  region size 1024K, 9 young (9216K), 9 survivors (9216K)
 Metaspace       used 34681K, committed 35968K, reserved 393216K
  class space    used 4894K, committed 5568K, reserved 327680K
}
Event: 10.846 GC heap before
{Heap before GC invocations=6 (full 0):
 garbage-first heap   total 262144K, used 187246K [0x00000000e0000000, 0x0000000100000000)
  region size 1024K, 153 young (156672K), 9 survivors (9216K)
 Metaspace       used 49161K, committed 50880K, reserved 393216K
  class space    used 6976K, committed 7808K, reserved 327680K
}
Event: 10.855 GC heap after
{Heap after GC invocations=7 (full 0):
 garbage-first heap   total 262144K, used 42390K [0x00000000e0000000, 0x0000000100000000)
  region size 1024K, 17 young (17408K), 17 survivors (17408K)
 Metaspace       used 49161K, committed 50880K, reserved 393216K
  class space    used 6976K, committed 7808K, reserved 327680K
}
Event: 12.438 GC heap before
{Heap before GC invocations=7 (full 0):
 garbage-first heap   total 262144K, used 126358K [0x00000000e0000000, 0x0000000100000000)
  region size 1024K, 100 young (102400K), 17 survivors (17408K)
 Metaspace       used 58078K, committed 60096K, reserved 393216K
  class space    used 8315K, committed 9344K, reserved 327680K
}
Event: 12.447 GC heap after
{Heap after GC invocations=8 (full 0):
 garbage-first heap   total 262144K, used 47088K [0x00000000e0000000, 0x0000000100000000)
  region size 1024K, 15 young (15360K), 15 survivors (15360K)
 Metaspace       used 58078K, committed 60096K, reserved 393216K
  class space    used 8315K, committed 9344K, reserved 327680K
}
Event: 12.479 GC heap before
{Heap before GC invocations=8 (full 0):
 garbage-first heap   total 262144K, used 47088K [0x00000000e0000000, 0x0000000100000000)
  region size 1024K, 16 young (16384K), 15 survivors (15360K)
 Metaspace       used 58437K, committed 60416K, reserved 393216K
  class space    used 8355K, committed 9344K, reserved 327680K
}
Event: 12.488 GC heap after
{Heap after GC invocations=9 (full 0):
 garbage-first heap   total 262144K, used 48073K [0x00000000e0000000, 0x0000000100000000)
  region size 1024K, 6 young (6144K), 6 survivors (6144K)
 Metaspace       used 58437K, committed 60416K, reserved 393216K
  class space    used 8355K, committed 9344K, reserved 327680K
}
Event: 13.471 GC heap before
{Heap before GC invocations=10 (full 0):
 garbage-first heap   total 262144K, used 202697K [0x00000000e0000000, 0x0000000100000000)
  region size 1024K, 153 young (156672K), 6 survivors (6144K)
 Metaspace       used 61591K, committed 63616K, reserved 393216K
  class space    used 8708K, committed 9728K, reserved 327680K
}
Event: 13.482 GC heap after
{Heap after GC invocations=11 (full 0):
 garbage-first heap   total 262144K, used 80193K [0x00000000e0000000, 0x0000000100000000)
  region size 1024K, 20 young (20480K), 20 survivors (20480K)
 Metaspace       used 61591K, committed 63616K, reserved 393216K
  class space    used 8708K, committed 9728K, reserved 327680K
}
Event: 13.768 GC heap before
{Heap before GC invocations=11 (full 0):
 garbage-first heap   total 262144K, used 211265K [0x00000000e0000000, 0x0000000100000000)
  region size 1024K, 148 young (151552K), 20 survivors (20480K)
 Metaspace       used 61591K, committed 63616K, reserved 393216K
  class space    used 8708K, committed 9728K, reserved 327680K
}
Event: 13.780 GC heap after
{Heap after GC invocations=12 (full 0):
 garbage-first heap   total 262144K, used 99531K [0x00000000e0000000, 0x0000000100000000)
  region size 1024K, 18 young (18432K), 18 survivors (18432K)
 Metaspace       used 61591K, committed 63616K, reserved 393216K
  class space    used 8708K, committed 9728K, reserved 327680K
}
Event: 13.994 GC heap before
{Heap before GC invocations=12 (full 0):
 garbage-first heap   total 262144K, used 220363K [0x00000000e0000000, 0x0000000100000000)
  region size 1024K, 136 young (139264K), 18 survivors (18432K)
 Metaspace       used 61591K, committed 63616K, reserved 393216K
  class space    used 8708K, committed 9728K, reserved 327680K
}
Event: 13.998 GC heap after
{Heap after GC invocations=13 (full 0):
 garbage-first heap   total 262144K, used 117445K [0x00000000e0000000, 0x0000000100000000)
  region size 1024K, 17 young (17408K), 17 survivors (17408K)
 Metaspace       used 61591K, committed 63616K, reserved 393216K
  class space    used 8708K, committed 9728K, reserved 327680K
}
Event: 14.280 GC heap before
{Heap before GC invocations=13 (full 0):
 garbage-first heap   total 262144K, used 225989K [0x00000000e0000000, 0x0000000100000000)
  region size 1024K, 123 young (125952K), 17 survivors (17408K)
 Metaspace       used 61591K, committed 63616K, reserved 393216K
  class space    used 8708K, committed 9728K, reserved 327680K
}
Event: 14.288 GC heap after
{Heap after GC invocations=14 (full 0):
 garbage-first heap   total 262144K, used 135850K [0x00000000e0000000, 0x0000000100000000)
  region size 1024K, 16 young (16384K), 16 survivors (16384K)
 Metaspace       used 61591K, committed 63616K, reserved 393216K
  class space    used 8708K, committed 9728K, reserved 327680K
}
Event: 14.643 GC heap before
{Heap before GC invocations=14 (full 0):
 garbage-first heap   total 262144K, used 228010K [0x00000000e0000000, 0x0000000100000000)
  region size 1024K, 106 young (108544K), 16 survivors (16384K)
 Metaspace       used 62136K, committed 64128K, reserved 393216K
  class space    used 8733K, committed 9728K, reserved 327680K
}
Event: 14.650 GC heap after
{Heap after GC invocations=15 (full 0):
 garbage-first heap   total 262144K, used 149117K [0x00000000e0000000, 0x0000000100000000)
  region size 1024K, 12 young (12288K), 12 survivors (12288K)
 Metaspace       used 62136K, committed 64128K, reserved 393216K
  class space    used 8733K, committed 9728K, reserved 327680K
}
Event: 14.778 GC heap before
{Heap before GC invocations=16 (full 0):
 garbage-first heap   total 268288K, used 231037K [0x00000000e0000000, 0x0000000100000000)
  region size 1024K, 93 young (95232K), 12 survivors (12288K)
 Metaspace       used 62137K, committed 64128K, reserved 393216K
  class space    used 8733K, committed 9728K, reserved 327680K
}
Event: 14.781 GC heap after
{Heap after GC invocations=17 (full 0):
 garbage-first heap   total 268288K, used 157636K [0x00000000e0000000, 0x0000000100000000)
  region size 1024K, 9 young (9216K), 9 survivors (9216K)
 Metaspace       used 62137K, committed 64128K, reserved 393216K
  class space    used 8733K, committed 9728K, reserved 327680K
}

Dll operation events (15 events):
Event: 0.022 Loaded shared library C:\Program Files\Java\jdk-21.0.10\bin\java.dll
Event: 0.071 Loaded shared library C:\Program Files\Java\jdk-21.0.10\bin\jsvml.dll
Event: 0.118 Loaded shared library C:\Program Files\Java\jdk-21.0.10\bin\zip.dll
Event: 0.122 Loaded shared library C:\Program Files\Java\jdk-21.0.10\bin\instrument.dll
Event: 0.128 Loaded shared library C:\Program Files\Java\jdk-21.0.10\bin\net.dll
Event: 0.132 Loaded shared library C:\Program Files\Java\jdk-21.0.10\bin\nio.dll
Event: 0.136 Loaded shared library C:\Program Files\Java\jdk-21.0.10\bin\zip.dll
Event: 0.465 Loaded shared library C:\Program Files\Java\jdk-21.0.10\bin\jimage.dll
Event: 0.614 Loaded shared library C:\Program Files\Java\jdk-21.0.10\bin\verify.dll
Event: 0.801 Loaded shared library C:\Users\warda\.gradle\native\c067742578af261105cb4f569cf0c3c89f3d7b1fecec35dd04571415982c5e48\windows-amd64\native-platform.dll
Event: 0.827 Loaded shared library C:\Users\warda\.gradle\native\100fb08df4bc3b14c8652ba06237920a3bd2aa13389f12d3474272988ae205f9\windows-amd64\native-platform-file-events.dll
Event: 2.646 Loaded shared library C:\Program Files\Java\jdk-21.0.10\bin\management.dll
Event: 2.650 Loaded shared library C:\Program Files\Java\jdk-21.0.10\bin\management_ext.dll
Event: 2.998 Loaded shared library C:\Program Files\Java\jdk-21.0.10\bin\extnet.dll
Event: 3.216 Loaded shared library C:\Program Files\Java\jdk-21.0.10\bin\sunmscapi.dll

Deoptimization events (20 events):
Event: 14.770 Thread 0x000001e6bccb4920 DEOPT PACKING pc=0x000001e68c8c8d60 sp=0x00000068a9cfedc0
Event: 14.770 Thread 0x000001e6bccb4920 DEOPT UNPACKING pc=0x000001e693104e42 sp=0x00000068a9cfe2d0 mode 0
Event: 14.772 Thread 0x000001e6bccb4920 DEOPT PACKING pc=0x000001e68c8c8d60 sp=0x00000068a9cfedc0
Event: 14.772 Thread 0x000001e6bccb4920 DEOPT UNPACKING pc=0x000001e693104e42 sp=0x00000068a9cfe2d0 mode 0
Event: 14.774 Thread 0x000001e6bccb4920 DEOPT PACKING pc=0x000001e68c8c8d60 sp=0x00000068a9cfedc0
Event: 14.774 Thread 0x000001e6bccb4920 DEOPT UNPACKING pc=0x000001e693104e42 sp=0x00000068a9cfe2d0 mode 0
Event: 14.775 Thread 0x000001e6bccb2850 DEOPT PACKING pc=0x000001e68c8c8d60 sp=0x00000068a94fe990
Event: 14.775 Thread 0x000001e6bccb2850 DEOPT UNPACKING pc=0x000001e693104e42 sp=0x00000068a94fdea0 mode 0
Event: 14.782 Thread 0x000001e6bccb4920 DEOPT PACKING pc=0x000001e68c8c8d60 sp=0x00000068a9cfedc0
Event: 14.784 Thread 0x000001e6bccb4920 DEOPT UNPACKING pc=0x000001e693104e42 sp=0x00000068a9cfe2d0 mode 0
Event: 14.785 Thread 0x000001e6bccb4fb0 DEOPT PACKING pc=0x000001e68c8c8d60 sp=0x00000068a9efeec0
Event: 14.785 Thread 0x000001e6bccb4fb0 DEOPT UNPACKING pc=0x000001e693104e42 sp=0x00000068a9efe3d0 mode 0
Event: 14.787 Thread 0x000001e6bccb00f0 DEOPT PACKING pc=0x000001e68c8c8d60 sp=0x00000068a95fee90
Event: 14.787 Thread 0x000001e6bccb00f0 DEOPT UNPACKING pc=0x000001e693104e42 sp=0x00000068a95fe3a0 mode 0
Event: 14.789 Thread 0x000001e6b963b5f0 DEOPT PACKING pc=0x000001e68c8c8d60 sp=0x00000068a58f87e0
Event: 14.789 Thread 0x000001e6b963b5f0 DEOPT UNPACKING pc=0x000001e693104e42 sp=0x00000068a58f7cf0 mode 0
Event: 14.810 Thread 0x000001e6bccb00f0 Uncommon trap: trap_request=0xffffff3d fr.pc=0x000001e693832d08 relative=0x0000000000000c88
Event: 14.810 Thread 0x000001e6bccb00f0 Uncommon trap: reason=unstable_fused_if action=reinterpret pc=0x000001e693832d08 method=org.objectweb.asm.ByteVector.putUTF8(Ljava/lang/String;)Lorg/objectweb/asm/ByteVector; @ 93 c2
Event: 14.810 Thread 0x000001e6bccb00f0 DEOPT PACKING pc=0x000001e693832d08 sp=0x00000068a95fe3f0
Event: 14.810 Thread 0x000001e6bccb00f0 DEOPT UNPACKING pc=0x000001e6931046a2 sp=0x00000068a95fe338 mode 2

Classes loaded (20 events):
Event: 12.858 Loading class java/nio/file/CopyMoveHelper$CopyOptions
Event: 12.858 Loading class java/nio/file/CopyMoveHelper$CopyOptions done
Event: 13.116 Loading class java/util/concurrent/LinkedBlockingDeque$Itr
Event: 13.119 Loading class java/util/concurrent/LinkedBlockingDeque$AbstractItr
Event: 13.120 Loading class java/util/concurrent/LinkedBlockingDeque$AbstractItr done
Event: 13.120 Loading class java/util/concurrent/LinkedBlockingDeque$Itr done
Event: 13.125 Loading class java/math/MathContext
Event: 13.125 Loading class java/math/MathContext done
Event: 14.521 Loading class java/util/TreeMap$KeySpliterator
Event: 14.521 Loading class java/util/TreeMap$TreeMapSpliterator
Event: 14.521 Loading class java/util/TreeMap$TreeMapSpliterator done
Event: 14.521 Loading class java/util/TreeMap$KeySpliterator done
Event: 14.522 Loading class java/util/stream/Nodes$CollectorTask$OfRef
Event: 14.523 Loading class java/util/stream/Nodes$CollectorTask
Event: 14.524 Loading class java/util/stream/Nodes$CollectorTask done
Event: 14.524 Loading class java/util/stream/Nodes$CollectorTask$OfRef done
Event: 14.526 Loading class java/util/stream/Nodes$ConcNode
Event: 14.527 Loading class java/util/stream/Nodes$AbstractConcNode
Event: 14.527 Loading class java/util/stream/Nodes$AbstractConcNode done
Event: 14.527 Loading class java/util/stream/Nodes$ConcNode done

Classes unloaded (0 events):
No events

Classes redefined (0 events):
No events

Internal exceptions (20 events):
Event: 12.400 Thread 0x000001e6b963b5f0 Exception <a 'java/lang/NoSuchMethodError'{0x00000000ead55b68}: 'int java.lang.invoke.Invokers$Holder.linkToTargetMethod(java.lang.Object, java.lang.Object, java.lang.Object)'> (0x00000000ead55b68) 
thrown [s\open\src\hotspot\share\interpreter\linkResolver.cpp, line 773]
Event: 12.402 Thread 0x000001e6b963b5f0 Exception <a 'java/lang/NoSuchMethodError'{0x00000000ead6d888}: 'long java.lang.invoke.DirectMethodHandle$Holder.invokeSpecial(java.lang.Object, java.lang.Object)'> (0x00000000ead6d888) 
thrown [s\open\src\hotspot\share\interpreter\linkResolver.cpp, line 773]
Event: 12.430 Thread 0x000001e6b963b5f0 Exception <a 'sun/nio/fs/WindowsException'{0x00000000eade2820}> (0x00000000eade2820) 
thrown [s\open\src\hotspot\share\prims\jni.cpp, line 520]
Event: 12.709 Thread 0x000001e6b963b5f0 Exception <a 'java/lang/NoSuchMethodError'{0x00000000ef0831f8}: method resolution failed> (0x00000000ef0831f8) 
thrown [s\open\src\hotspot\share\prims\methodHandles.cpp, line 1136]
Event: 12.714 Thread 0x000001e6b963b5f0 Exception <a 'java/lang/NoSuchMethodError'{0x00000000ef0be398}: 'void java.lang.invoke.Invokers$Holder.invokeExact_MT(java.lang.Object, java.lang.Object, java.lang.Object, java.lang.Object)'> (0x00000000ef0be398) 
thrown [s\open\src\hotspot\share\interpreter\linkResolver.cpp, line 773]
Event: 12.756 Thread 0x000001e6b963b5f0 Exception <a 'java/lang/NoSuchMethodError'{0x00000000eee22030}: 'long java.lang.invoke.DirectMethodHandle$Holder.invokeStatic(java.lang.Object, java.lang.Object, int)'> (0x00000000eee22030) 
thrown [s\open\src\hotspot\share\interpreter\linkResolver.cpp, line 773]
Event: 12.757 Thread 0x000001e6b963b5f0 Exception <a 'java/lang/NoSuchMethodError'{0x00000000eee2dd78}: 'java.lang.Object java.lang.invoke.DelegatingMethodHandle$Holder.reinvoke_L(java.lang.Object, java.lang.Object, long, java.lang.Object, java.lang.Object, long, java.lang.Object)'> (0x00000000eee2dd78) 
thrown [s\open\src\hotspot\share\interpreter\linkResolver.cpp, line 773]
Event: 12.759 Thread 0x000001e6b963b5f0 Exception <a 'java/lang/NoSuchMethodError'{0x00000000eee3ee48}: 'java.lang.Object java.lang.invoke.DirectMethodHandle$Holder.newInvokeSpecial(java.lang.Object, java.lang.Object, java.lang.Object, long, java.lang.Object)'> (0x00000000eee3ee48) 
thrown [s\open\src\hotspot\share\interpreter\linkResolver.cpp, line 773]
Event: 12.759 Thread 0x000001e6b963b5f0 Exception <a 'java/lang/NoSuchMethodError'{0x00000000eee43f10}: 'java.lang.Object java.lang.invoke.DirectMethodHandle$Holder.invokeSpecial(java.lang.Object, java.lang.Object, java.lang.Object, java.lang.Object, long, java.lang.Object)'> (0x00000000eee43f10) 
thrown [s\open\src\hotspot\share\interpreter\linkResolver.cpp, line 773]
Event: 12.759 Thread 0x000001e6b963b5f0 Exception <a 'java/lang/NoSuchMethodError'{0x00000000eee487c8}: 'java.lang.Object java.lang.invoke.DelegatingMethodHandle$Holder.reinvoke_L(java.lang.Object, java.lang.Object, java.lang.Object, long, java.lang.Object)'> (0x00000000eee487c8) 
thrown [s\open\src\hotspot\share\interpreter\linkResolver.cpp, line 773]
Event: 12.764 Thread 0x000001e6b963b5f0 Exception <a 'java/lang/NoSuchMethodError'{0x00000000eee989a0}: 'java.lang.Object java.lang.invoke.DelegatingMethodHandle$Holder.reinvoke_L(java.lang.Object, java.lang.Object, java.lang.Object, java.lang.Object, int, java.lang.Object, java.lang.Object, java.lang.Object, java.lang.Object, java.lang.Object, int, java.lang.Object, java.lang.Object, java.lang.Object, java.lang.Object)'> (0x00000000eee989a0) 
thrown [s\open\src\hotspot\share\interpreter\linkResolver.cpp, line 773]
Event: 12.804 Thread 0x000001e6bae9bfe0 Implicit null exception at 0x000001e69399320b to 0x000001e6939932cc
Event: 12.804 Thread 0x000001e6bae9c670 Implicit null exception at 0x000001e6938d5c87 to 0x000001e6938d5d4c
Event: 12.819 Thread 0x000001e6b963b5f0 Implicit null exception at 0x000001e693771edd to 0x000001e693772120
Event: 13.071 Thread 0x000001e6b963b5f0 Exception <a 'sun/nio/fs/WindowsException'{0x00000000ee9dd668}> (0x00000000ee9dd668) 
thrown [s\open\src\hotspot\share\prims\jni.cpp, line 520]
Event: 13.132 Thread 0x000001e6b963b5f0 Exception <a 'sun/nio/fs/WindowsException'{0x00000000ee0294d0}> (0x00000000ee0294d0) 
thrown [s\open\src\hotspot\share\prims\jni.cpp, line 520]
Event: 13.134 Thread 0x000001e6b963b5f0 Exception <a 'sun/nio/fs/WindowsException'{0x00000000ee02add8}> (0x00000000ee02add8) 
thrown [s\open\src\hotspot\share\prims\jni.cpp, line 520]
Event: 13.134 Thread 0x000001e6b963b5f0 Exception <a 'sun/nio/fs/WindowsException'{0x00000000ee02d5b0}> (0x00000000ee02d5b0) 
thrown [s\open\src\hotspot\share\prims\jni.cpp, line 520]
Event: 13.134 Thread 0x000001e6b963b5f0 Exception <a 'sun/nio/fs/WindowsException'{0x00000000ee02ebe0}> (0x00000000ee02ebe0) 
thrown [s\open\src\hotspot\share\prims\jni.cpp, line 520]
Event: 13.148 Thread 0x000001e6bccb0780 Implicit null exception at 0x000001e6939a7a0b to 0x000001e6939a7acc

ZGC Phase Switch (0 events):
No events

VM Operations (20 events):
Event: 13.482 Executing VM operation: G1CollectForAllocation (G1 Evacuation Pause) done
Event: 13.768 Executing VM operation: G1CollectForAllocation (G1 Evacuation Pause)
Event: 13.768 Executing VM operation: G1CollectForAllocation (G1 Evacuation Pause) done
Event: 13.768 Executing VM operation: G1CollectForAllocation (GCLocker Initiated GC)
Event: 13.780 Executing VM operation: G1CollectForAllocation (GCLocker Initiated GC) done
Event: 13.993 Executing VM operation: G1CollectForAllocation (G1 Evacuation Pause)
Event: 13.993 Executing VM operation: G1CollectForAllocation (G1 Evacuation Pause) done
Event: 13.994 Executing VM operation: G1CollectForAllocation (GCLocker Initiated GC)
Event: 13.998 Executing VM operation: G1CollectForAllocation (GCLocker Initiated GC) done
Event: 14.280 Executing VM operation: G1CollectForAllocation (G1 Evacuation Pause)
Event: 14.288 Executing VM operation: G1CollectForAllocation (G1 Evacuation Pause) done
Event: 14.642 Executing VM operation: G1CollectForAllocation (G1 Evacuation Pause)
Event: 14.654 Executing VM operation: G1CollectForAllocation (G1 Evacuation Pause) done
Event: 14.679 Executing VM operation: G1PauseRemark
Event: 14.690 Executing VM operation: G1PauseRemark done
Event: 14.703 Executing VM operation: G1PauseCleanup
Event: 14.704 Executing VM operation: G1PauseCleanup done
Event: 14.777 Executing VM operation: G1CollectForAllocation (G1 Evacuation Pause)
Event: 14.782 Executing VM operation: G1CollectForAllocation (G1 Evacuation Pause) done
Event: 14.976 Executing VM operation: G1CollectForAllocation (G1 Evacuation Pause)

Events (20 events):
Event: 14.685 Thread 0x000001e69e7508b0 flushing nmethod 0x000001e68c1a0910
Event: 14.685 Thread 0x000001e69e7508b0 flushing nmethod 0x000001e68c1a1610
Event: 14.685 Thread 0x000001e69e7508b0 flushing nmethod 0x000001e68c1a1a10
Event: 14.685 Thread 0x000001e69e7508b0 flushing nmethod 0x000001e68c1a2790
Event: 14.685 Thread 0x000001e69e7508b0 flushing nmethod 0x000001e68c1a3510
Event: 14.685 Thread 0x000001e69e7508b0 flushing nmethod 0x000001e68c1eb510
Event: 14.685 Thread 0x000001e69e7508b0 flushing nmethod 0x000001e68c1ed990
Event: 14.685 Thread 0x000001e69e7508b0 flushing nmethod 0x000001e68c1ee390
Event: 14.685 Thread 0x000001e69e7508b0 flushing nmethod 0x000001e68c1efc90
Event: 14.685 Thread 0x000001e69e7508b0 flushing nmethod 0x000001e68c1f0c90
Event: 14.685 Thread 0x000001e69e7508b0 flushing nmethod 0x000001e68c1f1a90
Event: 14.685 Thread 0x000001e69e7508b0 flushing nmethod 0x000001e68c24c690
Event: 14.685 Thread 0x000001e69e7508b0 flushing nmethod 0x000001e68c24f490
Event: 14.685 Thread 0x000001e69e7508b0 flushing nmethod 0x000001e68c43bc10
Event: 14.685 Thread 0x000001e69e7508b0 flushing nmethod 0x000001e68c496d90
Event: 14.685 Thread 0x000001e69e7508b0 flushing nmethod 0x000001e68c4c3610
Event: 14.685 Thread 0x000001e69e7508b0 flushing nmethod 0x000001e68c4c3a90
Event: 14.685 Thread 0x000001e69e7508b0 flushing nmethod 0x000001e68c4d8e90
Event: 14.685 Thread 0x000001e69e7508b0 flushing nmethod 0x000001e68c4e2390
Event: 14.685 Thread 0x000001e69e7508b0 flushing nmethod 0x000001e68c4e4f90


Dynamic libraries:
0x00007ff60f8e0000 - 0x00007ff60f8f0000 	C:\Program Files\Java\jdk-21.0.10\bin\java.exe
0x00007ffbc7200000 - 0x00007ffbc7466000 	C:\Windows\SYSTEM32\ntdll.dll
0x00007ffbc5da0000 - 0x00007ffbc5e69000 	C:\Windows\System32\KERNEL32.DLL
0x00007ffbc4740000 - 0x00007ffbc4b3a000 	C:\Windows\System32\KERNELBASE.dll
0x00007ffbc45f0000 - 0x00007ffbc473c000 	C:\Windows\System32\ucrtbase.dll
0x00007ffbb4dc0000 - 0x00007ffbb4dd9000 	C:\Program Files\Java\jdk-21.0.10\bin\jli.dll
0x00007ffbb2970000 - 0x00007ffbb298e000 	C:\Program Files\Java\jdk-21.0.10\bin\VCRUNTIME140.dll
0x00007ffbc68c0000 - 0x00007ffbc6976000 	C:\Windows\System32\ADVAPI32.dll
0x00007ffbc4f70000 - 0x00007ffbc5019000 	C:\Windows\System32\msvcrt.dll
0x00007ffbc6420000 - 0x00007ffbc64ca000 	C:\Windows\System32\sechost.dll
0x00007ffbc5be0000 - 0x00007ffbc5cf8000 	C:\Windows\System32\RPCRT4.dll
0x00007ffbc66d0000 - 0x00007ffbc6897000 	C:\Windows\System32\USER32.dll
0x00007ffbc4b40000 - 0x00007ffbc4b67000 	C:\Windows\System32\win32u.dll
0x00007ffbc3720000 - 0x00007ffbc39b2000 	C:\Windows\WinSxS\amd64_microsoft.windows.common-controls_6595b64144ccf1df_6.0.26100.8521_none_3e08b75ce33403b3\COMCTL32.dll
0x00007ffbc7090000 - 0x00007ffbc70bb000 	C:\Windows\System32\GDI32.dll
0x00007ffbc4cc0000 - 0x00007ffbc4deb000 	C:\Windows\System32\gdi32full.dll
0x00007ffbc4490000 - 0x00007ffbc4533000 	C:\Windows\System32\msvcp_win.dll
0x00007ffbbaf30000 - 0x00007ffbbaf3b000 	C:\Windows\SYSTEM32\VERSION.dll
0x00007ffbc6550000 - 0x00007ffbc6582000 	C:\Windows\System32\IMM32.DLL
0x00007ffbb65a0000 - 0x00007ffbb65ac000 	C:\Program Files\Java\jdk-21.0.10\bin\vcruntime140_1.dll
0x00007ffb38370000 - 0x00007ffb383fd000 	C:\Program Files\Java\jdk-21.0.10\bin\msvcp140.dll
0x00007ffad1ee0000 - 0x00007ffad2c07000 	C:\Program Files\Java\jdk-21.0.10\bin\server\jvm.dll
0x00007ffbc6980000 - 0x00007ffbc6a00000 	C:\Windows\System32\WS2_32.dll
0x00007ffbc3cf0000 - 0x00007ffbc3d4e000 	C:\Windows\SYSTEM32\POWRPROF.dll
0x00007ffbc03f0000 - 0x00007ffbc0426000 	C:\Windows\SYSTEM32\WINMM.dll
0x00007ffbc3bc0000 - 0x00007ffbc3bd4000 	C:\Windows\SYSTEM32\UMPDC.dll
0x00007ffbc2950000 - 0x00007ffbc296b000 	C:\Windows\SYSTEM32\kernel.appcore.dll
0x00007ffbb5ae0000 - 0x00007ffbb5aea000 	C:\Program Files\Java\jdk-21.0.10\bin\jimage.dll
0x00007ffbc3d60000 - 0x00007ffbc3fa2000 	C:\Windows\SYSTEM32\DBGHELP.DLL
0x00007ffbc5840000 - 0x00007ffbc5bc3000 	C:\Windows\System32\combase.dll
0x00007ffbc65f0000 - 0x00007ffbc66c9000 	C:\Windows\System32\OLEAUT32.dll
0x00007ffbc3be0000 - 0x00007ffbc3c1b000 	C:\Windows\SYSTEM32\dbgcore.DLL
0x00007ffbc4540000 - 0x00007ffbc45e8000 	C:\Windows\System32\bcryptPrimitives.dll
0x00007ffbb5980000 - 0x00007ffbb5990000 	C:\Program Files\Java\jdk-21.0.10\bin\instrument.dll
0x00007ffbb2940000 - 0x00007ffbb2961000 	C:\Program Files\Java\jdk-21.0.10\bin\java.dll
0x00007ffbc5020000 - 0x00007ffbc57a4000 	C:\Windows\System32\SHELL32.dll
0x00007ffbc15c0000 - 0x00007ffbc1e40000 	C:\Windows\SYSTEM32\windows.storage.dll
0x00007ffbc6bf0000 - 0x00007ffbc6ce6000 	C:\Windows\System32\SHCORE.dll
0x00007ffbc5d30000 - 0x00007ffbc5d97000 	C:\Windows\System32\shlwapi.dll
0x00007ffbc43b0000 - 0x00007ffbc43d9000 	C:\Windows\SYSTEM32\profapi.dll
0x00007ffb35fb0000 - 0x00007ffb36087000 	C:\Program Files\Java\jdk-21.0.10\bin\jsvml.dll
0x00007ffbb2650000 - 0x00007ffbb2668000 	C:\Program Files\Java\jdk-21.0.10\bin\zip.dll
0x00007ffba9a00000 - 0x00007ffba9a11000 	C:\Program Files\Java\jdk-21.0.10\bin\net.dll
0x00007ffbbbb40000 - 0x00007ffbbbc69000 	C:\Windows\SYSTEM32\WINHTTP.dll
0x00007ffbc2e60000 - 0x00007ffbc2ecc000 	C:\Windows\system32\mswsock.dll
0x00007ffba51b0000 - 0x00007ffba51c6000 	C:\Program Files\Java\jdk-21.0.10\bin\nio.dll
0x00007ffbb4bc0000 - 0x00007ffbb4bd0000 	C:\Program Files\Java\jdk-21.0.10\bin\verify.dll
0x00007ffbb29a0000 - 0x00007ffbb29c7000 	C:\Users\warda\.gradle\native\c067742578af261105cb4f569cf0c3c89f3d7b1fecec35dd04571415982c5e48\windows-amd64\native-platform.dll
0x00007ffb35a90000 - 0x00007ffb35bd4000 	C:\Users\warda\.gradle\native\100fb08df4bc3b14c8652ba06237920a3bd2aa13389f12d3474272988ae205f9\windows-amd64\native-platform-file-events.dll
0x00007ffbb5940000 - 0x00007ffbb594a000 	C:\Program Files\Java\jdk-21.0.10\bin\management.dll
0x00007ffbb4cb0000 - 0x00007ffbb4cbc000 	C:\Program Files\Java\jdk-21.0.10\bin\management_ext.dll
0x00007ffbc6d80000 - 0x00007ffbc6d88000 	C:\Windows\System32\PSAPI.DLL
0x00007ffbc40d0000 - 0x00007ffbc40eb000 	C:\Windows\SYSTEM32\CRYPTSP.dll
0x00007ffbc32a0000 - 0x00007ffbc32d9000 	C:\Windows\system32\rsaenh.dll
0x00007ffbc2ed0000 - 0x00007ffbc2f03000 	C:\Windows\SYSTEM32\USERENV.dll
0x00007ffbc4380000 - 0x00007ffbc43aa000 	C:\Windows\SYSTEM32\bcrypt.dll
0x00007ffbc3290000 - 0x00007ffbc329c000 	C:\Windows\SYSTEM32\CRYPTBASE.dll
0x00007ffbc2360000 - 0x00007ffbc2393000 	C:\Windows\SYSTEM32\IPHLPAPI.DLL
0x00007ffbc6590000 - 0x00007ffbc659a000 	C:\Windows\System32\NSI.dll
0x00007ffbb3250000 - 0x00007ffbb3259000 	C:\Program Files\Java\jdk-21.0.10\bin\extnet.dll
0x00007ffba99f0000 - 0x00007ffba99fe000 	C:\Program Files\Java\jdk-21.0.10\bin\sunmscapi.dll
0x00007ffbc4df0000 - 0x00007ffbc4f68000 	C:\Windows\System32\CRYPT32.dll
0x00007ffbc35e0000 - 0x00007ffbc3610000 	C:\Windows\SYSTEM32\ncrypt.dll
0x00007ffbc3590000 - 0x00007ffbc35cf000 	C:\Windows\SYSTEM32\NTASN1.dll
0x00007ffbb97e0000 - 0x00007ffbb97e8000 	C:\Windows\system32\wshunix.dll

dbghelp: loaded successfully - version: 4.0.5 - missing functions: none
symbol engine: initialized successfully - sym options: 0x614 - pdb path: .;C:\Program Files\Java\jdk-21.0.10\bin;C:\Windows\SYSTEM32;C:\Windows\WinSxS\amd64_microsoft.windows.common-controls_6595b64144ccf1df_6.0.26100.8521_none_3e08b75ce33403b3;C:\Program Files\Java\jdk-21.0.10\bin\server;C:\Users\warda\.gradle\native\c067742578af261105cb4f569cf0c3c89f3d7b1fecec35dd04571415982c5e48\windows-amd64;C:\Users\warda\.gradle\native\100fb08df4bc3b14c8652ba06237920a3bd2aa13389f12d3474272988ae205f9\windows-amd64

VM Arguments:
jvm_args: --add-opens=java.base/java.util=ALL-UNNAMED --add-opens=java.base/java.lang=ALL-UNNAMED --add-opens=java.base/java.lang.invoke=ALL-UNNAMED --add-opens=java.prefs/java.util.prefs=ALL-UNNAMED --add-exports=jdk.compiler/com.sun.tools.javac.api=ALL-UNNAMED --add-exports=jdk.compiler/com.sun.tools.javac.util=ALL-UNNAMED --add-opens=java.base/java.nio.charset=ALL-UNNAMED --add-opens=java.base/java.net=ALL-UNNAMED --add-opens=java.base/java.util.concurrent.atomic=ALL-UNNAMED -XX:MaxMetaspaceSize=384m -XX:+HeapDumpOnOutOfMemoryError -Xms256m -Xmx512m -Dfile.encoding=UTF-8 -Duser.country=US -Duser.language=en -Duser.variant -javaagent:C:\workspace\gradle-8.10\lib\agents\gradle-instrumentation-agent-8.10.jar 
java_command: org.gradle.launcher.daemon.bootstrap.GradleDaemon 8.10
java_class_path (initial): C:\workspace\gradle-8.10\lib\gradle-daemon-main-8.10.jar
Launcher Type: SUN_STANDARD

[Global flags]
     intx CICompilerCount                          = 4                                         {product} {ergonomic}
   size_t CompressedClassSpaceSize                 = 335544320                                 {product} {ergonomic}
     uint ConcGCThreads                            = 3                                         {product} {ergonomic}
     uint G1ConcRefinementThreads                  = 10                                        {product} {ergonomic}
   size_t G1HeapRegionSize                         = 1048576                                   {product} {ergonomic}
    uintx GCDrainStackTargetSize                   = 64                                        {product} {ergonomic}
     bool HeapDumpOnOutOfMemoryError               = true                                   {manageable} {command line}
   size_t InitialHeapSize                          = 268435456                                 {product} {command line}
   size_t MarkStackSize                            = 4194304                                   {product} {ergonomic}
   size_t MaxHeapSize                              = 536870912                                 {product} {command line}
   size_t MaxMetaspaceSize                         = 402653184                                 {product} {command line}
   size_t MaxNewSize                               = 321912832                                 {product} {ergonomic}
   size_t MinHeapDeltaBytes                        = 1048576                                   {product} {ergonomic}
   size_t MinHeapSize                              = 268435456                                 {product} {command line}
    uintx NonNMethodCodeHeapSize                   = 5839372                                {pd product} {ergonomic}
    uintx NonProfiledCodeHeapSize                  = 122909434                              {pd product} {ergonomic}
    uintx ProfiledCodeHeapSize                     = 122909434                              {pd product} {ergonomic}
    uintx ReservedCodeCacheSize                    = 251658240                              {pd product} {ergonomic}
     bool SegmentedCodeCache                       = true                                      {product} {ergonomic}
   size_t SoftMaxHeapSize                          = 536870912                              {manageable} {ergonomic}
     bool UseCompressedOops                        = true                           {product lp64_product} {ergonomic}
     bool UseG1GC                                  = true                                      {product} {ergonomic}
     bool UseLargePagesIndividualAllocation        = false                                  {pd product} {ergonomic}

Logging:
Log output configuration:
 #0: stdout all=warning uptime,level,tags foldmultilines=false
 #1: stderr all=off uptime,level,tags foldmultilines=false

Environment Variables:
CLASSPATH=C:\workspace\gradle-8.10\lib\gradle-gradle-cli-main-8.10.jar
PATH=C:\Program Files\Google\Chrome\Application;C:\Program Files\Common Files\Oracle\Java\javapath;C:\Windows\system32;C:\Windows;C:\Windows\System32\Wbem;C:\Windows\System32\WindowsPowerShell\v1.0\;C:\Windows\System32\OpenSSH\;C:\Program Files (x86)\NVIDIA Corporation\PhysX\Common;C:\Program Files\NVIDIA Corporation\NVIDIA App\NvDLISR;C:\Users\warda\AppData\Local\Microsoft\WindowsApps;
USERNAME=warda
OS=Windows_NT
PROCESSOR_IDENTIFIER=Intel64 Family 6 Model 186 Stepping 2, GenuineIntel
TMP=C:\Users\warda\AppData\Local\Temp
TEMP=C:\Users\warda\AppData\Local\Temp




Periodic native trim disabled

---------------  S Y S T E M  ---------------

OS:
 Windows 11 , 64 bit Build 26100 (10.0.26100.8521)
OS uptime: 4 days 5:37 hours
Hyper-V role detected

CPU: total 12 (initial active 12) (6 cores per cpu, 2 threads per core) family 6 model 186 stepping 2 microcode 0x5105, cx8, cmov, fxsr, ht, mmx, 3dnowpref, sse, sse2, sse3, ssse3, sse4.1, sse4.2, popcnt, lzcnt, tsc, tscinvbit, avx, avx2, aes, erms, clmul, bmi1, bmi2, adx, sha, fma, vzeroupper, clflush, clflushopt, clwb, hv, serialize, rdtscp, rdpid, fsrm, f16c, cet_ibt, cet_ss
Processor Information for all 12 processors :
  Max Mhz: 2100, Current Mhz: 2100, Mhz Limit: 2100

Memory: 4k page, system-wide physical 16071M (642M free)
TotalPageFile size 65223M (AvailPageFile size 26M)
current process WorkingSet (physical memory assigned to process): 474M, peak: 482M
current process commit charge ("private bytes"): 525M, peak: 533M

vm_info: Java HotSpot(TM) 64-Bit Server VM (21.0.10+8-LTS-217) for windows-amd64 JRE (21.0.10+8-LTS-217), built on 2025-12-18T14:59:28Z by "mach5run" with MS VC++ 17.13 (VS2022)

END.
