#
# There is insufficient memory for the Java Runtime Environment to continue.
# Native memory allocation (malloc) failed to allocate 1904656 bytes for Chunk::new
# Possible reasons:
#   The system is out of physical RAM or swap space
#   The process is running with CompressedOops enabled, and the Java Heap may be blocking the growth of the native heap
# Possible solutions:
#   Reduce memory load on the system
#   Increase physical memory or swap space
#   Check if swap backing store is full
#   Decrease Java heap size (-Xmx/-Xms)
#   Decrease number of Java threads
#   Decrease Java thread stack sizes (-Xss)
#   Set larger code cache with -XX:ReservedCodeCacheSize=
#   JVM is running with Unscaled Compressed Oops mode in which the Java heap is
#     placed in the first 4GB address space. The Java Heap base address is the
#     maximum limit for the native heap growth. Please use -XX:HeapBaseMinAddress
#     to set the Java Heap base and to place the Java Heap above 4GB virtual address.
# This output file may be truncated or incomplete.
#
#  Out of Memory Error (arena.cpp:168), pid=39148, tid=64884
#
# JRE version: Java(TM) SE Runtime Environment (21.0.10+8) (build 21.0.10+8-LTS-217)
# Java VM: Java HotSpot(TM) 64-Bit Server VM (21.0.10+8-LTS-217, mixed mode, sharing, tiered, compressed oops, compressed class ptrs, g1 gc, windows-amd64)
# No core dump will be written. Minidumps are not enabled by default on client versions of Windows
#

---------------  S U M M A R Y ------------

Command Line: -XX:MaxMetaspaceSize=512m -XX:+HeapDumpOnOutOfMemoryError --add-opens=java.base/java.util=ALL-UNNAMED --add-opens=java.base/java.lang=ALL-UNNAMED --add-opens=java.base/java.lang.invoke=ALL-UNNAMED --add-opens=java.prefs/java.util.prefs=ALL-UNNAMED --add-exports=jdk.compiler/com.sun.tools.javac.api=ALL-UNNAMED --add-exports=jdk.compiler/com.sun.tools.javac.util=ALL-UNNAMED --add-opens=java.base/java.nio.charset=ALL-UNNAMED --add-opens=java.base/java.net=ALL-UNNAMED --add-opens=java.base/java.util.concurrent.atomic=ALL-UNNAMED -Xmx2G -Dfile.encoding=UTF-8 -Duser.country=US -Duser.language=en -Duser.variant -javaagent:C:\workspace\gradle-8.10\lib\agents\gradle-instrumentation-agent-8.10.jar org.gradle.launcher.daemon.bootstrap.GradleDaemon 8.10

Host: 13th Gen Intel(R) Core(TM) i5-13420H, 12 cores, 15G,  Windows 11 , 64 bit Build 26100 (10.0.26100.8521)
Time: Thu Jun 18 21:19:56 2026 Eastern Daylight Time elapsed time: 11.560650 seconds (0d 0h 0m 11s)

---------------  T H R E A D  ---------------

Current thread (0x000001f3195b2a30):  JavaThread "C2 CompilerThread0" daemon [_thread_in_native, id=64884, stack(0x00000064f0900000,0x00000064f0a00000) (1024K)]


Current CompileTask:
C2:  11560 2710   !   4       java.lang.ClassLoader::loadClass (121 bytes)

Stack: [0x00000064f0900000,0x00000064f0a00000]
Native frames: (J=compiled Java code, j=interpreted, Vv=VM code, C=native code)
V  [jvm.dll+0x6d0b59]
V  [jvm.dll+0x85fd56]
V  [jvm.dll+0x86224e]
V  [jvm.dll+0x862923]
V  [jvm.dll+0x282a16]
V  [jvm.dll+0xc662d]
V  [jvm.dll+0xc6b71]
V  [jvm.dll+0x3bbb21]
V  [jvm.dll+0x387fd2]
V  [jvm.dll+0x38741a]
V  [jvm.dll+0x24b370]
V  [jvm.dll+0x24a94f]
V  [jvm.dll+0x1cacfe]
V  [jvm.dll+0x25a629]
V  [jvm.dll+0x258bb5]
V  [jvm.dll+0x3f4da1]
V  [jvm.dll+0x80a83d]
V  [jvm.dll+0x6cf3fd]
C  [ucrtbase.dll+0x2cd30]
C  [KERNEL32.DLL+0x2e957]
C  [ntdll.dll+0x87c1c]


---------------  P R O C E S S  ---------------

Threads class SMR info:
_java_thread_list=0x000001f339df16b0, length=24, elements={
0x000001f37a2a6920, 0x000001f31959dbd0, 0x000001f3195a0640, 0x000001f3195a10a0,
0x000001f3195a3c80, 0x000001f3195a1d10, 0x000001f3195a30b0, 0x000001f3195b2a30,
0x000001f3195b73d0, 0x000001f319892970, 0x000001f3198922c0, 0x000001f33a935070,
0x000001f33abb16b0, 0x000001f33ab99a00, 0x000001f33ab6be30, 0x000001f33a957870,
0x000001f33a975f10, 0x000001f33a9867e0, 0x000001f33a987500, 0x000001f33a986e70,
0x000001f33a985430, 0x000001f33a984080, 0x000001f33a986150, 0x000001f33a984710
}

Java Threads: ( => current thread )
  0x000001f37a2a6920 JavaThread "main"                              [_thread_blocked, id=58512, stack(0x00000064efb00000,0x00000064efc00000) (1024K)]
  0x000001f31959dbd0 JavaThread "Reference Handler"          daemon [_thread_blocked, id=40060, stack(0x00000064f0300000,0x00000064f0400000) (1024K)]
  0x000001f3195a0640 JavaThread "Finalizer"                  daemon [_thread_blocked, id=63908, stack(0x00000064f0400000,0x00000064f0500000) (1024K)]
  0x000001f3195a10a0 JavaThread "Signal Dispatcher"          daemon [_thread_blocked, id=36752, stack(0x00000064f0500000,0x00000064f0600000) (1024K)]
  0x000001f3195a3c80 JavaThread "Attach Listener"            daemon [_thread_blocked, id=22460, stack(0x00000064f0600000,0x00000064f0700000) (1024K)]
  0x000001f3195a1d10 JavaThread "Service Thread"             daemon [_thread_blocked, id=45828, stack(0x00000064f0700000,0x00000064f0800000) (1024K)]
  0x000001f3195a30b0 JavaThread "Monitor Deflation Thread"   daemon [_thread_blocked, id=56396, stack(0x00000064f0800000,0x00000064f0900000) (1024K)]
=>0x000001f3195b2a30 JavaThread "C2 CompilerThread0"         daemon [_thread_in_native, id=64884, stack(0x00000064f0900000,0x00000064f0a00000) (1024K)]
  0x000001f3195b73d0 JavaThread "C1 CompilerThread0"         daemon [_thread_blocked, id=60812, stack(0x00000064f0a00000,0x00000064f0b00000) (1024K)]
  0x000001f319892970 JavaThread "Common-Cleaner"             daemon [_thread_blocked, id=44392, stack(0x00000064f0b00000,0x00000064f0c00000) (1024K)]
  0x000001f3198922c0 JavaThread "Notification Thread"        daemon [_thread_blocked, id=26492, stack(0x00000064f0c00000,0x00000064f0d00000) (1024K)]
  0x000001f33a935070 JavaThread "Daemon health stats"               [_thread_blocked, id=17740, stack(0x00000064f0e00000,0x00000064f0f00000) (1024K)]
  0x000001f33abb16b0 JavaThread "Incoming local TCP Connector on port 58001"        [_thread_in_native, id=46812, stack(0x00000064f1400000,0x00000064f1500000) (1024K)]
  0x000001f33ab99a00 JavaThread "Daemon periodic checks"            [_thread_blocked, id=24000, stack(0x00000064f1500000,0x00000064f1600000) (1024K)]
  0x000001f33ab6be30 JavaThread "Daemon"                            [_thread_blocked, id=64996, stack(0x00000064f0d00000,0x00000064f0e00000) (1024K)]
  0x000001f33a957870 JavaThread "Handler for socket connection from /127.0.0.1:58001 to /127.0.0.1:58002"        [_thread_in_native, id=30196, stack(0x00000064f1600000,0x00000064f1700000) (1024K)]
  0x000001f33a975f10 JavaThread "Cancel handler"                    [_thread_blocked, id=64648, stack(0x00000064f1700000,0x00000064f1800000) (1024K)]
  0x000001f33a9867e0 JavaThread "Daemon worker"                     [_thread_in_vm, id=64988, stack(0x00000064f1800000,0x00000064f1900000) (1024K)]
  0x000001f33a987500 JavaThread "Asynchronous log dispatcher for DefaultDaemonConnection: socket connection from /127.0.0.1:58001 to /127.0.0.1:58002"        [_thread_blocked, id=64432, stack(0x00000064f1900000,0x00000064f1a00000) (1024K)]
  0x000001f33a986e70 JavaThread "Stdin handler"                     [_thread_blocked, id=63796, stack(0x00000064f1a00000,0x00000064f1b00000) (1024K)]
  0x000001f33a985430 JavaThread "Daemon client event forwarder"        [_thread_blocked, id=64856, stack(0x00000064f1b00000,0x00000064f1c00000) (1024K)]
  0x000001f33a984080 JavaThread "Cache worker for journal cache (C:\Users\warda\.gradle\caches\journal-1)"        [_thread_blocked, id=64216, stack(0x00000064f1c00000,0x00000064f1d00000) (1024K)]
  0x000001f33a986150 JavaThread "File lock request listener"        [_thread_in_native, id=64948, stack(0x00000064f1d00000,0x00000064f1e00000) (1024K)]
  0x000001f33a984710 JavaThread "Cache worker for file hash cache (C:\Users\warda\.gradle\caches\8.10\fileHashes)"        [_thread_blocked, id=64568, stack(0x00000064f1e00000,0x00000064f1f00000) (1024K)]
Total: 24

Other Threads:
  0x000001f31957ead0 VMThread "VM Thread"                           [id=30076, stack(0x00000064f0200000,0x00000064f0300000) (1024K)]
  0x000001f319660af0 WatcherThread "VM Periodic Task Thread"        [id=64140, stack(0x00000064f0100000,0x00000064f0200000) (1024K)]
  0x000001f37c675150 WorkerThread "GC Thread#0"                     [id=64600, stack(0x00000064efc00000,0x00000064efd00000) (1024K)]
  0x000001f339e453c0 WorkerThread "GC Thread#1"                     [id=53328, stack(0x00000064f0f00000,0x00000064f1000000) (1024K)]
  0x000001f339e45770 WorkerThread "GC Thread#2"                     [id=57896, stack(0x00000064f1000000,0x00000064f1100000) (1024K)]
  0x000001f339e45b20 WorkerThread "GC Thread#3"                     [id=63980, stack(0x00000064f1100000,0x00000064f1200000) (1024K)]
  0x000001f339a5f240 WorkerThread "GC Thread#4"                     [id=59760, stack(0x00000064f1200000,0x00000064f1300000) (1024K)]
  0x000001f339e9cae0 WorkerThread "GC Thread#5"                     [id=61168, stack(0x00000064f1300000,0x00000064f1400000) (1024K)]
  0x000001f37a36bfb0 ConcurrentGCThread "G1 Main Marker"            [id=47896, stack(0x00000064efd00000,0x00000064efe00000) (1024K)]
  0x000001f37a36e860 WorkerThread "G1 Conc#0"                       [id=64184, stack(0x00000064efe00000,0x00000064eff00000) (1024K)]
  0x000001f3194b8d00 ConcurrentGCThread "G1 Refine#0"               [id=59492, stack(0x00000064eff00000,0x00000064f0000000) (1024K)]
  0x000001f3194bb6d0 ConcurrentGCThread "G1 Service"                [id=21508, stack(0x00000064f0000000,0x00000064f0100000) (1024K)]
Total: 12

Threads with active compile tasks:
C2 CompilerThread0    11634 2710   !   4       java.lang.ClassLoader::loadClass (121 bytes)
Total: 1

VM state: not at safepoint (normal execution)

VM Mutex/Monitor currently owned by a thread: None

Heap address: 0x0000000080000000, size: 2048 MB, Compressed Oops mode: 32-bit

CDS archive(s) mapped at: [0x000001f31a000000-0x000001f31ac90000-0x000001f31ac90000), size 13172736, SharedBaseAddress: 0x000001f31a000000, ArchiveRelocationMode: 1.
Compressed class space mapped at: 0x000001f31b000000-0x000001f335000000, reserved size: 436207616
Narrow klass base: 0x000001f31a000000, Narrow klass shift: 0, Narrow klass range: 0x100000000

GC Precious Log:
 CardTable entry size: 512
 Card Set container configuration: InlinePtr #cards 5 size 8 Array Of Cards #cards 12 size 40 Howl #buckets 4 coarsen threshold 1843 Howl Bitmap #cards 512 size 80 coarsen threshold 460 Card regions per heap region 1 cards per card region 2048
 CPUs: 12 total, 12 available
 Memory: 16071M
 Large Page Support: Disabled
 NUMA Support: Disabled
 Compressed Oops: Enabled (32-bit)
 Heap Region Size: 1M
 Heap Min Capacity: 8M
 Heap Initial Capacity: 252M
 Heap Max Capacity: 2G
 Pre-touch: Disabled
 Parallel Workers: 10
 Concurrent Workers: 3
 Concurrent Refinement Workers: 10
 Periodic GC: Disabled

Heap:
 garbage-first heap   total 258048K, used 88483K [0x0000000080000000, 0x0000000100000000)
  region size 1024K, 76 young (77824K), 2 survivors (2048K)
 Metaspace       used 15257K, committed 15744K, reserved 491520K
  class space    used 2043K, committed 2304K, reserved 425984K

Heap Regions: E=young(eden), S=young(survivor), O=old, HS=humongous(starts), HC=humongous(continues), CS=collection set, F=free, TAMS=top-at-mark-start, PB=parsable bottom
|   0|0x0000000080000000, 0x0000000080100000, 0x0000000080100000|100%|HS|  |TAMS 0x0000000080000000| PB 0x0000000080000000| Complete 
|   1|0x0000000080100000, 0x0000000080200000, 0x0000000080200000|100%|HC|  |TAMS 0x0000000080100000| PB 0x0000000080100000| Complete 
|   2|0x0000000080200000, 0x0000000080300000, 0x0000000080300000|100%|HC|  |TAMS 0x0000000080200000| PB 0x0000000080200000| Complete 
|   3|0x0000000080300000, 0x0000000080400000, 0x0000000080400000|100%|HC|  |TAMS 0x0000000080300000| PB 0x0000000080300000| Complete 
|   4|0x0000000080400000, 0x0000000080500000, 0x0000000080500000|100%| O|  |TAMS 0x0000000080400000| PB 0x0000000080400000| Untracked 
|   5|0x0000000080500000, 0x0000000080600000, 0x0000000080600000|100%| O|  |TAMS 0x0000000080500000| PB 0x0000000080500000| Untracked 
|   6|0x0000000080600000, 0x0000000080700000, 0x0000000080700000|100%| O|  |TAMS 0x0000000080600000| PB 0x0000000080600000| Untracked 
|   7|0x0000000080700000, 0x0000000080800000, 0x0000000080800000|100%| O|  |TAMS 0x0000000080700000| PB 0x0000000080700000| Untracked 
|   8|0x0000000080800000, 0x0000000080900000, 0x0000000080900000|100%| O|  |TAMS 0x0000000080800000| PB 0x0000000080800000| Untracked 
|   9|0x0000000080900000, 0x00000000809eb218, 0x0000000080a00000| 91%| O|  |TAMS 0x0000000080900000| PB 0x0000000080900000| Untracked 
|  10|0x0000000080a00000, 0x0000000080b00000, 0x0000000080b00000|100%|HS|  |TAMS 0x0000000080a00000| PB 0x0000000080a00000| Complete 
|  11|0x0000000080b00000, 0x0000000080c00000, 0x0000000080c00000|100%|HS|  |TAMS 0x0000000080b00000| PB 0x0000000080b00000| Complete 
|  12|0x0000000080c00000, 0x0000000080c00000, 0x0000000080d00000|  0%| F|  |TAMS 0x0000000080c00000| PB 0x0000000080c00000| Untracked 
|  13|0x0000000080d00000, 0x0000000080d00000, 0x0000000080e00000|  0%| F|  |TAMS 0x0000000080d00000| PB 0x0000000080d00000| Untracked 
|  14|0x0000000080e00000, 0x0000000080e00000, 0x0000000080f00000|  0%| F|  |TAMS 0x0000000080e00000| PB 0x0000000080e00000| Untracked 
|  15|0x0000000080f00000, 0x0000000080f00000, 0x0000000081000000|  0%| F|  |TAMS 0x0000000080f00000| PB 0x0000000080f00000| Untracked 
|  16|0x0000000081000000, 0x0000000081000000, 0x0000000081100000|  0%| F|  |TAMS 0x0000000081000000| PB 0x0000000081000000| Untracked 
|  17|0x0000000081100000, 0x0000000081100000, 0x0000000081200000|  0%| F|  |TAMS 0x0000000081100000| PB 0x0000000081100000| Untracked 
|  18|0x0000000081200000, 0x0000000081200000, 0x0000000081300000|  0%| F|  |TAMS 0x0000000081200000| PB 0x0000000081200000| Untracked 
|  19|0x0000000081300000, 0x0000000081300000, 0x0000000081400000|  0%| F|  |TAMS 0x0000000081300000| PB 0x0000000081300000| Untracked 
|  20|0x0000000081400000, 0x0000000081400000, 0x0000000081500000|  0%| F|  |TAMS 0x0000000081400000| PB 0x0000000081400000| Untracked 
|  21|0x0000000081500000, 0x0000000081500000, 0x0000000081600000|  0%| F|  |TAMS 0x0000000081500000| PB 0x0000000081500000| Untracked 
|  22|0x0000000081600000, 0x0000000081600000, 0x0000000081700000|  0%| F|  |TAMS 0x0000000081600000| PB 0x0000000081600000| Untracked 
|  23|0x0000000081700000, 0x0000000081700000, 0x0000000081800000|  0%| F|  |TAMS 0x0000000081700000| PB 0x0000000081700000| Untracked 
|  24|0x0000000081800000, 0x0000000081800000, 0x0000000081900000|  0%| F|  |TAMS 0x0000000081800000| PB 0x0000000081800000| Untracked 
|  25|0x0000000081900000, 0x0000000081900000, 0x0000000081a00000|  0%| F|  |TAMS 0x0000000081900000| PB 0x0000000081900000| Untracked 
|  26|0x0000000081a00000, 0x0000000081a00000, 0x0000000081b00000|  0%| F|  |TAMS 0x0000000081a00000| PB 0x0000000081a00000| Untracked 
|  27|0x0000000081b00000, 0x0000000081b00000, 0x0000000081c00000|  0%| F|  |TAMS 0x0000000081b00000| PB 0x0000000081b00000| Untracked 
|  28|0x0000000081c00000, 0x0000000081c00000, 0x0000000081d00000|  0%| F|  |TAMS 0x0000000081c00000| PB 0x0000000081c00000| Untracked 
|  29|0x0000000081d00000, 0x0000000081d00000, 0x0000000081e00000|  0%| F|  |TAMS 0x0000000081d00000| PB 0x0000000081d00000| Untracked 
|  30|0x0000000081e00000, 0x0000000081e00000, 0x0000000081f00000|  0%| F|  |TAMS 0x0000000081e00000| PB 0x0000000081e00000| Untracked 
|  31|0x0000000081f00000, 0x0000000081f00000, 0x0000000082000000|  0%| F|  |TAMS 0x0000000081f00000| PB 0x0000000081f00000| Untracked 
|  32|0x0000000082000000, 0x0000000082000000, 0x0000000082100000|  0%| F|  |TAMS 0x0000000082000000| PB 0x0000000082000000| Untracked 
|  33|0x0000000082100000, 0x0000000082100000, 0x0000000082200000|  0%| F|  |TAMS 0x0000000082100000| PB 0x0000000082100000| Untracked 
|  34|0x0000000082200000, 0x0000000082200000, 0x0000000082300000|  0%| F|  |TAMS 0x0000000082200000| PB 0x0000000082200000| Untracked 
|  35|0x0000000082300000, 0x0000000082300000, 0x0000000082400000|  0%| F|  |TAMS 0x0000000082300000| PB 0x0000000082300000| Untracked 
|  36|0x0000000082400000, 0x0000000082400000, 0x0000000082500000|  0%| F|  |TAMS 0x0000000082400000| PB 0x0000000082400000| Untracked 
|  37|0x0000000082500000, 0x0000000082500000, 0x0000000082600000|  0%| F|  |TAMS 0x0000000082500000| PB 0x0000000082500000| Untracked 
|  38|0x0000000082600000, 0x0000000082600000, 0x0000000082700000|  0%| F|  |TAMS 0x0000000082600000| PB 0x0000000082600000| Untracked 
|  39|0x0000000082700000, 0x0000000082700000, 0x0000000082800000|  0%| F|  |TAMS 0x0000000082700000| PB 0x0000000082700000| Untracked 
|  40|0x0000000082800000, 0x0000000082800000, 0x0000000082900000|  0%| F|  |TAMS 0x0000000082800000| PB 0x0000000082800000| Untracked 
|  41|0x0000000082900000, 0x0000000082900000, 0x0000000082a00000|  0%| F|  |TAMS 0x0000000082900000| PB 0x0000000082900000| Untracked 
|  42|0x0000000082a00000, 0x0000000082a00000, 0x0000000082b00000|  0%| F|  |TAMS 0x0000000082a00000| PB 0x0000000082a00000| Untracked 
|  43|0x0000000082b00000, 0x0000000082b00000, 0x0000000082c00000|  0%| F|  |TAMS 0x0000000082b00000| PB 0x0000000082b00000| Untracked 
|  44|0x0000000082c00000, 0x0000000082c00000, 0x0000000082d00000|  0%| F|  |TAMS 0x0000000082c00000| PB 0x0000000082c00000| Untracked 
|  45|0x0000000082d00000, 0x0000000082d00000, 0x0000000082e00000|  0%| F|  |TAMS 0x0000000082d00000| PB 0x0000000082d00000| Untracked 
|  46|0x0000000082e00000, 0x0000000082e00000, 0x0000000082f00000|  0%| F|  |TAMS 0x0000000082e00000| PB 0x0000000082e00000| Untracked 
|  47|0x0000000082f00000, 0x0000000082f00000, 0x0000000083000000|  0%| F|  |TAMS 0x0000000082f00000| PB 0x0000000082f00000| Untracked 
|  48|0x0000000083000000, 0x0000000083000000, 0x0000000083100000|  0%| F|  |TAMS 0x0000000083000000| PB 0x0000000083000000| Untracked 
|  49|0x0000000083100000, 0x0000000083100000, 0x0000000083200000|  0%| F|  |TAMS 0x0000000083100000| PB 0x0000000083100000| Untracked 
|  50|0x0000000083200000, 0x0000000083200000, 0x0000000083300000|  0%| F|  |TAMS 0x0000000083200000| PB 0x0000000083200000| Untracked 
|  51|0x0000000083300000, 0x0000000083300000, 0x0000000083400000|  0%| F|  |TAMS 0x0000000083300000| PB 0x0000000083300000| Untracked 
|  52|0x0000000083400000, 0x0000000083400000, 0x0000000083500000|  0%| F|  |TAMS 0x0000000083400000| PB 0x0000000083400000| Untracked 
|  53|0x0000000083500000, 0x0000000083500000, 0x0000000083600000|  0%| F|  |TAMS 0x0000000083500000| PB 0x0000000083500000| Untracked 
|  54|0x0000000083600000, 0x0000000083600000, 0x0000000083700000|  0%| F|  |TAMS 0x0000000083600000| PB 0x0000000083600000| Untracked 
|  55|0x0000000083700000, 0x0000000083700000, 0x0000000083800000|  0%| F|  |TAMS 0x0000000083700000| PB 0x0000000083700000| Untracked 
|  56|0x0000000083800000, 0x0000000083800000, 0x0000000083900000|  0%| F|  |TAMS 0x0000000083800000| PB 0x0000000083800000| Untracked 
|  57|0x0000000083900000, 0x0000000083900000, 0x0000000083a00000|  0%| F|  |TAMS 0x0000000083900000| PB 0x0000000083900000| Untracked 
|  58|0x0000000083a00000, 0x0000000083a00000, 0x0000000083b00000|  0%| F|  |TAMS 0x0000000083a00000| PB 0x0000000083a00000| Untracked 
|  59|0x0000000083b00000, 0x0000000083b00000, 0x0000000083c00000|  0%| F|  |TAMS 0x0000000083b00000| PB 0x0000000083b00000| Untracked 
|  60|0x0000000083c00000, 0x0000000083c00000, 0x0000000083d00000|  0%| F|  |TAMS 0x0000000083c00000| PB 0x0000000083c00000| Untracked 
|  61|0x0000000083d00000, 0x0000000083d00000, 0x0000000083e00000|  0%| F|  |TAMS 0x0000000083d00000| PB 0x0000000083d00000| Untracked 
|  62|0x0000000083e00000, 0x0000000083e00000, 0x0000000083f00000|  0%| F|  |TAMS 0x0000000083e00000| PB 0x0000000083e00000| Untracked 
|  63|0x0000000083f00000, 0x0000000083f00000, 0x0000000084000000|  0%| F|  |TAMS 0x0000000083f00000| PB 0x0000000083f00000| Untracked 
|  64|0x0000000084000000, 0x0000000084000000, 0x0000000084100000|  0%| F|  |TAMS 0x0000000084000000| PB 0x0000000084000000| Untracked 
|  65|0x0000000084100000, 0x0000000084100000, 0x0000000084200000|  0%| F|  |TAMS 0x0000000084100000| PB 0x0000000084100000| Untracked 
|  66|0x0000000084200000, 0x0000000084200000, 0x0000000084300000|  0%| F|  |TAMS 0x0000000084200000| PB 0x0000000084200000| Untracked 
|  67|0x0000000084300000, 0x0000000084300000, 0x0000000084400000|  0%| F|  |TAMS 0x0000000084300000| PB 0x0000000084300000| Untracked 
|  68|0x0000000084400000, 0x0000000084400000, 0x0000000084500000|  0%| F|  |TAMS 0x0000000084400000| PB 0x0000000084400000| Untracked 
|  69|0x0000000084500000, 0x0000000084500000, 0x0000000084600000|  0%| F|  |TAMS 0x0000000084500000| PB 0x0000000084500000| Untracked 
|  70|0x0000000084600000, 0x0000000084600000, 0x0000000084700000|  0%| F|  |TAMS 0x0000000084600000| PB 0x0000000084600000| Untracked 
|  71|0x0000000084700000, 0x0000000084700000, 0x0000000084800000|  0%| F|  |TAMS 0x0000000084700000| PB 0x0000000084700000| Untracked 
|  72|0x0000000084800000, 0x0000000084800000, 0x0000000084900000|  0%| F|  |TAMS 0x0000000084800000| PB 0x0000000084800000| Untracked 
|  73|0x0000000084900000, 0x0000000084900000, 0x0000000084a00000|  0%| F|  |TAMS 0x0000000084900000| PB 0x0000000084900000| Untracked 
|  74|0x0000000084a00000, 0x0000000084a00000, 0x0000000084b00000|  0%| F|  |TAMS 0x0000000084a00000| PB 0x0000000084a00000| Untracked 
|  75|0x0000000084b00000, 0x0000000084b00000, 0x0000000084c00000|  0%| F|  |TAMS 0x0000000084b00000| PB 0x0000000084b00000| Untracked 
|  76|0x0000000084c00000, 0x0000000084c00000, 0x0000000084d00000|  0%| F|  |TAMS 0x0000000084c00000| PB 0x0000000084c00000| Untracked 
|  77|0x0000000084d00000, 0x0000000084d00000, 0x0000000084e00000|  0%| F|  |TAMS 0x0000000084d00000| PB 0x0000000084d00000| Untracked 
|  78|0x0000000084e00000, 0x0000000084e00000, 0x0000000084f00000|  0%| F|  |TAMS 0x0000000084e00000| PB 0x0000000084e00000| Untracked 
|  79|0x0000000084f00000, 0x0000000084f00000, 0x0000000085000000|  0%| F|  |TAMS 0x0000000084f00000| PB 0x0000000084f00000| Untracked 
|  80|0x0000000085000000, 0x0000000085000000, 0x0000000085100000|  0%| F|  |TAMS 0x0000000085000000| PB 0x0000000085000000| Untracked 
|  81|0x0000000085100000, 0x0000000085100000, 0x0000000085200000|  0%| F|  |TAMS 0x0000000085100000| PB 0x0000000085100000| Untracked 
|  82|0x0000000085200000, 0x0000000085200000, 0x0000000085300000|  0%| F|  |TAMS 0x0000000085200000| PB 0x0000000085200000| Untracked 
|  83|0x0000000085300000, 0x0000000085300000, 0x0000000085400000|  0%| F|  |TAMS 0x0000000085300000| PB 0x0000000085300000| Untracked 
|  84|0x0000000085400000, 0x0000000085400000, 0x0000000085500000|  0%| F|  |TAMS 0x0000000085400000| PB 0x0000000085400000| Untracked 
|  85|0x0000000085500000, 0x0000000085500000, 0x0000000085600000|  0%| F|  |TAMS 0x0000000085500000| PB 0x0000000085500000| Untracked 
|  86|0x0000000085600000, 0x0000000085600000, 0x0000000085700000|  0%| F|  |TAMS 0x0000000085600000| PB 0x0000000085600000| Untracked 
|  87|0x0000000085700000, 0x0000000085700000, 0x0000000085800000|  0%| F|  |TAMS 0x0000000085700000| PB 0x0000000085700000| Untracked 
|  88|0x0000000085800000, 0x0000000085800000, 0x0000000085900000|  0%| F|  |TAMS 0x0000000085800000| PB 0x0000000085800000| Untracked 
|  89|0x0000000085900000, 0x0000000085900000, 0x0000000085a00000|  0%| F|  |TAMS 0x0000000085900000| PB 0x0000000085900000| Untracked 
|  90|0x0000000085a00000, 0x0000000085a00000, 0x0000000085b00000|  0%| F|  |TAMS 0x0000000085a00000| PB 0x0000000085a00000| Untracked 
|  91|0x0000000085b00000, 0x0000000085b00000, 0x0000000085c00000|  0%| F|  |TAMS 0x0000000085b00000| PB 0x0000000085b00000| Untracked 
|  92|0x0000000085c00000, 0x0000000085c00000, 0x0000000085d00000|  0%| F|  |TAMS 0x0000000085c00000| PB 0x0000000085c00000| Untracked 
|  93|0x0000000085d00000, 0x0000000085d00000, 0x0000000085e00000|  0%| F|  |TAMS 0x0000000085d00000| PB 0x0000000085d00000| Untracked 
|  94|0x0000000085e00000, 0x0000000085e00000, 0x0000000085f00000|  0%| F|  |TAMS 0x0000000085e00000| PB 0x0000000085e00000| Untracked 
|  95|0x0000000085f00000, 0x0000000085f00000, 0x0000000086000000|  0%| F|  |TAMS 0x0000000085f00000| PB 0x0000000085f00000| Untracked 
|  96|0x0000000086000000, 0x0000000086000000, 0x0000000086100000|  0%| F|  |TAMS 0x0000000086000000| PB 0x0000000086000000| Untracked 
|  97|0x0000000086100000, 0x0000000086100000, 0x0000000086200000|  0%| F|  |TAMS 0x0000000086100000| PB 0x0000000086100000| Untracked 
|  98|0x0000000086200000, 0x0000000086200000, 0x0000000086300000|  0%| F|  |TAMS 0x0000000086200000| PB 0x0000000086200000| Untracked 
|  99|0x0000000086300000, 0x0000000086300000, 0x0000000086400000|  0%| F|  |TAMS 0x0000000086300000| PB 0x0000000086300000| Untracked 
| 100|0x0000000086400000, 0x0000000086400000, 0x0000000086500000|  0%| F|  |TAMS 0x0000000086400000| PB 0x0000000086400000| Untracked 
| 101|0x0000000086500000, 0x0000000086500000, 0x0000000086600000|  0%| F|  |TAMS 0x0000000086500000| PB 0x0000000086500000| Untracked 
| 102|0x0000000086600000, 0x0000000086600000, 0x0000000086700000|  0%| F|  |TAMS 0x0000000086600000| PB 0x0000000086600000| Untracked 
| 103|0x0000000086700000, 0x0000000086700000, 0x0000000086800000|  0%| F|  |TAMS 0x0000000086700000| PB 0x0000000086700000| Untracked 
| 104|0x0000000086800000, 0x0000000086800000, 0x0000000086900000|  0%| F|  |TAMS 0x0000000086800000| PB 0x0000000086800000| Untracked 
| 105|0x0000000086900000, 0x0000000086900000, 0x0000000086a00000|  0%| F|  |TAMS 0x0000000086900000| PB 0x0000000086900000| Untracked 
| 106|0x0000000086a00000, 0x0000000086a00000, 0x0000000086b00000|  0%| F|  |TAMS 0x0000000086a00000| PB 0x0000000086a00000| Untracked 
| 107|0x0000000086b00000, 0x0000000086b00000, 0x0000000086c00000|  0%| F|  |TAMS 0x0000000086b00000| PB 0x0000000086b00000| Untracked 
| 108|0x0000000086c00000, 0x0000000086c00000, 0x0000000086d00000|  0%| F|  |TAMS 0x0000000086c00000| PB 0x0000000086c00000| Untracked 
| 109|0x0000000086d00000, 0x0000000086d00000, 0x0000000086e00000|  0%| F|  |TAMS 0x0000000086d00000| PB 0x0000000086d00000| Untracked 
| 110|0x0000000086e00000, 0x0000000086e00000, 0x0000000086f00000|  0%| F|  |TAMS 0x0000000086e00000| PB 0x0000000086e00000| Untracked 
| 111|0x0000000086f00000, 0x0000000086f00000, 0x0000000087000000|  0%| F|  |TAMS 0x0000000086f00000| PB 0x0000000086f00000| Untracked 
| 112|0x0000000087000000, 0x0000000087000000, 0x0000000087100000|  0%| F|  |TAMS 0x0000000087000000| PB 0x0000000087000000| Untracked 
| 113|0x0000000087100000, 0x0000000087100000, 0x0000000087200000|  0%| F|  |TAMS 0x0000000087100000| PB 0x0000000087100000| Untracked 
| 114|0x0000000087200000, 0x0000000087200000, 0x0000000087300000|  0%| F|  |TAMS 0x0000000087200000| PB 0x0000000087200000| Untracked 
| 115|0x0000000087300000, 0x0000000087300000, 0x0000000087400000|  0%| F|  |TAMS 0x0000000087300000| PB 0x0000000087300000| Untracked 
| 116|0x0000000087400000, 0x0000000087400000, 0x0000000087500000|  0%| F|  |TAMS 0x0000000087400000| PB 0x0000000087400000| Untracked 
| 117|0x0000000087500000, 0x0000000087500000, 0x0000000087600000|  0%| F|  |TAMS 0x0000000087500000| PB 0x0000000087500000| Untracked 
| 118|0x0000000087600000, 0x0000000087600000, 0x0000000087700000|  0%| F|  |TAMS 0x0000000087600000| PB 0x0000000087600000| Untracked 
| 119|0x0000000087700000, 0x0000000087700000, 0x0000000087800000|  0%| F|  |TAMS 0x0000000087700000| PB 0x0000000087700000| Untracked 
| 120|0x0000000087800000, 0x0000000087800000, 0x0000000087900000|  0%| F|  |TAMS 0x0000000087800000| PB 0x0000000087800000| Untracked 
| 121|0x0000000087900000, 0x0000000087900000, 0x0000000087a00000|  0%| F|  |TAMS 0x0000000087900000| PB 0x0000000087900000| Untracked 
| 122|0x0000000087a00000, 0x0000000087a00000, 0x0000000087b00000|  0%| F|  |TAMS 0x0000000087a00000| PB 0x0000000087a00000| Untracked 
| 123|0x0000000087b00000, 0x0000000087b00000, 0x0000000087c00000|  0%| F|  |TAMS 0x0000000087b00000| PB 0x0000000087b00000| Untracked 
| 124|0x0000000087c00000, 0x0000000087c00000, 0x0000000087d00000|  0%| F|  |TAMS 0x0000000087c00000| PB 0x0000000087c00000| Untracked 
| 125|0x0000000087d00000, 0x0000000087d00000, 0x0000000087e00000|  0%| F|  |TAMS 0x0000000087d00000| PB 0x0000000087d00000| Untracked 
| 126|0x0000000087e00000, 0x0000000087e00000, 0x0000000087f00000|  0%| F|  |TAMS 0x0000000087e00000| PB 0x0000000087e00000| Untracked 
| 127|0x0000000087f00000, 0x0000000087f00000, 0x0000000088000000|  0%| F|  |TAMS 0x0000000087f00000| PB 0x0000000087f00000| Untracked 
| 128|0x0000000088000000, 0x0000000088000000, 0x0000000088100000|  0%| F|  |TAMS 0x0000000088000000| PB 0x0000000088000000| Untracked 
| 129|0x0000000088100000, 0x0000000088100000, 0x0000000088200000|  0%| F|  |TAMS 0x0000000088100000| PB 0x0000000088100000| Untracked 
| 130|0x0000000088200000, 0x0000000088200000, 0x0000000088300000|  0%| F|  |TAMS 0x0000000088200000| PB 0x0000000088200000| Untracked 
| 131|0x0000000088300000, 0x0000000088300000, 0x0000000088400000|  0%| F|  |TAMS 0x0000000088300000| PB 0x0000000088300000| Untracked 
| 132|0x0000000088400000, 0x0000000088400000, 0x0000000088500000|  0%| F|  |TAMS 0x0000000088400000| PB 0x0000000088400000| Untracked 
| 133|0x0000000088500000, 0x0000000088500000, 0x0000000088600000|  0%| F|  |TAMS 0x0000000088500000| PB 0x0000000088500000| Untracked 
| 134|0x0000000088600000, 0x0000000088600000, 0x0000000088700000|  0%| F|  |TAMS 0x0000000088600000| PB 0x0000000088600000| Untracked 
| 135|0x0000000088700000, 0x0000000088700000, 0x0000000088800000|  0%| F|  |TAMS 0x0000000088700000| PB 0x0000000088700000| Untracked 
| 136|0x0000000088800000, 0x0000000088800000, 0x0000000088900000|  0%| F|  |TAMS 0x0000000088800000| PB 0x0000000088800000| Untracked 
| 137|0x0000000088900000, 0x0000000088900000, 0x0000000088a00000|  0%| F|  |TAMS 0x0000000088900000| PB 0x0000000088900000| Untracked 
| 138|0x0000000088a00000, 0x0000000088a00000, 0x0000000088b00000|  0%| F|  |TAMS 0x0000000088a00000| PB 0x0000000088a00000| Untracked 
| 139|0x0000000088b00000, 0x0000000088b00000, 0x0000000088c00000|  0%| F|  |TAMS 0x0000000088b00000| PB 0x0000000088b00000| Untracked 
| 140|0x0000000088c00000, 0x0000000088c00000, 0x0000000088d00000|  0%| F|  |TAMS 0x0000000088c00000| PB 0x0000000088c00000| Untracked 
| 141|0x0000000088d00000, 0x0000000088d00000, 0x0000000088e00000|  0%| F|  |TAMS 0x0000000088d00000| PB 0x0000000088d00000| Untracked 
| 142|0x0000000088e00000, 0x0000000088e00000, 0x0000000088f00000|  0%| F|  |TAMS 0x0000000088e00000| PB 0x0000000088e00000| Untracked 
| 143|0x0000000088f00000, 0x0000000088f00000, 0x0000000089000000|  0%| F|  |TAMS 0x0000000088f00000| PB 0x0000000088f00000| Untracked 
| 144|0x0000000089000000, 0x0000000089000000, 0x0000000089100000|  0%| F|  |TAMS 0x0000000089000000| PB 0x0000000089000000| Untracked 
| 145|0x0000000089100000, 0x0000000089100000, 0x0000000089200000|  0%| F|  |TAMS 0x0000000089100000| PB 0x0000000089100000| Untracked 
| 146|0x0000000089200000, 0x0000000089200000, 0x0000000089300000|  0%| F|  |TAMS 0x0000000089200000| PB 0x0000000089200000| Untracked 
| 147|0x0000000089300000, 0x0000000089300000, 0x0000000089400000|  0%| F|  |TAMS 0x0000000089300000| PB 0x0000000089300000| Untracked 
| 148|0x0000000089400000, 0x0000000089400000, 0x0000000089500000|  0%| F|  |TAMS 0x0000000089400000| PB 0x0000000089400000| Untracked 
| 149|0x0000000089500000, 0x0000000089500000, 0x0000000089600000|  0%| F|  |TAMS 0x0000000089500000| PB 0x0000000089500000| Untracked 
| 150|0x0000000089600000, 0x0000000089600000, 0x0000000089700000|  0%| F|  |TAMS 0x0000000089600000| PB 0x0000000089600000| Untracked 
| 151|0x0000000089700000, 0x0000000089700000, 0x0000000089800000|  0%| F|  |TAMS 0x0000000089700000| PB 0x0000000089700000| Untracked 
| 152|0x0000000089800000, 0x0000000089800000, 0x0000000089900000|  0%| F|  |TAMS 0x0000000089800000| PB 0x0000000089800000| Untracked 
| 153|0x0000000089900000, 0x0000000089900000, 0x0000000089a00000|  0%| F|  |TAMS 0x0000000089900000| PB 0x0000000089900000| Untracked 
| 154|0x0000000089a00000, 0x0000000089a00000, 0x0000000089b00000|  0%| F|  |TAMS 0x0000000089a00000| PB 0x0000000089a00000| Untracked 
| 155|0x0000000089b00000, 0x0000000089b00000, 0x0000000089c00000|  0%| F|  |TAMS 0x0000000089b00000| PB 0x0000000089b00000| Untracked 
| 156|0x0000000089c00000, 0x0000000089c00000, 0x0000000089d00000|  0%| F|  |TAMS 0x0000000089c00000| PB 0x0000000089c00000| Untracked 
| 157|0x0000000089d00000, 0x0000000089d00000, 0x0000000089e00000|  0%| F|  |TAMS 0x0000000089d00000| PB 0x0000000089d00000| Untracked 
| 158|0x0000000089e00000, 0x0000000089e00000, 0x0000000089f00000|  0%| F|  |TAMS 0x0000000089e00000| PB 0x0000000089e00000| Untracked 
| 159|0x0000000089f00000, 0x0000000089f00000, 0x000000008a000000|  0%| F|  |TAMS 0x0000000089f00000| PB 0x0000000089f00000| Untracked 
| 160|0x000000008a000000, 0x000000008a000000, 0x000000008a100000|  0%| F|  |TAMS 0x000000008a000000| PB 0x000000008a000000| Untracked 
| 161|0x000000008a100000, 0x000000008a100000, 0x000000008a200000|  0%| F|  |TAMS 0x000000008a100000| PB 0x000000008a100000| Untracked 
| 162|0x000000008a200000, 0x000000008a200000, 0x000000008a300000|  0%| F|  |TAMS 0x000000008a200000| PB 0x000000008a200000| Untracked 
| 163|0x000000008a300000, 0x000000008a300000, 0x000000008a400000|  0%| F|  |TAMS 0x000000008a300000| PB 0x000000008a300000| Untracked 
| 164|0x000000008a400000, 0x000000008a400000, 0x000000008a500000|  0%| F|  |TAMS 0x000000008a400000| PB 0x000000008a400000| Untracked 
| 165|0x000000008a500000, 0x000000008a500000, 0x000000008a600000|  0%| F|  |TAMS 0x000000008a500000| PB 0x000000008a500000| Untracked 
| 166|0x000000008a600000, 0x000000008a600000, 0x000000008a700000|  0%| F|  |TAMS 0x000000008a600000| PB 0x000000008a600000| Untracked 
| 167|0x000000008a700000, 0x000000008a700000, 0x000000008a800000|  0%| F|  |TAMS 0x000000008a700000| PB 0x000000008a700000| Untracked 
| 168|0x000000008a800000, 0x000000008a800000, 0x000000008a900000|  0%| F|  |TAMS 0x000000008a800000| PB 0x000000008a800000| Untracked 
| 169|0x000000008a900000, 0x000000008a900000, 0x000000008aa00000|  0%| F|  |TAMS 0x000000008a900000| PB 0x000000008a900000| Untracked 
| 170|0x000000008aa00000, 0x000000008aa00000, 0x000000008ab00000|  0%| F|  |TAMS 0x000000008aa00000| PB 0x000000008aa00000| Untracked 
| 171|0x000000008ab00000, 0x000000008ab00000, 0x000000008ac00000|  0%| F|  |TAMS 0x000000008ab00000| PB 0x000000008ab00000| Untracked 
| 172|0x000000008ac00000, 0x000000008ac00000, 0x000000008ad00000|  0%| F|  |TAMS 0x000000008ac00000| PB 0x000000008ac00000| Untracked 
| 173|0x000000008ad00000, 0x000000008ad00000, 0x000000008ae00000|  0%| F|  |TAMS 0x000000008ad00000| PB 0x000000008ad00000| Untracked 
| 174|0x000000008ae00000, 0x000000008ae00000, 0x000000008af00000|  0%| F|  |TAMS 0x000000008ae00000| PB 0x000000008ae00000| Untracked 
| 175|0x000000008af00000, 0x000000008af00000, 0x000000008b000000|  0%| F|  |TAMS 0x000000008af00000| PB 0x000000008af00000| Untracked 
| 176|0x000000008b000000, 0x000000008b100000, 0x000000008b100000|100%| E|  |TAMS 0x000000008b000000| PB 0x000000008b000000| Complete 
| 177|0x000000008b100000, 0x000000008b200000, 0x000000008b200000|100%| E|CS|TAMS 0x000000008b100000| PB 0x000000008b100000| Complete 
| 178|0x000000008b200000, 0x000000008b300000, 0x000000008b300000|100%| E|CS|TAMS 0x000000008b200000| PB 0x000000008b200000| Complete 
| 179|0x000000008b300000, 0x000000008b400000, 0x000000008b400000|100%| E|CS|TAMS 0x000000008b300000| PB 0x000000008b300000| Complete 
| 180|0x000000008b400000, 0x000000008b500000, 0x000000008b500000|100%| E|CS|TAMS 0x000000008b400000| PB 0x000000008b400000| Complete 
| 181|0x000000008b500000, 0x000000008b600000, 0x000000008b600000|100%| E|CS|TAMS 0x000000008b500000| PB 0x000000008b500000| Complete 
| 182|0x000000008b600000, 0x000000008b700000, 0x000000008b700000|100%| E|CS|TAMS 0x000000008b600000| PB 0x000000008b600000| Complete 
| 183|0x000000008b700000, 0x000000008b800000, 0x000000008b800000|100%| E|CS|TAMS 0x000000008b700000| PB 0x000000008b700000| Complete 
| 184|0x000000008b800000, 0x000000008b900000, 0x000000008b900000|100%| E|CS|TAMS 0x000000008b800000| PB 0x000000008b800000| Complete 
| 185|0x000000008b900000, 0x000000008ba00000, 0x000000008ba00000|100%| E|CS|TAMS 0x000000008b900000| PB 0x000000008b900000| Complete 
| 186|0x000000008ba00000, 0x000000008bb00000, 0x000000008bb00000|100%| E|CS|TAMS 0x000000008ba00000| PB 0x000000008ba00000| Complete 
| 187|0x000000008bb00000, 0x000000008bc00000, 0x000000008bc00000|100%| E|CS|TAMS 0x000000008bb00000| PB 0x000000008bb00000| Complete 
| 188|0x000000008bc00000, 0x000000008bd00000, 0x000000008bd00000|100%| E|CS|TAMS 0x000000008bc00000| PB 0x000000008bc00000| Complete 
| 189|0x000000008bd00000, 0x000000008be00000, 0x000000008be00000|100%| E|CS|TAMS 0x000000008bd00000| PB 0x000000008bd00000| Complete 
| 190|0x000000008be00000, 0x000000008bf00000, 0x000000008bf00000|100%| E|CS|TAMS 0x000000008be00000| PB 0x000000008be00000| Complete 
| 191|0x000000008bf00000, 0x000000008c000000, 0x000000008c000000|100%| E|CS|TAMS 0x000000008bf00000| PB 0x000000008bf00000| Complete 
| 192|0x000000008c000000, 0x000000008c100000, 0x000000008c100000|100%| E|CS|TAMS 0x000000008c000000| PB 0x000000008c000000| Complete 
| 193|0x000000008c100000, 0x000000008c200000, 0x000000008c200000|100%| E|CS|TAMS 0x000000008c100000| PB 0x000000008c100000| Complete 
| 194|0x000000008c200000, 0x000000008c300000, 0x000000008c300000|100%| E|CS|TAMS 0x000000008c200000| PB 0x000000008c200000| Complete 
| 195|0x000000008c300000, 0x000000008c400000, 0x000000008c400000|100%| E|CS|TAMS 0x000000008c300000| PB 0x000000008c300000| Complete 
| 196|0x000000008c400000, 0x000000008c500000, 0x000000008c500000|100%| E|CS|TAMS 0x000000008c400000| PB 0x000000008c400000| Complete 
| 197|0x000000008c500000, 0x000000008c600000, 0x000000008c600000|100%| E|CS|TAMS 0x000000008c500000| PB 0x000000008c500000| Complete 
| 198|0x000000008c600000, 0x000000008c700000, 0x000000008c700000|100%| E|CS|TAMS 0x000000008c600000| PB 0x000000008c600000| Complete 
| 199|0x000000008c700000, 0x000000008c800000, 0x000000008c800000|100%| E|CS|TAMS 0x000000008c700000| PB 0x000000008c700000| Complete 
| 200|0x000000008c800000, 0x000000008c900000, 0x000000008c900000|100%| E|CS|TAMS 0x000000008c800000| PB 0x000000008c800000| Complete 
| 201|0x000000008c900000, 0x000000008ca00000, 0x000000008ca00000|100%| E|CS|TAMS 0x000000008c900000| PB 0x000000008c900000| Complete 
| 202|0x000000008ca00000, 0x000000008cb00000, 0x000000008cb00000|100%| E|CS|TAMS 0x000000008ca00000| PB 0x000000008ca00000| Complete 
| 203|0x000000008cb00000, 0x000000008cc00000, 0x000000008cc00000|100%| E|CS|TAMS 0x000000008cb00000| PB 0x000000008cb00000| Complete 
| 204|0x000000008cc00000, 0x000000008cd00000, 0x000000008cd00000|100%| E|CS|TAMS 0x000000008cc00000| PB 0x000000008cc00000| Complete 
| 205|0x000000008cd00000, 0x000000008ce00000, 0x000000008ce00000|100%| E|CS|TAMS 0x000000008cd00000| PB 0x000000008cd00000| Complete 
| 206|0x000000008ce00000, 0x000000008cf00000, 0x000000008cf00000|100%| E|CS|TAMS 0x000000008ce00000| PB 0x000000008ce00000| Complete 
| 207|0x000000008cf00000, 0x000000008d000000, 0x000000008d000000|100%| E|CS|TAMS 0x000000008cf00000| PB 0x000000008cf00000| Complete 
| 208|0x000000008d000000, 0x000000008d100000, 0x000000008d100000|100%| E|CS|TAMS 0x000000008d000000| PB 0x000000008d000000| Complete 
| 209|0x000000008d100000, 0x000000008d200000, 0x000000008d200000|100%| E|CS|TAMS 0x000000008d100000| PB 0x000000008d100000| Complete 
| 210|0x000000008d200000, 0x000000008d300000, 0x000000008d300000|100%| E|CS|TAMS 0x000000008d200000| PB 0x000000008d200000| Complete 
| 211|0x000000008d300000, 0x000000008d400000, 0x000000008d400000|100%| E|CS|TAMS 0x000000008d300000| PB 0x000000008d300000| Complete 
| 212|0x000000008d400000, 0x000000008d500000, 0x000000008d500000|100%| E|CS|TAMS 0x000000008d400000| PB 0x000000008d400000| Complete 
| 213|0x000000008d500000, 0x000000008d600000, 0x000000008d600000|100%| E|CS|TAMS 0x000000008d500000| PB 0x000000008d500000| Complete 
| 214|0x000000008d600000, 0x000000008d700000, 0x000000008d700000|100%| E|CS|TAMS 0x000000008d600000| PB 0x000000008d600000| Complete 
| 215|0x000000008d700000, 0x000000008d800000, 0x000000008d800000|100%| E|CS|TAMS 0x000000008d700000| PB 0x000000008d700000| Complete 
| 216|0x000000008d800000, 0x000000008d900000, 0x000000008d900000|100%| E|CS|TAMS 0x000000008d800000| PB 0x000000008d800000| Complete 
| 217|0x000000008d900000, 0x000000008d97ddc0, 0x000000008da00000| 49%| S|CS|TAMS 0x000000008d900000| PB 0x000000008d900000| Complete 
| 218|0x000000008da00000, 0x000000008db00000, 0x000000008db00000|100%| S|CS|TAMS 0x000000008da00000| PB 0x000000008da00000| Complete 
| 219|0x000000008db00000, 0x000000008dc00000, 0x000000008dc00000|100%| E|CS|TAMS 0x000000008db00000| PB 0x000000008db00000| Complete 
| 220|0x000000008dc00000, 0x000000008dd00000, 0x000000008dd00000|100%| E|CS|TAMS 0x000000008dc00000| PB 0x000000008dc00000| Complete 
| 221|0x000000008dd00000, 0x000000008de00000, 0x000000008de00000|100%| E|CS|TAMS 0x000000008dd00000| PB 0x000000008dd00000| Complete 
| 222|0x000000008de00000, 0x000000008df00000, 0x000000008df00000|100%| E|CS|TAMS 0x000000008de00000| PB 0x000000008de00000| Complete 
| 223|0x000000008df00000, 0x000000008e000000, 0x000000008e000000|100%| E|CS|TAMS 0x000000008df00000| PB 0x000000008df00000| Complete 
| 224|0x000000008e000000, 0x000000008e100000, 0x000000008e100000|100%| E|CS|TAMS 0x000000008e000000| PB 0x000000008e000000| Complete 
| 225|0x000000008e100000, 0x000000008e200000, 0x000000008e200000|100%| E|CS|TAMS 0x000000008e100000| PB 0x000000008e100000| Complete 
| 226|0x000000008e200000, 0x000000008e300000, 0x000000008e300000|100%| E|CS|TAMS 0x000000008e200000| PB 0x000000008e200000| Complete 
| 227|0x000000008e300000, 0x000000008e400000, 0x000000008e400000|100%| E|CS|TAMS 0x000000008e300000| PB 0x000000008e300000| Complete 
| 228|0x000000008e400000, 0x000000008e500000, 0x000000008e500000|100%| E|CS|TAMS 0x000000008e400000| PB 0x000000008e400000| Complete 
| 229|0x000000008e500000, 0x000000008e600000, 0x000000008e600000|100%| E|CS|TAMS 0x000000008e500000| PB 0x000000008e500000| Complete 
| 230|0x000000008e600000, 0x000000008e700000, 0x000000008e700000|100%| E|CS|TAMS 0x000000008e600000| PB 0x000000008e600000| Complete 
| 231|0x000000008e700000, 0x000000008e800000, 0x000000008e800000|100%| E|CS|TAMS 0x000000008e700000| PB 0x000000008e700000| Complete 
| 232|0x000000008e800000, 0x000000008e900000, 0x000000008e900000|100%| E|CS|TAMS 0x000000008e800000| PB 0x000000008e800000| Complete 
| 233|0x000000008e900000, 0x000000008ea00000, 0x000000008ea00000|100%| E|CS|TAMS 0x000000008e900000| PB 0x000000008e900000| Complete 
| 234|0x000000008ea00000, 0x000000008eb00000, 0x000000008eb00000|100%| E|CS|TAMS 0x000000008ea00000| PB 0x000000008ea00000| Complete 
| 235|0x000000008eb00000, 0x000000008ec00000, 0x000000008ec00000|100%| E|CS|TAMS 0x000000008eb00000| PB 0x000000008eb00000| Complete 
| 236|0x000000008ec00000, 0x000000008ed00000, 0x000000008ed00000|100%| E|CS|TAMS 0x000000008ec00000| PB 0x000000008ec00000| Complete 
| 237|0x000000008ed00000, 0x000000008ee00000, 0x000000008ee00000|100%| E|CS|TAMS 0x000000008ed00000| PB 0x000000008ed00000| Complete 
| 238|0x000000008ee00000, 0x000000008ef00000, 0x000000008ef00000|100%| E|CS|TAMS 0x000000008ee00000| PB 0x000000008ee00000| Complete 
| 239|0x000000008ef00000, 0x000000008f000000, 0x000000008f000000|100%| E|CS|TAMS 0x000000008ef00000| PB 0x000000008ef00000| Complete 
| 240|0x000000008f000000, 0x000000008f100000, 0x000000008f100000|100%| E|CS|TAMS 0x000000008f000000| PB 0x000000008f000000| Complete 
| 241|0x000000008f100000, 0x000000008f200000, 0x000000008f200000|100%| E|CS|TAMS 0x000000008f100000| PB 0x000000008f100000| Complete 
| 242|0x000000008f200000, 0x000000008f300000, 0x000000008f300000|100%| E|CS|TAMS 0x000000008f200000| PB 0x000000008f200000| Complete 
| 243|0x000000008f300000, 0x000000008f400000, 0x000000008f400000|100%| E|CS|TAMS 0x000000008f300000| PB 0x000000008f300000| Complete 
| 244|0x000000008f400000, 0x000000008f500000, 0x000000008f500000|100%| E|CS|TAMS 0x000000008f400000| PB 0x000000008f400000| Complete 
| 245|0x000000008f500000, 0x000000008f600000, 0x000000008f600000|100%| E|CS|TAMS 0x000000008f500000| PB 0x000000008f500000| Complete 
| 246|0x000000008f600000, 0x000000008f700000, 0x000000008f700000|100%| E|CS|TAMS 0x000000008f600000| PB 0x000000008f600000| Complete 
| 247|0x000000008f700000, 0x000000008f800000, 0x000000008f800000|100%| E|CS|TAMS 0x000000008f700000| PB 0x000000008f700000| Complete 
| 248|0x000000008f800000, 0x000000008f900000, 0x000000008f900000|100%| E|CS|TAMS 0x000000008f800000| PB 0x000000008f800000| Complete 
| 249|0x000000008f900000, 0x000000008fa00000, 0x000000008fa00000|100%| E|CS|TAMS 0x000000008f900000| PB 0x000000008f900000| Complete 
| 250|0x000000008fa00000, 0x000000008fb00000, 0x000000008fb00000|100%| E|CS|TAMS 0x000000008fa00000| PB 0x000000008fa00000| Complete 
| 251|0x000000008fb00000, 0x000000008fc00000, 0x000000008fc00000|100%| E|CS|TAMS 0x000000008fb00000| PB 0x000000008fb00000| Complete 

Card table byte_map: [0x000001f37d030000,0x000001f37d430000] _byte_map_base: 0x000001f37cc30000

Marking Bits: (CMBitMap*) 0x000001f37c675770
 Bits: [0x000001f37d430000, 0x000001f37f430000)

Polling page: 0x000001f37a570000

Metaspace:

Usage:
  Non-class:     12.93 MB used.
      Class:      2.00 MB used.
       Both:     14.93 MB used.

Virtual space:
  Non-class space:       64.00 MB reserved,      13.19 MB ( 21%) committed,  1 nodes.
      Class space:      416.00 MB reserved,       2.25 MB ( <1%) committed,  1 nodes.
             Both:      480.00 MB reserved,      15.44 MB (  3%) committed. 

Chunk freelists:
   Non-Class:  1.92 MB
       Class:  13.79 MB
        Both:  15.71 MB

MaxMetaspaceSize: 512.00 MB
CompressedClassSpaceSize: 416.00 MB
Initial GC threshold: 21.00 MB
Current GC threshold: 21.00 MB
CDS: on
 - commit_granule_bytes: 65536.
 - commit_granule_words: 8192.
 - virtual_space_node_default_size: 8388608.
 - enlarge_chunks_in_place: 1.
 - use_allocation_guard: 0.


Internal statistics:

num_allocs_failed_limit: 0.
num_arena_births: 520.
num_arena_deaths: 0.
num_vsnodes_births: 2.
num_vsnodes_deaths: 0.
num_space_committed: 247.
num_space_uncommitted: 0.
num_chunks_returned_to_freelist: 0.
num_chunks_taken_from_freelist: 1028.
num_chunk_merges: 0.
num_chunk_splits: 668.
num_chunks_enlarged: 469.
num_inconsistent_stats: 0.

CodeHeap 'non-profiled nmethods': size=120000Kb used=1197Kb max_used=1197Kb free=118802Kb
 bounds [0x000001f30feb0000, 0x000001f310120000, 0x000001f3173e0000]
CodeHeap 'profiled nmethods': size=120000Kb used=5528Kb max_used=5528Kb free=114471Kb
 bounds [0x000001f3083e0000, 0x000001f308950000, 0x000001f30f910000]
CodeHeap 'non-nmethods': size=5760Kb used=1467Kb max_used=1478Kb free=4292Kb
 bounds [0x000001f30f910000, 0x000001f30fb80000, 0x000001f30feb0000]
 total_blobs=3279 nmethods=2730 adapters=453
 compilation: enabled
              stopped_count=0, restarted_count=0
 full_count=0

Compilation events (20 events):
Event: 9.400 Thread 0x000001f3195b73d0 nmethod 2711 0x000001f30ffdaa10 code [0x000001f30ffdaba0, 0x000001f30ffdac68]
Event: 9.427 Thread 0x000001f3195b73d0 2712       1       java.util.Spliterators$EmptySpliterator::characteristics (4 bytes)
Event: 9.427 Thread 0x000001f3195b73d0 nmethod 2712 0x000001f30ffdad10 code [0x000001f30ffdaea0, 0x000001f30ffdaf68]
Event: 9.427 Thread 0x000001f3195b73d0 2713       1       sun.management.MemoryPoolImpl::getName (5 bytes)
Event: 9.427 Thread 0x000001f3195b73d0 nmethod 2713 0x000001f30ffdb010 code [0x000001f30ffdb1a0, 0x000001f30ffdb268]
Event: 9.434 Thread 0x000001f3195b73d0 2715       3       jdk.internal.misc.Unsafe::getIntUnaligned (12 bytes)
Event: 9.434 Thread 0x000001f3195b73d0 nmethod 2715 0x000001f308936690 code [0x000001f308936840, 0x000001f308936aa0]
Event: 10.536 Thread 0x000001f3195b73d0 2717       3       java.lang.String::compareTo (9 bytes)
Event: 10.536 Thread 0x000001f3195b73d0 nmethod 2717 0x000001f308936b90 code [0x000001f308936d40, 0x000001f308936f70]
Event: 10.536 Thread 0x000001f3195b73d0 2716       1       java.util.stream.ReferencePipeline$StatelessOp::opIsStateful (2 bytes)
Event: 10.536 Thread 0x000001f3195b73d0 nmethod 2716 0x000001f30ffdb310 code [0x000001f30ffdb4a0, 0x000001f30ffdb568]
Event: 10.862 Thread 0x000001f3195b73d0 2718   !   3       java.util.concurrent.locks.AbstractQueuedSynchronizer::tryInitializeHead (66 bytes)
Event: 10.864 Thread 0x000001f3195b73d0 nmethod 2718 0x000001f308937010 code [0x000001f308937200, 0x000001f3089377b8]
Event: 10.864 Thread 0x000001f3195b73d0 2719       3       java.util.concurrent.locks.AbstractQueuedSynchronizer$Node::setStatusRelaxed (12 bytes)
Event: 10.864 Thread 0x000001f3195b73d0 nmethod 2719 0x000001f308937990 code [0x000001f308937b20, 0x000001f308937c38]
Event: 11.001 Thread 0x000001f3195b73d0 2720       3       java.util.concurrent.locks.AbstractQueuedSynchronizer$Node::clearStatus (12 bytes)
Event: 11.002 Thread 0x000001f3195b73d0 nmethod 2720 0x000001f308937d10 code [0x000001f308937ec0, 0x000001f308938060]
Event: 11.005 Thread 0x000001f3195b73d0 2722       3       java.util.concurrent.locks.AbstractQueuedSynchronizer$ConditionObject::unlinkCancelledWaiters (91 bytes)
Event: 11.006 Thread 0x000001f3195b73d0 nmethod 2722 0x000001f308938110 code [0x000001f3089382e0, 0x000001f308938768]
Event: 11.006 Thread 0x000001f3195b73d0 2721   !   3       java.util.concurrent.locks.AbstractQueuedSynchronizer::acquire (424 bytes)

GC Heap History (4 events):
Event: 0.718 GC heap before
{Heap before GC invocations=0 (full 0):
 garbage-first heap   total 258048K, used 26624K [0x0000000080000000, 0x0000000100000000)
  region size 1024K, 23 young (23552K), 0 survivors (0K)
 Metaspace       used 1845K, committed 2048K, reserved 491520K
  class space    used 177K, committed 256K, reserved 425984K
}
Event: 0.721 GC heap after
{Heap after GC invocations=1 (full 0):
 garbage-first heap   total 258048K, used 10240K [0x0000000080000000, 0x0000000100000000)
  region size 1024K, 3 young (3072K), 3 survivors (3072K)
 Metaspace       used 1845K, committed 2048K, reserved 491520K
  class space    used 177K, committed 256K, reserved 425984K
}
Event: 1.471 GC heap before
{Heap before GC invocations=1 (full 0):
 garbage-first heap   total 258048K, used 40960K [0x0000000080000000, 0x0000000100000000)
  region size 1024K, 33 young (33792K), 3 survivors (3072K)
 Metaspace       used 4396K, committed 4608K, reserved 491520K
  class space    used 534K, committed 640K, reserved 425984K
}
Event: 1.474 GC heap after
{Heap after GC invocations=2 (full 0):
 garbage-first heap   total 258048K, used 11683K [0x0000000080000000, 0x0000000100000000)
  region size 1024K, 2 young (2048K), 2 survivors (2048K)
 Metaspace       used 4396K, committed 4608K, reserved 491520K
  class space    used 534K, committed 640K, reserved 425984K
}

Dll operation events (15 events):
Event: 0.017 Loaded shared library C:\Program Files\Java\jdk-21.0.10\bin\java.dll
Event: 0.067 Loaded shared library C:\Program Files\Java\jdk-21.0.10\bin\jsvml.dll
Event: 0.131 Loaded shared library C:\Program Files\Java\jdk-21.0.10\bin\zip.dll
Event: 0.137 Loaded shared library C:\Program Files\Java\jdk-21.0.10\bin\instrument.dll
Event: 0.144 Loaded shared library C:\Program Files\Java\jdk-21.0.10\bin\net.dll
Event: 0.147 Loaded shared library C:\Program Files\Java\jdk-21.0.10\bin\nio.dll
Event: 0.153 Loaded shared library C:\Program Files\Java\jdk-21.0.10\bin\zip.dll
Event: 0.498 Loaded shared library C:\Program Files\Java\jdk-21.0.10\bin\jimage.dll
Event: 0.634 Loaded shared library C:\Program Files\Java\jdk-21.0.10\bin\verify.dll
Event: 0.793 Loaded shared library C:\Users\warda\.gradle\native\c067742578af261105cb4f569cf0c3c89f3d7b1fecec35dd04571415982c5e48\windows-amd64\native-platform.dll
Event: 0.801 Loaded shared library C:\Users\warda\.gradle\native\100fb08df4bc3b14c8652ba06237920a3bd2aa13389f12d3474272988ae205f9\windows-amd64\native-platform-file-events.dll
Event: 2.333 Loaded shared library C:\Program Files\Java\jdk-21.0.10\bin\management.dll
Event: 2.337 Loaded shared library C:\Program Files\Java\jdk-21.0.10\bin\management_ext.dll
Event: 2.607 Loaded shared library C:\Program Files\Java\jdk-21.0.10\bin\extnet.dll
Event: 3.289 Loaded shared library C:\Program Files\Java\jdk-21.0.10\bin\sunmscapi.dll

Deoptimization events (20 events):
Event: 7.960 Thread 0x000001f33a9867e0 Uncommon trap: trap_request=0xffffffde fr.pc=0x000001f30ff718e4 relative=0x0000000000000304
Event: 7.960 Thread 0x000001f33a9867e0 Uncommon trap: reason=class_check action=maybe_recompile pc=0x000001f30ff718e4 method=java.util.regex.Pattern$BmpCharPropertyGreedy.match(Ljava/util/regex/Matcher;ILjava/lang/CharSequence;)Z @ 26 c2
Event: 7.960 Thread 0x000001f33a9867e0 DEOPT PACKING pc=0x000001f30ff718e4 sp=0x00000064f18fc3a0
Event: 7.961 Thread 0x000001f33a9867e0 DEOPT UNPACKING pc=0x000001f30f9646a2 sp=0x00000064f18fc358 mode 2
Event: 7.961 Thread 0x000001f33a9867e0 Uncommon trap: trap_request=0xffffffde fr.pc=0x000001f30ff718e4 relative=0x0000000000000304
Event: 7.961 Thread 0x000001f33a9867e0 Uncommon trap: reason=class_check action=maybe_recompile pc=0x000001f30ff718e4 method=java.util.regex.Pattern$BmpCharPropertyGreedy.match(Ljava/util/regex/Matcher;ILjava/lang/CharSequence;)Z @ 26 c2
Event: 7.961 Thread 0x000001f33a9867e0 DEOPT PACKING pc=0x000001f30ff718e4 sp=0x00000064f18fc310
Event: 7.961 Thread 0x000001f33a9867e0 DEOPT UNPACKING pc=0x000001f30f9646a2 sp=0x00000064f18fc2c8 mode 2
Event: 9.373 Thread 0x000001f33a9867e0 Uncommon trap: trap_request=0xffffff45 fr.pc=0x000001f30ff99e00 relative=0x00000000000000c0
Event: 9.373 Thread 0x000001f33a9867e0 Uncommon trap: reason=unstable_if action=reinterpret pc=0x000001f30ff99e00 method=jdk.internal.misc.Unsafe.convEndian(ZI)I @ 4 c2
Event: 9.373 Thread 0x000001f33a9867e0 DEOPT PACKING pc=0x000001f30ff99e00 sp=0x00000064f18fb4b0
Event: 9.373 Thread 0x000001f33a9867e0 DEOPT UNPACKING pc=0x000001f30f9646a2 sp=0x00000064f18fb348 mode 2
Event: 9.373 Thread 0x000001f33a9867e0 Uncommon trap: trap_request=0xffffff45 fr.pc=0x000001f30ff99aac relative=0x000000000000008c
Event: 9.373 Thread 0x000001f33a9867e0 Uncommon trap: reason=unstable_if action=reinterpret pc=0x000001f30ff99aac method=jdk.internal.misc.Unsafe.convEndian(ZI)I @ 4 c2
Event: 9.373 Thread 0x000001f33a9867e0 DEOPT PACKING pc=0x000001f30ff99aac sp=0x00000064f18fb410
Event: 9.373 Thread 0x000001f33a9867e0 DEOPT UNPACKING pc=0x000001f30f9646a2 sp=0x00000064f18fb340 mode 2
Event: 9.373 Thread 0x000001f33a9867e0 Uncommon trap: trap_request=0xffffff45 fr.pc=0x000001f30ff9bde8 relative=0x0000000000000048
Event: 9.373 Thread 0x000001f33a9867e0 Uncommon trap: reason=unstable_if action=reinterpret pc=0x000001f30ff9bde8 method=jdk.internal.misc.Unsafe.convEndian(ZI)I @ 4 c2
Event: 9.373 Thread 0x000001f33a9867e0 DEOPT PACKING pc=0x000001f30ff9bde8 sp=0x00000064f18fb3a0
Event: 9.373 Thread 0x000001f33a9867e0 DEOPT UNPACKING pc=0x000001f30f9646a2 sp=0x00000064f18fb338 mode 2

Classes loaded (20 events):
Event: 7.945 Loading class java/nio/file/attribute/PosixFilePermissions$1
Event: 7.946 Loading class java/nio/file/attribute/PosixFilePermissions$1 done
Event: 8.000 Loading class java/util/concurrent/ArrayBlockingQueue
Event: 8.001 Loading class java/util/concurrent/ArrayBlockingQueue done
Event: 8.003 Loading class java/util/concurrent/locks/ReentrantLock$FairSync
Event: 8.003 Loading class java/util/concurrent/locks/ReentrantLock$FairSync done
Event: 9.052 Loading class sun/misc/Unsafe
Event: 9.053 Loading class sun/misc/Unsafe done
Event: 9.106 Loading class java/net/DatagramPacket
Event: 9.106 Loading class java/net/DatagramPacket done
Event: 9.111 Loading class sun/nio/ch/DatagramChannelImpl$DatagramPackets
Event: 9.115 Loading class sun/nio/ch/DatagramChannelImpl$DatagramPackets done
Event: 9.313 Loading class sun/security/provider/MD5
Event: 9.314 Loading class sun/security/provider/MD5 done
Event: 9.334 Loading class sun/security/provider/SHA5$SHA512
Event: 9.334 Loading class sun/security/provider/SHA5
Event: 9.335 Loading class sun/security/provider/SHA5 done
Event: 9.335 Loading class sun/security/provider/SHA5$SHA512 done
Event: 9.373 Loading class sun/security/provider/ByteArrayAccess$LE
Event: 9.373 Loading class sun/security/provider/ByteArrayAccess$LE done

Classes unloaded (0 events):
No events

Classes redefined (0 events):
No events

Internal exceptions (20 events):
Event: 2.553 Thread 0x000001f37a2a6920 Exception <a 'java/lang/NoSuchMethodError'{0x000000008d387628}: 'java.lang.Object java.lang.invoke.DirectMethodHandle$Holder.invokeStaticInit(java.lang.Object, int, int, int, int)'> (0x000000008d387628) 
thrown [s\open\src\hotspot\share\interpreter\linkResolver.cpp, line 773]
Event: 2.588 Thread 0x000001f37a2a6920 Exception <a 'java/lang/NoSuchMethodError'{0x000000008d2467f8}: 'java.lang.Object java.lang.invoke.DirectMethodHandle$Holder.invokeStaticInit(java.lang.Object, java.lang.Object, int, int, int, int)'> (0x000000008d2467f8) 
thrown [s\open\src\hotspot\share\interpreter\linkResolver.cpp, line 773]
Event: 2.747 Thread 0x000001f37a2a6920 Exception <a 'java/io/IOException'{0x000000008cf1c720}> (0x000000008cf1c720) 
thrown [s\open\src\hotspot\share\prims\jni.cpp, line 520]
Event: 2.757 Thread 0x000001f37a2a6920 Implicit null exception at 0x000001f30fefc120 to 0x000001f30fefc6c4
Event: 2.762 Thread 0x000001f37a2a6920 Exception <a 'java/lang/NoSuchMethodError'{0x000000008cf7b370}: 'java.lang.Object java.lang.invoke.DirectMethodHandle$Holder.newInvokeSpecial(java.lang.Object, java.lang.Object, java.lang.Object, java.lang.Object, java.lang.Object)'> (0x000000008cf7b370) 
thrown [s\open\src\hotspot\share\interpreter\linkResolver.cpp, line 773]
Event: 3.590 Thread 0x000001f33ab6be30 Exception <a 'java/lang/NoSuchMethodError'{0x000000008cc5fb18}: 'void java.lang.invoke.DirectMethodHandle$Holder.invokeSpecial(java.lang.Object, java.lang.Object, java.lang.Object)'> (0x000000008cc5fb18) 
thrown [s\open\src\hotspot\share\interpreter\linkResolver.cpp, line 773]
Event: 3.844 Thread 0x000001f33a9867e0 Exception <a 'java/lang/NoSuchMethodError'{0x000000008c6492a8}: 'long java.lang.invoke.DirectMethodHandle$Holder.invokeInterface(java.lang.Object, java.lang.Object)'> (0x000000008c6492a8) 
thrown [s\open\src\hotspot\share\interpreter\linkResolver.cpp, line 773]
Event: 4.076 Thread 0x000001f33a9867e0 Exception <a 'java/lang/NoSuchMethodError'{0x000000008c2633a8}: 'void java.lang.invoke.DirectMethodHandle$Holder.invokeStatic(java.lang.Object, java.lang.Object)'> (0x000000008c2633a8) 
thrown [s\open\src\hotspot\share\interpreter\linkResolver.cpp, line 773]
Event: 4.098 Thread 0x000001f33a9867e0 Exception <a 'java/lang/NoSuchMethodError'{0x000000008c2a6918}: 'java.lang.Object java.lang.invoke.DirectMethodHandle$Holder.invokeVirtual(java.lang.Object, java.lang.Object, java.lang.Object, java.lang.Object, java.lang.Object, java.lang.Object, java.lang.Object, java.lang.Object, java.lang.Object, java.lang.Object, java.lang.Object, java.lang.Object)'> (0x000000008c2a6918) 
thrown [s\open\src\hotspot\share\interpreter\linkResolver.cpp, line 773]
Event: 4.099 Thread 0x000001f33a9867e0 Exception <a 'java/lang/NoSuchMethodError'{0x000000008c2ab8a0}: 'java.lang.Object java.lang.invoke.DirectMethodHandle$Holder.invokeSpecial(java.lang.Object, java.lang.Object, java.lang.Object, java.lang.Object, java.lang.Object, java.lang.Object, java.lang.Object, java.lang.Object, java.lang.Object, java.lang.Object, java.lang.Object, java.lang.Object, java.lang.Object)'> (0x000000008c2ab8a0) 
thrown [s\open\src\hotspot\share\interpreter\linkResolver.cpp, line 773]
Event: 4.292 Thread 0x000001f33a9867e0 Exception <a 'java/lang/NoSuchMethodError'{0x000000008c08d6e8}: 'int java.lang.invoke.DirectMethodHandle$Holder.invokeVirtual(java.lang.Object, java.lang.Object, java.lang.Object)'> (0x000000008c08d6e8) 
thrown [s\open\src\hotspot\share\interpreter\linkResolver.cpp, line 773]
Event: 4.418 Thread 0x000001f33a9867e0 Exception <a 'java/lang/NoSuchMethodError'{0x000000008bedac10}: 'java.lang.Object java.lang.invoke.DirectMethodHandle$Holder.newInvokeSpecial(java.lang.Object, java.lang.Object, java.lang.Object, java.lang.Object, java.lang.Object, java.lang.Object)'> (0x000000008bedac10) 
thrown [s\open\src\hotspot\share\interpreter\linkResolver.cpp, line 773]
Event: 5.452 Thread 0x000001f33a9867e0 Exception <a 'java/lang/NoSuchMethodError'{0x000000008befb968}: 'void java.lang.invoke.DirectMethodHandle$Holder.invokeStaticInit(java.lang.Object, java.lang.Object)'> (0x000000008befb968) 
thrown [s\open\src\hotspot\share\interpreter\linkResolver.cpp, line 773]
Event: 7.033 Thread 0x000001f33a9867e0 Exception <a 'java/lang/NoSuchMethodError'{0x000000008bb8c068}: 'void java.lang.invoke.DelegatingMethodHandle$Holder.reinvoke_L(java.lang.Object, java.lang.Object, java.lang.Object, java.lang.Object, java.lang.Object, java.lang.Object, java.lang.Object, java.lang.Object, java.lang.Object, java.lang.Object)'> (0x000000008bb8c068) 
thrown [s\open\src\hotspot\share\interpreter\linkResolver.cpp, line 773]
Event: 7.050 Thread 0x000001f33a9867e0 Exception <a 'java/lang/NoSuchMethodError'{0x000000008bb93a88}: 'java.lang.Object java.lang.invoke.Invokers$Holder.invoker(java.lang.Object, java.lang.Object, java.lang.Object, java.lang.Object, java.lang.Object, java.lang.Object, java.lang.Object, java.lang.Object, java.lang.Object, java.lang.Object)'> (0x000000008bb93a88) 
thrown [s\open\src\hotspot\share\interpreter\linkResolver.cpp, line 773]
Event: 7.765 Thread 0x000001f33a9867e0 Exception <a 'java/lang/NoSuchMethodError'{0x000000008b7527e8}: 'void java.lang.invoke.DirectMethodHandle$Holder.invokeVirtual(java.lang.Object, java.lang.Object, java.lang.Object, java.lang.Object, java.lang.Object)'> (0x000000008b7527e8) 
thrown [s\open\src\hotspot\share\interpreter\linkResolver.cpp, line 773]
Event: 7.953 Thread 0x000001f33a9867e0 Exception <a 'java/lang/NoSuchMethodError'{0x000000008b6edf88}: 'void java.lang.invoke.DirectMethodHandle$Holder.invokeInterface(java.lang.Object, java.lang.Object)'> (0x000000008b6edf88) 
thrown [s\open\src\hotspot\share\interpreter\linkResolver.cpp, line 773]
Event: 7.954 Thread 0x000001f33a9867e0 Exception <a 'java/lang/IncompatibleClassChangeError'{0x000000008b6f14f8}: Found class java.lang.Object, but interface was expected> (0x000000008b6f14f8) 
thrown [s\open\src\hotspot\share\interpreter\linkResolver.cpp, line 840]
Event: 9.045 Thread 0x000001f33a9867e0 Exception <a 'java/lang/NoSuchMethodError'{0x000000008b4953b8}: 'java.lang.Object java.lang.invoke.DirectMethodHandle$Holder.newInvokeSpecial(java.lang.Object, java.lang.Object, int)'> (0x000000008b4953b8) 
thrown [s\open\src\hotspot\share\interpreter\linkResolver.cpp, line 773]
Event: 9.124 Thread 0x000001f33a9867e0 Exception <a 'java/lang/NoSuchMethodError'{0x000000008b38c710}: 'java.lang.Object java.lang.invoke.DirectMethodHandle$Holder.invokeVirtual(java.lang.Object, java.lang.Object, java.lang.Object, java.lang.Object, java.lang.Object, java.lang.Object, java.lang.Object, java.lang.Object)'> (0x000000008b38c710) 
thrown [s\open\src\hotspot\share\interpreter\linkResolver.cpp, line 773]

ZGC Phase Switch (0 events):
No events

VM Operations (20 events):
Event: 2.522 Executing VM operation: Cleanup
Event: 2.522 Executing VM operation: Cleanup done
Event: 2.576 Executing VM operation: HandshakeAllThreads (Deoptimize)
Event: 2.577 Executing VM operation: HandshakeAllThreads (Deoptimize) done
Event: 2.690 Executing VM operation: HandshakeAllThreads (Deoptimize)
Event: 2.690 Executing VM operation: HandshakeAllThreads (Deoptimize) done
Event: 3.315 Executing VM operation: HandshakeAllThreads (Deoptimize)
Event: 3.315 Executing VM operation: HandshakeAllThreads (Deoptimize) done
Event: 4.316 Executing VM operation: Cleanup
Event: 4.316 Executing VM operation: Cleanup done
Event: 5.320 Executing VM operation: Cleanup
Event: 5.320 Executing VM operation: Cleanup done
Event: 7.335 Executing VM operation: Cleanup
Event: 7.335 Executing VM operation: Cleanup done
Event: 8.004 Executing VM operation: HandshakeAllThreads (Deoptimize)
Event: 8.004 Executing VM operation: HandshakeAllThreads (Deoptimize) done
Event: 9.008 Executing VM operation: Cleanup
Event: 9.039 Executing VM operation: Cleanup done
Event: 10.043 Executing VM operation: Cleanup
Event: 10.536 Executing VM operation: Cleanup done

Events (20 events):
Event: 0.180 Thread 0x000001f3198922c0 Thread added: 0x000001f3198922c0
Event: 0.496 Thread 0x000001f3199451e0 Thread added: 0x000001f3199451e0
Event: 0.497 Thread 0x000001f319945890 Thread added: 0x000001f319945890
Event: 1.351 Thread 0x000001f319945890 Thread exited: 0x000001f319945890
Event: 1.351 Thread 0x000001f3199451e0 Thread exited: 0x000001f3199451e0
Event: 2.259 Thread 0x000001f33a877940 Thread added: 0x000001f33a877940
Event: 2.379 Thread 0x000001f33a935070 Thread added: 0x000001f33a935070
Event: 2.666 Thread 0x000001f33abb16b0 Thread added: 0x000001f33abb16b0
Event: 2.771 Thread 0x000001f33ab99a00 Thread added: 0x000001f33ab99a00
Event: 3.014 Thread 0x000001f33a877940 Thread exited: 0x000001f33a877940
Event: 3.447 Thread 0x000001f33ab6be30 Thread added: 0x000001f33ab6be30
Event: 3.452 Thread 0x000001f33a957870 Thread added: 0x000001f33a957870
Event: 3.561 Thread 0x000001f33a975f10 Thread added: 0x000001f33a975f10
Event: 3.596 Thread 0x000001f33a9867e0 Thread added: 0x000001f33a9867e0
Event: 3.640 Thread 0x000001f33a987500 Thread added: 0x000001f33a987500
Event: 3.657 Thread 0x000001f33a986e70 Thread added: 0x000001f33a986e70
Event: 3.675 Thread 0x000001f33a985430 Thread added: 0x000001f33a985430
Event: 9.008 Thread 0x000001f33a984080 Thread added: 0x000001f33a984080
Event: 9.102 Thread 0x000001f33a986150 Thread added: 0x000001f33a986150
Event: 9.239 Thread 0x000001f33a984710 Thread added: 0x000001f33a984710


Dynamic libraries:
0x00007ff60f8e0000 - 0x00007ff60f8f0000 	C:\Program Files\Java\jdk-21.0.10\bin\java.exe
0x00007ffbc7200000 - 0x00007ffbc7466000 	C:\Windows\SYSTEM32\ntdll.dll
0x00007ffbc5da0000 - 0x00007ffbc5e69000 	C:\Windows\System32\KERNEL32.DLL
0x00007ffbc4740000 - 0x00007ffbc4b3a000 	C:\Windows\System32\KERNELBASE.dll
0x00007ffbc45f0000 - 0x00007ffbc473c000 	C:\Windows\System32\ucrtbase.dll
0x00007ffbb2970000 - 0x00007ffbb298e000 	C:\Program Files\Java\jdk-21.0.10\bin\VCRUNTIME140.dll
0x00007ffbb4dc0000 - 0x00007ffbb4dd9000 	C:\Program Files\Java\jdk-21.0.10\bin\jli.dll
0x00007ffbc68c0000 - 0x00007ffbc6976000 	C:\Windows\System32\ADVAPI32.dll
0x00007ffbc4f70000 - 0x00007ffbc5019000 	C:\Windows\System32\msvcrt.dll
0x00007ffbc6420000 - 0x00007ffbc64ca000 	C:\Windows\System32\sechost.dll
0x00007ffbc5be0000 - 0x00007ffbc5cf8000 	C:\Windows\System32\RPCRT4.dll
0x00007ffbc66d0000 - 0x00007ffbc6897000 	C:\Windows\System32\USER32.dll
0x00007ffbc4b40000 - 0x00007ffbc4b67000 	C:\Windows\System32\win32u.dll
0x00007ffbc3720000 - 0x00007ffbc39b2000 	C:\Windows\WinSxS\amd64_microsoft.windows.common-controls_6595b64144ccf1df_6.0.26100.8521_none_3e08b75ce33403b3\COMCTL32.dll
0x00007ffbc7090000 - 0x00007ffbc70bb000 	C:\Windows\System32\GDI32.dll
0x00007ffbc4cc0000 - 0x00007ffbc4deb000 	C:\Windows\System32\gdi32full.dll
0x00007ffbc4490000 - 0x00007ffbc4533000 	C:\Windows\System32\msvcp_win.dll
0x00007ffbbaf30000 - 0x00007ffbbaf3b000 	C:\Windows\SYSTEM32\VERSION.dll
0x00007ffbc6550000 - 0x00007ffbc6582000 	C:\Windows\System32\IMM32.DLL
0x00007ffbb65a0000 - 0x00007ffbb65ac000 	C:\Program Files\Java\jdk-21.0.10\bin\vcruntime140_1.dll
0x00007ffb38370000 - 0x00007ffb383fd000 	C:\Program Files\Java\jdk-21.0.10\bin\msvcp140.dll
0x00007ffad1ee0000 - 0x00007ffad2c07000 	C:\Program Files\Java\jdk-21.0.10\bin\server\jvm.dll
0x00007ffbc6980000 - 0x00007ffbc6a00000 	C:\Windows\System32\WS2_32.dll
0x00007ffbc3cf0000 - 0x00007ffbc3d4e000 	C:\Windows\SYSTEM32\POWRPROF.dll
0x00007ffbc03f0000 - 0x00007ffbc0426000 	C:\Windows\SYSTEM32\WINMM.dll
0x00007ffbc3bc0000 - 0x00007ffbc3bd4000 	C:\Windows\SYSTEM32\UMPDC.dll
0x00007ffbc2950000 - 0x00007ffbc296b000 	C:\Windows\SYSTEM32\kernel.appcore.dll
0x00007ffbb5ae0000 - 0x00007ffbb5aea000 	C:\Program Files\Java\jdk-21.0.10\bin\jimage.dll
0x00007ffbc3d60000 - 0x00007ffbc3fa2000 	C:\Windows\SYSTEM32\DBGHELP.DLL
0x00007ffbc5840000 - 0x00007ffbc5bc3000 	C:\Windows\System32\combase.dll
0x00007ffbc65f0000 - 0x00007ffbc66c9000 	C:\Windows\System32\OLEAUT32.dll
0x00007ffbc3be0000 - 0x00007ffbc3c1b000 	C:\Windows\SYSTEM32\dbgcore.DLL
0x00007ffbc4540000 - 0x00007ffbc45e8000 	C:\Windows\System32\bcryptPrimitives.dll
0x00007ffbb5980000 - 0x00007ffbb5990000 	C:\Program Files\Java\jdk-21.0.10\bin\instrument.dll
0x00007ffbb2940000 - 0x00007ffbb2961000 	C:\Program Files\Java\jdk-21.0.10\bin\java.dll
0x00007ffbc5020000 - 0x00007ffbc57a4000 	C:\Windows\System32\SHELL32.dll
0x00007ffbc15c0000 - 0x00007ffbc1e40000 	C:\Windows\SYSTEM32\windows.storage.dll
0x00007ffbc6bf0000 - 0x00007ffbc6ce6000 	C:\Windows\System32\SHCORE.dll
0x00007ffbc5d30000 - 0x00007ffbc5d97000 	C:\Windows\System32\shlwapi.dll
0x00007ffbc43b0000 - 0x00007ffbc43d9000 	C:\Windows\SYSTEM32\profapi.dll
0x00007ffb35fb0000 - 0x00007ffb36087000 	C:\Program Files\Java\jdk-21.0.10\bin\jsvml.dll
0x00007ffbb2650000 - 0x00007ffbb2668000 	C:\Program Files\Java\jdk-21.0.10\bin\zip.dll
0x00007ffba9a00000 - 0x00007ffba9a11000 	C:\Program Files\Java\jdk-21.0.10\bin\net.dll
0x00007ffbbbb40000 - 0x00007ffbbbc69000 	C:\Windows\SYSTEM32\WINHTTP.dll
0x00007ffbc2e60000 - 0x00007ffbc2ecc000 	C:\Windows\system32\mswsock.dll
0x00007ffba51b0000 - 0x00007ffba51c6000 	C:\Program Files\Java\jdk-21.0.10\bin\nio.dll
0x00007ffbb4bc0000 - 0x00007ffbb4bd0000 	C:\Program Files\Java\jdk-21.0.10\bin\verify.dll
0x00007ffbb29a0000 - 0x00007ffbb29c7000 	C:\Users\warda\.gradle\native\c067742578af261105cb4f569cf0c3c89f3d7b1fecec35dd04571415982c5e48\windows-amd64\native-platform.dll
0x00007ffb35a90000 - 0x00007ffb35bd4000 	C:\Users\warda\.gradle\native\100fb08df4bc3b14c8652ba06237920a3bd2aa13389f12d3474272988ae205f9\windows-amd64\native-platform-file-events.dll
0x00007ffbb5940000 - 0x00007ffbb594a000 	C:\Program Files\Java\jdk-21.0.10\bin\management.dll
0x00007ffbb4cb0000 - 0x00007ffbb4cbc000 	C:\Program Files\Java\jdk-21.0.10\bin\management_ext.dll
0x00007ffbc6d80000 - 0x00007ffbc6d88000 	C:\Windows\System32\PSAPI.DLL
0x00007ffbc40d0000 - 0x00007ffbc40eb000 	C:\Windows\SYSTEM32\CRYPTSP.dll
0x00007ffbc32a0000 - 0x00007ffbc32d9000 	C:\Windows\system32\rsaenh.dll
0x00007ffbc2ed0000 - 0x00007ffbc2f03000 	C:\Windows\SYSTEM32\USERENV.dll
0x00007ffbc4380000 - 0x00007ffbc43aa000 	C:\Windows\SYSTEM32\bcrypt.dll
0x00007ffbc3290000 - 0x00007ffbc329c000 	C:\Windows\SYSTEM32\CRYPTBASE.dll
0x00007ffbc2360000 - 0x00007ffbc2393000 	C:\Windows\SYSTEM32\IPHLPAPI.DLL
0x00007ffbc6590000 - 0x00007ffbc659a000 	C:\Windows\System32\NSI.dll
0x00007ffbb3250000 - 0x00007ffbb3259000 	C:\Program Files\Java\jdk-21.0.10\bin\extnet.dll
0x00007ffba99f0000 - 0x00007ffba99fe000 	C:\Program Files\Java\jdk-21.0.10\bin\sunmscapi.dll
0x00007ffbc4df0000 - 0x00007ffbc4f68000 	C:\Windows\System32\CRYPT32.dll
0x00007ffbc35e0000 - 0x00007ffbc3610000 	C:\Windows\SYSTEM32\ncrypt.dll
0x00007ffbc3590000 - 0x00007ffbc35cf000 	C:\Windows\SYSTEM32\NTASN1.dll
0x00007ffbb97e0000 - 0x00007ffbb97e8000 	C:\Windows\system32\wshunix.dll

dbghelp: loaded successfully - version: 4.0.5 - missing functions: none
symbol engine: initialized successfully - sym options: 0x614 - pdb path: .;C:\Program Files\Java\jdk-21.0.10\bin;C:\Windows\SYSTEM32;C:\Windows\WinSxS\amd64_microsoft.windows.common-controls_6595b64144ccf1df_6.0.26100.8521_none_3e08b75ce33403b3;C:\Program Files\Java\jdk-21.0.10\bin\server;C:\Users\warda\.gradle\native\c067742578af261105cb4f569cf0c3c89f3d7b1fecec35dd04571415982c5e48\windows-amd64;C:\Users\warda\.gradle\native\100fb08df4bc3b14c8652ba06237920a3bd2aa13389f12d3474272988ae205f9\windows-amd64

VM Arguments:
jvm_args: -XX:MaxMetaspaceSize=512m -XX:+HeapDumpOnOutOfMemoryError --add-opens=java.base/java.util=ALL-UNNAMED --add-opens=java.base/java.lang=ALL-UNNAMED --add-opens=java.base/java.lang.invoke=ALL-UNNAMED --add-opens=java.prefs/java.util.prefs=ALL-UNNAMED --add-exports=jdk.compiler/com.sun.tools.javac.api=ALL-UNNAMED --add-exports=jdk.compiler/com.sun.tools.javac.util=ALL-UNNAMED --add-opens=java.base/java.nio.charset=ALL-UNNAMED --add-opens=java.base/java.net=ALL-UNNAMED --add-opens=java.base/java.util.concurrent.atomic=ALL-UNNAMED -Xmx2G -Dfile.encoding=UTF-8 -Duser.country=US -Duser.language=en -Duser.variant -javaagent:C:\workspace\gradle-8.10\lib\agents\gradle-instrumentation-agent-8.10.jar 
java_command: org.gradle.launcher.daemon.bootstrap.GradleDaemon 8.10
java_class_path (initial): C:\workspace\gradle-8.10\lib\gradle-daemon-main-8.10.jar
Launcher Type: SUN_STANDARD

[Global flags]
     intx CICompilerCount                          = 4                                         {product} {ergonomic}
   size_t CompressedClassSpaceSize                 = 436207616                                 {product} {ergonomic}
     uint ConcGCThreads                            = 3                                         {product} {ergonomic}
     uint G1ConcRefinementThreads                  = 10                                        {product} {ergonomic}
   size_t G1HeapRegionSize                         = 1048576                                   {product} {ergonomic}
    uintx GCDrainStackTargetSize                   = 64                                        {product} {ergonomic}
     bool HeapDumpOnOutOfMemoryError               = true                                   {manageable} {command line}
   size_t InitialHeapSize                          = 264241152                                 {product} {ergonomic}
   size_t MarkStackSize                            = 4194304                                   {product} {ergonomic}
   size_t MaxHeapSize                              = 2147483648                                {product} {command line}
   size_t MaxMetaspaceSize                         = 536870912                                 {product} {command line}
   size_t MaxNewSize                               = 1287651328                                {product} {ergonomic}
   size_t MinHeapDeltaBytes                        = 1048576                                   {product} {ergonomic}
   size_t MinHeapSize                              = 8388608                                   {product} {ergonomic}
    uintx NonNMethodCodeHeapSize                   = 5839372                                {pd product} {ergonomic}
    uintx NonProfiledCodeHeapSize                  = 122909434                              {pd product} {ergonomic}
    uintx ProfiledCodeHeapSize                     = 122909434                              {pd product} {ergonomic}
    uintx ReservedCodeCacheSize                    = 251658240                              {pd product} {ergonomic}
     bool SegmentedCodeCache                       = true                                      {product} {ergonomic}
   size_t SoftMaxHeapSize                          = 2147483648                             {manageable} {ergonomic}
     bool UseCompressedOops                        = true                           {product lp64_product} {ergonomic}
     bool UseG1GC                                  = true                                      {product} {ergonomic}
     bool UseLargePagesIndividualAllocation        = false                                  {pd product} {ergonomic}

Logging:
Log output configuration:
 #0: stdout all=warning uptime,level,tags foldmultilines=false
 #1: stderr all=off uptime,level,tags foldmultilines=false

Environment Variables:
CLASSPATH=C:\workspace\gradle-8.10\lib\gradle-gradle-cli-main-8.10.jar
PATH=C:\Program Files\Google\Chrome\Application;C:\Program Files\Common Files\Oracle\Java\javapath;C:\Windows\system32;C:\Windows;C:\Windows\System32\Wbem;C:\Windows\System32\WindowsPowerShell\v1.0\;C:\Windows\System32\OpenSSH\;C:\Program Files (x86)\NVIDIA Corporation\PhysX\Common;C:\Program Files\NVIDIA Corporation\NVIDIA App\NvDLISR;C:\Users\warda\AppData\Local\Microsoft\WindowsApps;
USERNAME=warda
OS=Windows_NT
PROCESSOR_IDENTIFIER=Intel64 Family 6 Model 186 Stepping 2, GenuineIntel
TMP=C:\Users\warda\AppData\Local\Temp
TEMP=C:\Users\warda\AppData\Local\Temp




Periodic native trim disabled

---------------  S Y S T E M  ---------------

OS:
 Windows 11 , 64 bit Build 26100 (10.0.26100.8521)
OS uptime: 4 days 5:37 hours
Hyper-V role detected

CPU: total 12 (initial active 12) (6 cores per cpu, 2 threads per core) family 6 model 186 stepping 2 microcode 0x5105, cx8, cmov, fxsr, ht, mmx, 3dnowpref, sse, sse2, sse3, ssse3, sse4.1, sse4.2, popcnt, lzcnt, tsc, tscinvbit, avx, avx2, aes, erms, clmul, bmi1, bmi2, adx, sha, fma, vzeroupper, clflush, clflushopt, clwb, hv, serialize, rdtscp, rdpid, fsrm, f16c, cet_ibt, cet_ss
Processor Information for all 12 processors :
  Max Mhz: 2100, Current Mhz: 2100, Mhz Limit: 2100

Memory: 4k page, system-wide physical 16071M (795M free)
TotalPageFile size 65223M (AvailPageFile size 3M)
current process WorkingSet (physical memory assigned to process): 181M, peak: 181M
current process commit charge ("private bytes"): 400M, peak: 402M

vm_info: Java HotSpot(TM) 64-Bit Server VM (21.0.10+8-LTS-217) for windows-amd64 JRE (21.0.10+8-LTS-217), built on 2025-12-18T14:59:28Z by "mach5run" with MS VC++ 17.13 (VS2022)

END.
